Log file open, 01/15/21 10:57:27
LogWindows: Failed to load 'aqProf.dll' (GetLastError=126)
LogWindows: File 'aqProf.dll' does not exist
LogWindows: Failed to load 'VtuneApi.dll' (GetLastError=126)
LogWindows: File 'VtuneApi.dll' does not exist
LogWindows: Failed to load 'VtuneApi32e.dll' (GetLastError=126)
LogWindows: File 'VtuneApi32e.dll' does not exist
LogConsoleResponse: Display: Failed to find resolution value strings in scalability ini. Falling back to default.
LogInit: Display: Running engine for game: VRIntro
LogPlatformFile: Not using cached read wrapper
LogTaskGraph: Started task graph with 5 named threads and 35 total threads with 3 sets of task threads.
LogStats: Stats thread started at 5.495455
LogD3D11RHI: Loaded GFSDK_Aftermath_Lib.x64.dll
LogICUInternationalization: ICU TimeZone Detection - Raw Offset: -5:00, Platform Override: ''
LogPluginManager: Mounting plugin Paper2D
LogPluginManager: Mounting plugin AISupport
LogPluginManager: Mounting plugin LightPropagationVolume
LogPluginManager: Mounting plugin ActorLayerUtilities
LogPluginManager: Mounting plugin AnimationSharing
LogPluginManager: Mounting plugin CLionSourceCodeAccess
LogPluginManager: Mounting plugin CodeLiteSourceCodeAccess
LogPluginManager: Mounting plugin GitSourceControl
LogPluginManager: Mounting plugin KDevelopSourceCodeAccess
LogPluginManager: Mounting plugin NullSourceCodeAccess
LogPluginManager: Mounting plugin PerforceSourceControl
LogPluginManager: Mounting plugin PlasticSourceControl
LogPluginManager: Mounting plugin SubversionSourceControl
LogPluginManager: Mounting plugin UObjectPlugin
LogPluginManager: Mounting plugin VisualStudioCodeSourceCodeAccess
LogPluginManager: Mounting plugin VisualStudioSourceCodeAccess
LogPluginManager: Mounting plugin XCodeSourceCodeAccess
LogPluginManager: Mounting plugin AssetManagerEditor
LogPluginManager: Mounting plugin CryptoKeys
LogPluginManager: Mounting plugin CurveEditorTools
LogPluginManager: Mounting plugin DataValidation
LogPluginManager: Mounting plugin FacialAnimation
LogPluginManager: Mounting plugin GameplayTagsEditor
LogPluginManager: Mounting plugin MacGraphicsSwitching
LogPluginManager: Mounting plugin MaterialAnalyzer
LogPluginManager: Mounting plugin MobileLauncherProfileWizard
LogPluginManager: Mounting plugin PluginBrowser
LogPluginManager: Mounting plugin SpeedTreeImporter
LogPluginManager: Mounting plugin DatasmithContent
LogPluginManager: Mounting plugin VariantManagerContent
LogPluginManager: Mounting plugin AlembicImporter
LogPluginManager: Mounting plugin AutomationUtils
LogPluginManager: Mounting plugin BackChannel
LogPluginManager: Mounting plugin CharacterAI
LogPluginManager: Mounting plugin GeometryCache
LogPluginManager: Mounting plugin PlatformCrypto
LogPluginManager: Mounting plugin ProxyLODPlugin
LogPluginManager: Mounting plugin SkeletalReduction
LogPluginManager: Mounting plugin MagicLeap
LogPluginManager: Mounting plugin MagicLeapMedia
LogPluginManager: Mounting plugin MLSDK
LogPluginManager: Mounting plugin AndroidMedia
LogPluginManager: Mounting plugin AvfMedia
LogPluginManager: Mounting plugin ImgMedia
LogPluginManager: Mounting plugin MediaCompositing
LogPluginManager: Mounting plugin MediaPlayerEditor
LogPluginManager: Mounting plugin WebMMedia
LogPluginManager: Mounting plugin WmfMedia
LogPluginManager: Mounting plugin TcpMessaging
LogPluginManager: Mounting plugin UdpMessaging
LogPluginManager: Mounting plugin ActorSequence
LogPluginManager: Mounting plugin LevelSequenceEditor
LogPluginManager: Mounting plugin MatineeToLevelSequence
LogPluginManager: Mounting plugin NetcodeUnitTest
LogPluginManager: Mounting plugin NUTUnrealEngine4
LogPluginManager: Mounting plugin OnlineSubsystemGooglePlay
LogPluginManager: Mounting plugin OnlineSubsystemIOS
LogPluginManager: Mounting plugin OnlineSubsystem
LogPluginManager: Mounting plugin OnlineSubsystemNull
LogPluginManager: Mounting plugin OnlineSubsystemUtils
LogPluginManager: Mounting plugin LauncherChunkInstaller
LogPluginManager: Mounting plugin AndroidDeviceProfileSelector
LogPluginManager: Mounting plugin AndroidMoviePlayer
LogPluginManager: Mounting plugin AndroidPermission
LogPluginManager: Mounting plugin AppleImageUtils
LogPluginManager: Mounting plugin AppleMoviePlayer
LogPluginManager: Mounting plugin ArchVisCharacter
LogPluginManager: Mounting plugin AssetTags
LogPluginManager: Mounting plugin AudioCapture
LogPluginManager: Mounting plugin CableComponent
LogPluginManager: Mounting plugin CustomMeshComponent
LogPluginManager: Mounting plugin EditableMesh
LogPluginManager: Mounting plugin ExampleDeviceProfileSelector
LogPluginManager: Mounting plugin GoogleCloudMessaging
LogPluginManager: Mounting plugin IOSDeviceProfileSelector
LogPluginManager: Mounting plugin LinuxDeviceProfileSelector
LogPluginManager: Mounting plugin LocationServicesBPLibrary
LogPluginManager: Mounting plugin MobilePatchingUtils
LogPluginManager: Mounting plugin OculusVR
LogPluginManager: Mounting plugin PhysXVehicles
LogPluginManager: Mounting plugin PostSplashScreen
LogPluginManager: Mounting plugin ProceduralMeshComponent
LogPluginManager: Mounting plugin RuntimePhysXCooking
LogPluginManager: Mounting plugin SignificanceManager
LogPluginManager: Mounting plugin SteamVR
LogPluginManager: Mounting plugin WebMMoviePlayer
LogPluginManager: Mounting plugin WindowsMoviePlayer
LogPluginManager: Mounting plugin ScreenshotTools
LogInit: Using libcurl 7.55.1-DEV
LogInit:  - built for x86_64-pc-win32
LogInit:  - supports SSL with OpenSSL/1.1.1
LogInit:  - supports HTTP deflate (compression) using libz 1.2.8
LogInit:  - other features:
LogInit:      CURL_VERSION_SSL
LogInit:      CURL_VERSION_LIBZ
LogInit:      CURL_VERSION_IPV6
LogInit:      CURL_VERSION_ASYNCHDNS
LogInit:      CURL_VERSION_LARGEFILE
LogInit:      CURL_VERSION_IDN
LogInit:  CurlRequestOptions (configurable via config and command line):
LogInit:  - bVerifyPeer = true  - Libcurl will verify peer certificate
LogInit:  - bUseHttpProxy = false  - Libcurl will NOT use HTTP proxy
LogInit:  - bDontReuseConnections = false  - Libcurl will reuse connections
LogInit:  - MaxHostConnections = 16  - Libcurl will limit the number of connections to a host
LogInit:  - LocalHostAddr = Default
LogInit:  - BufferSize = 65536
LogOnline: OSS: Creating online subsystem instance for: NULL
LogInit: WinSock: version 1.1 (2.2), MaxSocks=32767, MaxUdp=65467
LogOnline: OSS: TryLoadSubsystemAndSetDefault: Loaded subsystem for module [NULL]
LogInit: Build: ++UE4+Release-4.24-CL-11590370
LogInit: Engine Version: 4.24.3-11590370+++UE4+Release-4.24
LogInit: Compatible Engine Version: 4.24.0-10570792+++UE4+Release-4.24
LogInit: Net CL: 10570792
LogInit: OS: Windows 10 (Release 1909) (), CPU: AMD Ryzen 5 2600 Six-Core Processor            , GPU: NVIDIA GeForce GTX 1060 6GB
LogInit: Compiled (64-bit): Feb 24 2020 15:39:18
LogInit: Compiled with Visual C++: 19.16.27032.01
LogInit: Build Configuration: Development
LogInit: Branch Name: ++UE4+Release-4.24
LogInit: Command Line: 
LogInit: Base Directory: D:/EpicGames/UE_4.24/Engine/Binaries/Win64/
LogInit: Installed Engine Build: 1
LogDevObjectVersion: Number of dev versions registered: 25
LogDevObjectVersion:   Dev-Blueprints (B0D832E4-1F89-4F0D-ACCF-7EB736FD4AA2): 10
LogDevObjectVersion:   Dev-Build (E1C64328-A22C-4D53-A36C-8E866417BD8C): 0
LogDevObjectVersion:   Dev-Core (375EC13C-06E4-48FB-B500-84F0262A717E): 3
LogDevObjectVersion:   Dev-Editor (E4B068ED-F494-42E9-A231-DA0B2E46BB41): 37
LogDevObjectVersion:   Dev-Framework (CFFC743F-43B0-4480-9391-14DF171D2073): 36
LogDevObjectVersion:   Dev-Mobile (B02B49B5-BB20-44E9-A304-32B752E40360): 2
LogDevObjectVersion:   Dev-Networking (A4E4105C-59A1-49B5-A7C5-40C4547EDFEE): 0
LogDevObjectVersion:   Dev-Online (39C831C9-5AE6-47DC-9A44-9C173E1C8E7C): 0
LogDevObjectVersion:   Dev-Physics (78F01B33-EBEA-4F98-B9B4-84EACCB95AA2): 2
LogDevObjectVersion:   Dev-Platform (6631380F-2D4D-43E0-8009-CF276956A95A): 0
LogDevObjectVersion:   Dev-Rendering (12F88B9F-8875-4AFC-A67C-D90C383ABD29): 36
LogDevObjectVersion:   Dev-Sequencer (7B5AE74C-D270-4C10-A958-57980B212A5A): 11
LogDevObjectVersion:   Dev-VR (D7296918-1DD6-4BDD-9DE2-64A83CC13884): 2
LogDevObjectVersion:   Dev-LoadTimes (C2A15278-BFE7-4AFE-6C17-90FF531DF755): 1
LogDevObjectVersion:   Private-Geometry (6EACA3D4-40EC-4CC1-B786-8BED09428FC5): 3
LogDevObjectVersion:   Dev-AnimPhys (29E575DD-E0A3-4627-9D10-D276232CDCEA): 17
LogDevObjectVersion:   Dev-Anim (AF43A65D-7FD3-4947-9873-3E8ED9C1BB05): 2
LogDevObjectVersion:   Dev-ReflectionCapture (6B266CEC-1EC7-4B8F-A30B-E4D90942FC07): 1
LogDevObjectVersion:   Dev-Automation (0DF73D61-A23F-47EA-B727-89E90C41499A): 1
LogDevObjectVersion:   FortniteMain (601D1886-AC64-4F84-AA16-D3DE0DEAC7D6): 31
LogDevObjectVersion:   Dev-Enterprise (9DFFBCD6-494F-0158-E221-12823C92A888): 8
LogDevObjectVersion:   Dev-Niagara (F2AED0AC-9AFE-416F-8664-AA7FFA26D6FC): 1
LogDevObjectVersion:   Dev-Destruction (174F1F0B-B4C6-45A5-B13F-2EE8D0FB917D): 9
LogDevObjectVersion:   Dev-Physics-Ext (35F94A83-E258-406C-A318-09F59610247C): 8
LogDevObjectVersion:   Dev-CineCamera (B2E18506-4273-CFC2-A54E-F4BB758BBA07): 1
LogInit: Presizing for max 25165824 objects, including 0 objects not considered by GC, pre-allocating 0 bytes for permanent pool.
LogInit: Object subsystem initialized
LogConfig: Setting CVar [[con.DebugEarlyDefault:1]]
LogConfig: Setting CVar [[r.setres:1280x720]]
[2021.01.15-15.57.30:805][  0]LogConfig: Setting CVar [[r.VSync:0]]
[2021.01.15-15.57.30:805][  0]LogConfig: Setting CVar [[r.RHICmdBypass:0]]
[2021.01.15-15.57.30:819][  0]LogConfig: Applying CVar settings from Section [/Script/Engine.RendererSettings] File [C:/Users/Walter/Documents/Unreal Projects/VRIntro/Saved/Config/Windows/Engine.ini]
[2021.01.15-15.57.30:820][  0]LogConfig: Setting CVar [[r.GPUCrashDebugging:0]]
[2021.01.15-15.57.30:820][  0]LogConfig: Setting CVar [[r.DefaultFeature.AmbientOcclusion:0]]
[2021.01.15-15.57.30:820][  0]LogConfig: Setting CVar [[r.DefaultFeature.AmbientOcclusionStaticFraction:0]]
[2021.01.15-15.57.30:820][  0]LogConfig: Setting CVar [[vr.InstancedStereo:1]]
[2021.01.15-15.57.30:820][  0]LogConfig: Setting CVar [[r.SeparateTranslucency:0]]
[2021.01.15-15.57.30:820][  0]LogConfig: Setting CVar [[r.HZBOcclusion:0]]
[2021.01.15-15.57.30:820][  0]LogConfig: Setting CVar [[r.SSR.MaxRoughness:0]]
[2021.01.15-15.57.30:820][  0]LogConfig: Setting CVar [[r.rhicmdbypass:0]]
[2021.01.15-15.57.30:820][  0]LogConfig: Applying CVar settings from Section [/Script/Engine.RendererOverrideSettings] File [C:/Users/Walter/Documents/Unreal Projects/VRIntro/Saved/Config/Windows/Engine.ini]
[2021.01.15-15.57.30:820][  0]LogConfig: Applying CVar settings from Section [/Script/Engine.StreamingSettings] File [C:/Users/Walter/Documents/Unreal Projects/VRIntro/Saved/Config/Windows/Engine.ini]
[2021.01.15-15.57.30:820][  0]LogConfig: Setting CVar [[s.MinBulkDataSizeForAsyncLoading:131072]]
[2021.01.15-15.57.30:820][  0]LogConfig: Setting CVar [[s.AsyncLoadingThreadEnabled:0]]
[2021.01.15-15.57.30:820][  0]LogConfig: Setting CVar [[s.EventDrivenLoaderEnabled:1]]
[2021.01.15-15.57.30:820][  0]LogConfig: Setting CVar [[s.WarnIfTimeLimitExceeded:0]]
[2021.01.15-15.57.30:820][  0]LogConfig: Setting CVar [[s.TimeLimitExceededMultiplier:1.5]]
[2021.01.15-15.57.30:820][  0]LogConfig: Setting CVar [[s.TimeLimitExceededMinTime:0.005]]
[2021.01.15-15.57.30:820][  0]LogConfig: Setting CVar [[s.UseBackgroundLevelStreaming:1]]
[2021.01.15-15.57.30:820][  0]LogConfig: Setting CVar [[s.PriorityAsyncLoadingExtraTime:15.0]]
[2021.01.15-15.57.30:820][  0]LogConfig: Setting CVar [[s.LevelStreamingActorsUpdateTimeLimit:5.0]]
[2021.01.15-15.57.30:820][  0]LogConfig: Setting CVar [[s.PriorityLevelStreamingActorsUpdateExtraTime:5.0]]
[2021.01.15-15.57.30:820][  0]LogConfig: Setting CVar [[s.LevelStreamingComponentsRegistrationGranularity:10]]
[2021.01.15-15.57.30:820][  0]LogConfig: Setting CVar [[s.UnregisterComponentsTimeLimit:1.0]]
[2021.01.15-15.57.30:820][  0]LogConfig: Setting CVar [[s.LevelStreamingComponentsUnregistrationGranularity:5]]
[2021.01.15-15.57.30:820][  0]LogConfig: Setting CVar [[s.FlushStreamingOnExit:1]]
[2021.01.15-15.57.30:820][  0]LogConfig: Applying CVar settings from Section [/Script/Engine.GarbageCollectionSettings] File [C:/Users/Walter/Documents/Unreal Projects/VRIntro/Saved/Config/Windows/Engine.ini]
[2021.01.15-15.57.30:820][  0]LogConfig: Setting CVar [[gc.MaxObjectsNotConsideredByGC:1]]
[2021.01.15-15.57.30:820][  0]LogConfig: Setting CVar [[gc.SizeOfPermanentObjectPool:0]]
[2021.01.15-15.57.30:820][  0]LogConfig: Setting CVar [[gc.FlushStreamingOnGC:0]]
[2021.01.15-15.57.30:820][  0]LogConfig: Setting CVar [[gc.NumRetriesBeforeForcingGC:10]]
[2021.01.15-15.57.30:820][  0]LogConfig: Setting CVar [[gc.AllowParallelGC:1]]
[2021.01.15-15.57.30:820][  0]LogConfig: Setting CVar [[gc.TimeBetweenPurgingPendingKillObjects:61.1]]
[2021.01.15-15.57.30:820][  0]LogConfig: Setting CVar [[gc.MaxObjectsInEditor:25165824]]
[2021.01.15-15.57.30:820][  0]LogConfig: Setting CVar [[gc.IncrementalBeginDestroyEnabled:1]]
[2021.01.15-15.57.30:820][  0]LogConfig: Setting CVar [[gc.CreateGCClusters:1]]
[2021.01.15-15.57.30:820][  0]LogConfig: Setting CVar [[gc.MinGCClusterSize:5]]
[2021.01.15-15.57.30:820][  0]LogConfig: Setting CVar [[gc.ActorClusteringEnabled:0]]
[2021.01.15-15.57.30:820][  0]LogConfig: Setting CVar [[gc.BlueprintClusteringEnabled:0]]
[2021.01.15-15.57.30:820][  0]LogConfig: Setting CVar [[gc.UseDisregardForGCOnDedicatedServers:0]]
[2021.01.15-15.57.30:820][  0]LogConfig: Applying CVar settings from Section [/Script/Engine.NetworkSettings] File [C:/Users/Walter/Documents/Unreal Projects/VRIntro/Saved/Config/Windows/Engine.ini]
[2021.01.15-15.57.30:820][  0]LogConfig: Applying CVar settings from Section [/Script/UnrealEd.CookerSettings] File [C:/Users/Walter/Documents/Unreal Projects/VRIntro/Saved/Config/Windows/Engine.ini]
[2021.01.15-15.57.30:862][  0]LogConfig: Applying CVar settings from Section [ViewDistanceQuality@3] File [C:/Users/Walter/Documents/Unreal Projects/VRIntro/Saved/Config/Windows/Scalability.ini]
[2021.01.15-15.57.30:862][  0]LogConfig: Setting CVar [[r.SkeletalMeshLODBias:0]]
[2021.01.15-15.57.30:862][  0]LogConfig: Setting CVar [[r.ViewDistanceScale:1.0]]
[2021.01.15-15.57.30:862][  0]LogConfig: Applying CVar settings from Section [AntiAliasingQuality@3] File [C:/Users/Walter/Documents/Unreal Projects/VRIntro/Saved/Config/Windows/Scalability.ini]
[2021.01.15-15.57.30:862][  0]LogConfig: Setting CVar [[r.PostProcessAAQuality:3]]
[2021.01.15-15.57.30:862][  0]LogConfig: Applying CVar settings from Section [ShadowQuality@3] File [C:/Users/Walter/Documents/Unreal Projects/VRIntro/Saved/Config/Windows/Scalability.ini]
[2021.01.15-15.57.30:862][  0]LogConfig: Setting CVar [[r.LightFunctionQuality:1]]
[2021.01.15-15.57.30:863][  0]LogConfig: Setting CVar [[r.ShadowQuality:5]]
[2021.01.15-15.57.30:863][  0]LogConfig: Setting CVar [[r.Shadow.CSM.MaxCascades:10]]
[2021.01.15-15.57.30:863][  0]LogConfig: Setting CVar [[r.Shadow.MaxResolution:2048]]
[2021.01.15-15.57.30:863][  0]LogConfig: Setting CVar [[r.Shadow.MaxCSMResolution:2048]]
[2021.01.15-15.57.30:863][  0]LogConfig: Setting CVar [[r.Shadow.RadiusThreshold:0.01]]
[2021.01.15-15.57.30:863][  0]LogConfig: Setting CVar [[r.Shadow.DistanceScale:1.0]]
[2021.01.15-15.57.30:863][  0]LogConfig: Setting CVar [[r.Shadow.CSM.TransitionScale:1.0]]
[2021.01.15-15.57.30:863][  0]LogConfig: Setting CVar [[r.Shadow.PreShadowResolutionFactor:1.0]]
[2021.01.15-15.57.30:863][  0]LogConfig: Setting CVar [[r.DistanceFieldShadowing:1]]
[2021.01.15-15.57.30:863][  0]LogConfig: Setting CVar [[r.DistanceFieldAO:1]]
[2021.01.15-15.57.30:863][  0]LogConfig: Setting CVar [[r.AOQuality:2]]
[2021.01.15-15.57.30:863][  0]LogConfig: Setting CVar [[r.VolumetricFog:1]]
[2021.01.15-15.57.30:863][  0]LogConfig: Setting CVar [[r.VolumetricFog.GridPixelSize:8]]
[2021.01.15-15.57.30:863][  0]LogConfig: Setting CVar [[r.VolumetricFog.GridSizeZ:128]]
[2021.01.15-15.57.30:863][  0]LogConfig: Setting CVar [[r.VolumetricFog.HistoryMissSupersampleCount:4]]
[2021.01.15-15.57.30:863][  0]LogConfig: Setting CVar [[r.LightMaxDrawDistanceScale:1]]
[2021.01.15-15.57.30:863][  0]LogConfig: Setting CVar [[r.CapsuleShadows:1]]
[2021.01.15-15.57.30:863][  0]LogConfig: Applying CVar settings from Section [PostProcessQuality@3] File [C:/Users/Walter/Documents/Unreal Projects/VRIntro/Saved/Config/Windows/Scalability.ini]
[2021.01.15-15.57.30:863][  0]LogConfig: Setting CVar [[r.MotionBlurQuality:0]]
[2021.01.15-15.57.30:863][  0]LogConfig: Setting CVar [[r.AmbientOcclusionMipLevelFactor:0.4]]
[2021.01.15-15.57.30:863][  0]LogConfig: Setting CVar [[r.AmbientOcclusionMaxQuality:100]]
[2021.01.15-15.57.30:863][  0]LogConfig: Setting CVar [[r.AmbientOcclusionLevels:0]]
[2021.01.15-15.57.30:863][  0]LogConfig: Setting CVar [[r.AmbientOcclusionRadiusScale:1.0]]
[2021.01.15-15.57.30:863][  0]LogConfig: Setting CVar [[r.DepthOfFieldQuality:0]]
[2021.01.15-15.57.30:863][  0]LogConfig: Setting CVar [[r.RenderTargetPoolMin:400]]
[2021.01.15-15.57.30:863][  0]LogConfig: Setting CVar [[r.LensFlareQuality:0]]
[2021.01.15-15.57.30:863][  0]LogConfig: Setting CVar [[r.SceneColorFringeQuality:0]]
[2021.01.15-15.57.30:863][  0]LogConfig: Setting CVar [[r.EyeAdaptationQuality:2]]
[2021.01.15-15.57.30:863][  0]LogConfig: Setting CVar [[r.BloomQuality:1]]
[2021.01.15-15.57.30:863][  0]LogConfig: Setting CVar [[r.FastBlurThreshold:0]]
[2021.01.15-15.57.30:863][  0]LogConfig: Setting CVar [[r.Upscale.Quality:3]]
[2021.01.15-15.57.30:863][  0]LogConfig: Setting CVar [[r.Tonemapper.GrainQuantization:1]]
[2021.01.15-15.57.30:863][  0]LogConfig: Setting CVar [[r.LightShaftQuality:1]]
[2021.01.15-15.57.30:863][  0]LogConfig: Setting CVar [[r.Filter.SizeScale:1]]
[2021.01.15-15.57.30:863][  0]LogConfig: Setting CVar [[r.Tonemapper.Quality:5]]
[2021.01.15-15.57.30:863][  0]LogConfig: Setting CVar [[r.DOF.Gather.AccumulatorQuality:1        ; higher gathering accumulator quality]]
[2021.01.15-15.57.30:863][  0]LogConfig: Setting CVar [[r.DOF.Gather.PostfilterMethod:1          ; Median3x3 postfilering method]]
[2021.01.15-15.57.30:863][  0]LogConfig: Setting CVar [[r.DOF.Gather.EnableBokehSettings:0       ; no bokeh simulation when gathering]]
[2021.01.15-15.57.30:863][  0]LogConfig: Setting CVar [[r.DOF.Gather.RingCount:4                 ; medium number of samples when gathering]]
[2021.01.15-15.57.30:863][  0]LogConfig: Setting CVar [[r.DOF.Scatter.ForegroundCompositing:1    ; additive foreground scattering]]
[2021.01.15-15.57.30:863][  0]LogConfig: Setting CVar [[r.DOF.Scatter.BackgroundCompositing:2    ; additive background scattering]]
[2021.01.15-15.57.30:863][  0]LogConfig: Setting CVar [[r.DOF.Scatter.EnableBokehSettings:1      ; bokeh simulation when scattering]]
[2021.01.15-15.57.30:863][  0]LogConfig: Setting CVar [[r.DOF.Scatter.MaxSpriteRatio:0.1         ; only a maximum of 10% of scattered bokeh]]
[2021.01.15-15.57.30:863][  0]LogConfig: Setting CVar [[r.DOF.Recombine.Quality:1                ; cheap slight out of focus]]
[2021.01.15-15.57.30:863][  0]LogConfig: Setting CVar [[r.DOF.Recombine.EnableBokehSettings:0    ; no bokeh simulation on slight out of focus]]
[2021.01.15-15.57.30:863][  0]LogConfig: Setting CVar [[r.DOF.TemporalAAQuality:1                ; more stable temporal accumulation]]
[2021.01.15-15.57.30:863][  0]LogConfig: Setting CVar [[r.DOF.Kernel.MaxForegroundRadius:0.025]]
[2021.01.15-15.57.30:863][  0]LogConfig: Setting CVar [[r.DOF.Kernel.MaxBackgroundRadius:0.025]]
[2021.01.15-15.57.30:863][  0]LogConfig: Applying CVar settings from Section [TextureQuality@3] File [C:/Users/Walter/Documents/Unreal Projects/VRIntro/Saved/Config/Windows/Scalability.ini]
[2021.01.15-15.57.30:863][  0]LogConfig: Setting CVar [[r.Streaming.MipBias:0]]
[2021.01.15-15.57.30:863][  0]LogConfig: Setting CVar [[r.Streaming.AmortizeCPUToGPUCopy:0]]
[2021.01.15-15.57.30:863][  0]LogConfig: Setting CVar [[r.Streaming.MaxNumTexturesToStreamPerFrame:0]]
[2021.01.15-15.57.30:863][  0]LogConfig: Setting CVar [[r.Streaming.Boost:1]]
[2021.01.15-15.57.30:863][  0]LogConfig: Setting CVar [[r.MaxAnisotropy:8]]
[2021.01.15-15.57.30:863][  0]LogConfig: Setting CVar [[r.VT.MaxAnisotropy:8]]
[2021.01.15-15.57.30:863][  0]LogConfig: Setting CVar [[r.Streaming.LimitPoolSizeToVRAM:0]]
[2021.01.15-15.57.30:863][  0]LogConfig: Setting CVar [[r.Streaming.PoolSize:1000]]
[2021.01.15-15.57.30:863][  0]LogConfig: Setting CVar [[r.Streaming.MaxEffectiveScreenSize:0]]
[2021.01.15-15.57.30:863][  0]LogConfig: Applying CVar settings from Section [EffectsQuality@3] File [C:/Users/Walter/Documents/Unreal Projects/VRIntro/Saved/Config/Windows/Scalability.ini]
[2021.01.15-15.57.30:863][  0]LogConfig: Setting CVar [[r.TranslucencyLightingVolumeDim:4]]
[2021.01.15-15.57.30:863][  0]LogConfig: Setting CVar [[r.RefractionQuality:2]]
[2021.01.15-15.57.30:863][  0]LogConfig: Setting CVar [[r.SSR.Quality:0]]
[2021.01.15-15.57.30:863][  0]LogConfig: Setting CVar [[r.SSR.HalfResSceneColor:0]]
[2021.01.15-15.57.30:863][  0]LogConfig: Setting CVar [[r.SceneColorFormat:2]]
[2021.01.15-15.57.30:863][  0]LogConfig: Setting CVar [[r.DetailMode:2]]
[2021.01.15-15.57.30:863][  0]LogConfig: Setting CVar [[r.TranslucencyVolumeBlur:0]]
[2021.01.15-15.57.30:864][  0]LogConfig: Setting CVar [[r.MaterialQualityLevel:1 ; High quality]]
[2021.01.15-15.57.30:864][  0]LogConfig: Setting CVar [[r.SSS.Scale:1]]
[2021.01.15-15.57.30:864][  0]LogConfig: Setting CVar [[r.SSS.SampleSet:2]]
[2021.01.15-15.57.30:864][  0]LogConfig: Setting CVar [[r.SSS.Quality:1]]
[2021.01.15-15.57.30:864][  0]LogConfig: Setting CVar [[r.SSS.HalfRes:1]]
[2021.01.15-15.57.30:864][  0]LogConfig: Setting CVar [[r.SSGI.Quality:3]]
[2021.01.15-15.57.30:864][  0]LogConfig: Setting CVar [[r.EmitterSpawnRateScale:1.0]]
[2021.01.15-15.57.30:864][  0]LogConfig: Setting CVar [[r.ParticleLightQuality:2]]
[2021.01.15-15.57.30:864][  0]LogConfig: Setting CVar [[r.SkyAtmosphere.AerialPerspectiveLUT.FastApplyOnOpaque:1 ; Always have FastSkyLUT 1 in this case to avoid wrong sky]]
[2021.01.15-15.57.30:864][  0]LogConfig: Setting CVar [[r.SkyAtmosphere.AerialPerspectiveLUT.SampleCountPerSlice:1]]
[2021.01.15-15.57.30:864][  0]LogConfig: Setting CVar [[r.SkyAtmosphere.AerialPerspectiveLUT.DepthResolution:16.0]]
[2021.01.15-15.57.30:864][  0]LogConfig: Setting CVar [[r.SkyAtmosphere.FastSkyLUT:1]]
[2021.01.15-15.57.30:864][  0]LogConfig: Setting CVar [[r.SkyAtmosphere.FastSkyLUT.SampleCountMin:4.0]]
[2021.01.15-15.57.30:864][  0]LogConfig: Setting CVar [[r.SkyAtmosphere.FastSkyLUT.SampleCountMax:32.0]]
[2021.01.15-15.57.30:864][  0]LogConfig: Setting CVar [[r.SkyAtmosphere.SampleCountMin:4.0]]
[2021.01.15-15.57.30:864][  0]LogConfig: Setting CVar [[r.SkyAtmosphere.SampleCountMax:32.0]]
[2021.01.15-15.57.30:864][  0]LogConfig: Setting CVar [[r.SkyAtmosphere.TransmittanceLUT.UseSmallFormat:0]]
[2021.01.15-15.57.30:864][  0]LogConfig: Setting CVar [[r.SkyAtmosphere.TransmittanceLUT.SampleCount:10.0]]
[2021.01.15-15.57.30:864][  0]LogConfig: Setting CVar [[r.SkyAtmosphere.MultiScatteringLUT.SampleCount:15.0]]
[2021.01.15-15.57.30:864][  0]LogConfig: Applying CVar settings from Section [FoliageQuality@3] File [C:/Users/Walter/Documents/Unreal Projects/VRIntro/Saved/Config/Windows/Scalability.ini]
[2021.01.15-15.57.30:864][  0]LogConfig: Setting CVar [[foliage.DensityScale:1.0]]
[2021.01.15-15.57.30:864][  0]LogConfig: Setting CVar [[grass.DensityScale:1.0]]
[2021.01.15-15.57.30:864][  0]LogConfig: Applying CVar settings from Section [ShadingQuality@3] File [C:/Users/Walter/Documents/Unreal Projects/VRIntro/Saved/Config/Windows/Scalability.ini]
[2021.01.15-15.57.30:864][  0]LogConfig: Setting CVar [[r.HairStrands.SkyLighting.SampleCount:16]]
[2021.01.15-15.57.30:864][  0]LogConfig: Setting CVar [[r.HairStrands.SkyLighting.JitterIntegration:0]]
[2021.01.15-15.57.30:864][  0]LogConfig: Setting CVar [[r.HairStrands.SkyAO.SampleCount:16]]
[2021.01.15-15.57.30:874][  0]LogInit: Selected Device Profile: [Windows]
[2021.01.15-15.57.30:874][  0]LogInit: Applying CVar settings loaded from the selected device profile: [Windows]
[2021.01.15-15.57.30:930][  0]LogHAL: Display: Platform has ~ 16 GB [17128767488 / 17179869184 / 16], which maps to Larger [LargestMinGB=32, LargerMinGB=12, DefaultMinGB=8, SmallerMinGB=6, SmallestMinGB=0)
[2021.01.15-15.57.30:930][  0]LogInit: Going up to parent DeviceProfile []
[2021.01.15-15.57.30:930][  0]LogConfig: Applying CVar settings from Section [ViewDistanceQuality@3] File [C:/Users/Walter/Documents/Unreal Projects/VRIntro/Saved/Config/Windows/Scalability.ini]
[2021.01.15-15.57.30:930][  0]LogConfig: Setting CVar [[r.SkeletalMeshLODBias:0]]
[2021.01.15-15.57.30:930][  0]LogConfig: Setting CVar [[r.ViewDistanceScale:1.0]]
[2021.01.15-15.57.30:930][  0]LogConfig: Applying CVar settings from Section [AntiAliasingQuality@3] File [C:/Users/Walter/Documents/Unreal Projects/VRIntro/Saved/Config/Windows/Scalability.ini]
[2021.01.15-15.57.30:930][  0]LogConfig: Setting CVar [[r.PostProcessAAQuality:3]]
[2021.01.15-15.57.30:930][  0]LogConfig: Applying CVar settings from Section [ShadowQuality@3] File [C:/Users/Walter/Documents/Unreal Projects/VRIntro/Saved/Config/Windows/Scalability.ini]
[2021.01.15-15.57.30:930][  0]LogConfig: Setting CVar [[r.LightFunctionQuality:1]]
[2021.01.15-15.57.30:931][  0]LogConfig: Setting CVar [[r.ShadowQuality:5]]
[2021.01.15-15.57.30:931][  0]LogConfig: Setting CVar [[r.Shadow.CSM.MaxCascades:10]]
[2021.01.15-15.57.30:931][  0]LogConfig: Setting CVar [[r.Shadow.MaxResolution:2048]]
[2021.01.15-15.57.30:931][  0]LogConfig: Setting CVar [[r.Shadow.MaxCSMResolution:2048]]
[2021.01.15-15.57.30:931][  0]LogConfig: Setting CVar [[r.Shadow.RadiusThreshold:0.01]]
[2021.01.15-15.57.30:931][  0]LogConfig: Setting CVar [[r.Shadow.DistanceScale:1.0]]
[2021.01.15-15.57.30:931][  0]LogConfig: Setting CVar [[r.Shadow.CSM.TransitionScale:1.0]]
[2021.01.15-15.57.30:931][  0]LogConfig: Setting CVar [[r.Shadow.PreShadowResolutionFactor:1.0]]
[2021.01.15-15.57.30:931][  0]LogConfig: Setting CVar [[r.DistanceFieldShadowing:1]]
[2021.01.15-15.57.30:931][  0]LogConfig: Setting CVar [[r.DistanceFieldAO:1]]
[2021.01.15-15.57.30:931][  0]LogConfig: Setting CVar [[r.AOQuality:2]]
[2021.01.15-15.57.30:931][  0]LogConfig: Setting CVar [[r.VolumetricFog:1]]
[2021.01.15-15.57.30:931][  0]LogConfig: Setting CVar [[r.VolumetricFog.GridPixelSize:8]]
[2021.01.15-15.57.30:931][  0]LogConfig: Setting CVar [[r.VolumetricFog.GridSizeZ:128]]
[2021.01.15-15.57.30:931][  0]LogConfig: Setting CVar [[r.VolumetricFog.HistoryMissSupersampleCount:4]]
[2021.01.15-15.57.30:931][  0]LogConfig: Setting CVar [[r.LightMaxDrawDistanceScale:1]]
[2021.01.15-15.57.30:931][  0]LogConfig: Setting CVar [[r.CapsuleShadows:1]]
[2021.01.15-15.57.30:931][  0]LogConfig: Applying CVar settings from Section [PostProcessQuality@3] File [C:/Users/Walter/Documents/Unreal Projects/VRIntro/Saved/Config/Windows/Scalability.ini]
[2021.01.15-15.57.30:931][  0]LogConfig: Setting CVar [[r.MotionBlurQuality:0]]
[2021.01.15-15.57.30:931][  0]LogConfig: Setting CVar [[r.AmbientOcclusionMipLevelFactor:0.4]]
[2021.01.15-15.57.30:931][  0]LogConfig: Setting CVar [[r.AmbientOcclusionMaxQuality:100]]
[2021.01.15-15.57.30:931][  0]LogConfig: Setting CVar [[r.AmbientOcclusionLevels:0]]
[2021.01.15-15.57.30:931][  0]LogConfig: Setting CVar [[r.AmbientOcclusionRadiusScale:1.0]]
[2021.01.15-15.57.30:931][  0]LogConfig: Setting CVar [[r.DepthOfFieldQuality:0]]
[2021.01.15-15.57.30:931][  0]LogConfig: Setting CVar [[r.RenderTargetPoolMin:400]]
[2021.01.15-15.57.30:931][  0]LogConfig: Setting CVar [[r.LensFlareQuality:0]]
[2021.01.15-15.57.30:931][  0]LogConfig: Setting CVar [[r.SceneColorFringeQuality:0]]
[2021.01.15-15.57.30:931][  0]LogConfig: Setting CVar [[r.EyeAdaptationQuality:2]]
[2021.01.15-15.57.30:931][  0]LogConfig: Setting CVar [[r.BloomQuality:1]]
[2021.01.15-15.57.30:931][  0]LogConfig: Setting CVar [[r.FastBlurThreshold:0]]
[2021.01.15-15.57.30:931][  0]LogConfig: Setting CVar [[r.Upscale.Quality:3]]
[2021.01.15-15.57.30:931][  0]LogConfig: Setting CVar [[r.Tonemapper.GrainQuantization:1]]
[2021.01.15-15.57.30:931][  0]LogConfig: Setting CVar [[r.LightShaftQuality:1]]
[2021.01.15-15.57.30:931][  0]LogConfig: Setting CVar [[r.Filter.SizeScale:1]]
[2021.01.15-15.57.30:931][  0]LogConfig: Setting CVar [[r.Tonemapper.Quality:5]]
[2021.01.15-15.57.30:931][  0]LogConfig: Setting CVar [[r.DOF.Gather.AccumulatorQuality:1        ; higher gathering accumulator quality]]
[2021.01.15-15.57.30:931][  0]LogConfig: Setting CVar [[r.DOF.Gather.PostfilterMethod:1          ; Median3x3 postfilering method]]
[2021.01.15-15.57.30:931][  0]LogConfig: Setting CVar [[r.DOF.Gather.EnableBokehSettings:0       ; no bokeh simulation when gathering]]
[2021.01.15-15.57.30:931][  0]LogConfig: Setting CVar [[r.DOF.Gather.RingCount:4                 ; medium number of samples when gathering]]
[2021.01.15-15.57.30:931][  0]LogConfig: Setting CVar [[r.DOF.Scatter.ForegroundCompositing:1    ; additive foreground scattering]]
[2021.01.15-15.57.30:931][  0]LogConfig: Setting CVar [[r.DOF.Scatter.BackgroundCompositing:2    ; additive background scattering]]
[2021.01.15-15.57.30:931][  0]LogConfig: Setting CVar [[r.DOF.Scatter.EnableBokehSettings:1      ; bokeh simulation when scattering]]
[2021.01.15-15.57.30:931][  0]LogConfig: Setting CVar [[r.DOF.Scatter.MaxSpriteRatio:0.1         ; only a maximum of 10% of scattered bokeh]]
[2021.01.15-15.57.30:931][  0]LogConfig: Setting CVar [[r.DOF.Recombine.Quality:1                ; cheap slight out of focus]]
[2021.01.15-15.57.30:931][  0]LogConfig: Setting CVar [[r.DOF.Recombine.EnableBokehSettings:0    ; no bokeh simulation on slight out of focus]]
[2021.01.15-15.57.30:931][  0]LogConfig: Setting CVar [[r.DOF.TemporalAAQuality:1                ; more stable temporal accumulation]]
[2021.01.15-15.57.30:931][  0]LogConfig: Setting CVar [[r.DOF.Kernel.MaxForegroundRadius:0.025]]
[2021.01.15-15.57.30:931][  0]LogConfig: Setting CVar [[r.DOF.Kernel.MaxBackgroundRadius:0.025]]
[2021.01.15-15.57.30:931][  0]LogConfig: Applying CVar settings from Section [TextureQuality@3] File [C:/Users/Walter/Documents/Unreal Projects/VRIntro/Saved/Config/Windows/Scalability.ini]
[2021.01.15-15.57.30:931][  0]LogConfig: Setting CVar [[r.Streaming.MipBias:0]]
[2021.01.15-15.57.30:931][  0]LogConfig: Setting CVar [[r.Streaming.AmortizeCPUToGPUCopy:0]]
[2021.01.15-15.57.30:931][  0]LogConfig: Setting CVar [[r.Streaming.MaxNumTexturesToStreamPerFrame:0]]
[2021.01.15-15.57.30:931][  0]LogConfig: Setting CVar [[r.Streaming.Boost:1]]
[2021.01.15-15.57.30:931][  0]LogConfig: Setting CVar [[r.MaxAnisotropy:8]]
[2021.01.15-15.57.30:931][  0]LogConfig: Setting CVar [[r.VT.MaxAnisotropy:8]]
[2021.01.15-15.57.30:931][  0]LogConfig: Setting CVar [[r.Streaming.LimitPoolSizeToVRAM:0]]
[2021.01.15-15.57.30:931][  0]LogConfig: Setting CVar [[r.Streaming.PoolSize:1000]]
[2021.01.15-15.57.30:931][  0]LogConfig: Setting CVar [[r.Streaming.MaxEffectiveScreenSize:0]]
[2021.01.15-15.57.30:931][  0]LogConfig: Applying CVar settings from Section [EffectsQuality@3] File [C:/Users/Walter/Documents/Unreal Projects/VRIntro/Saved/Config/Windows/Scalability.ini]
[2021.01.15-15.57.30:931][  0]LogConfig: Setting CVar [[r.TranslucencyLightingVolumeDim:4]]
[2021.01.15-15.57.30:931][  0]LogConfig: Setting CVar [[r.RefractionQuality:2]]
[2021.01.15-15.57.30:931][  0]LogConfig: Setting CVar [[r.SSR.Quality:0]]
[2021.01.15-15.57.30:931][  0]LogConfig: Setting CVar [[r.SSR.HalfResSceneColor:0]]
[2021.01.15-15.57.30:931][  0]LogConfig: Setting CVar [[r.SceneColorFormat:2]]
[2021.01.15-15.57.30:931][  0]LogConfig: Setting CVar [[r.DetailMode:2]]
[2021.01.15-15.57.30:931][  0]LogConfig: Setting CVar [[r.TranslucencyVolumeBlur:0]]
[2021.01.15-15.57.30:932][  0]LogConfig: Setting CVar [[r.MaterialQualityLevel:1 ; High quality]]
[2021.01.15-15.57.30:932][  0]LogConfig: Setting CVar [[r.SSS.Scale:1]]
[2021.01.15-15.57.30:932][  0]LogConfig: Setting CVar [[r.SSS.SampleSet:2]]
[2021.01.15-15.57.30:932][  0]LogConfig: Setting CVar [[r.SSS.Quality:1]]
[2021.01.15-15.57.30:932][  0]LogConfig: Setting CVar [[r.SSS.HalfRes:1]]
[2021.01.15-15.57.30:932][  0]LogConfig: Setting CVar [[r.SSGI.Quality:3]]
[2021.01.15-15.57.30:932][  0]LogConfig: Setting CVar [[r.EmitterSpawnRateScale:1.0]]
[2021.01.15-15.57.30:932][  0]LogConfig: Setting CVar [[r.ParticleLightQuality:2]]
[2021.01.15-15.57.30:932][  0]LogConfig: Setting CVar [[r.SkyAtmosphere.AerialPerspectiveLUT.FastApplyOnOpaque:1 ; Always have FastSkyLUT 1 in this case to avoid wrong sky]]
[2021.01.15-15.57.30:932][  0]LogConfig: Setting CVar [[r.SkyAtmosphere.AerialPerspectiveLUT.SampleCountPerSlice:1]]
[2021.01.15-15.57.30:932][  0]LogConfig: Setting CVar [[r.SkyAtmosphere.AerialPerspectiveLUT.DepthResolution:16.0]]
[2021.01.15-15.57.30:932][  0]LogConfig: Setting CVar [[r.SkyAtmosphere.FastSkyLUT:1]]
[2021.01.15-15.57.30:932][  0]LogConfig: Setting CVar [[r.SkyAtmosphere.FastSkyLUT.SampleCountMin:4.0]]
[2021.01.15-15.57.30:932][  0]LogConfig: Setting CVar [[r.SkyAtmosphere.FastSkyLUT.SampleCountMax:32.0]]
[2021.01.15-15.57.30:932][  0]LogConfig: Setting CVar [[r.SkyAtmosphere.SampleCountMin:4.0]]
[2021.01.15-15.57.30:932][  0]LogConfig: Setting CVar [[r.SkyAtmosphere.SampleCountMax:32.0]]
[2021.01.15-15.57.30:932][  0]LogConfig: Setting CVar [[r.SkyAtmosphere.TransmittanceLUT.UseSmallFormat:0]]
[2021.01.15-15.57.30:932][  0]LogConfig: Setting CVar [[r.SkyAtmosphere.TransmittanceLUT.SampleCount:10.0]]
[2021.01.15-15.57.30:932][  0]LogConfig: Setting CVar [[r.SkyAtmosphere.MultiScatteringLUT.SampleCount:15.0]]
[2021.01.15-15.57.30:932][  0]LogConfig: Applying CVar settings from Section [FoliageQuality@3] File [C:/Users/Walter/Documents/Unreal Projects/VRIntro/Saved/Config/Windows/Scalability.ini]
[2021.01.15-15.57.30:932][  0]LogConfig: Setting CVar [[foliage.DensityScale:1.0]]
[2021.01.15-15.57.30:932][  0]LogConfig: Setting CVar [[grass.DensityScale:1.0]]
[2021.01.15-15.57.30:932][  0]LogConfig: Applying CVar settings from Section [ShadingQuality@3] File [C:/Users/Walter/Documents/Unreal Projects/VRIntro/Saved/Config/Windows/Scalability.ini]
[2021.01.15-15.57.30:932][  0]LogConfig: Setting CVar [[r.HairStrands.SkyLighting.SampleCount:16]]
[2021.01.15-15.57.30:932][  0]LogConfig: Setting CVar [[r.HairStrands.SkyLighting.JitterIntegration:0]]
[2021.01.15-15.57.30:932][  0]LogConfig: Setting CVar [[r.HairStrands.SkyAO.SampleCount:16]]
[2021.01.15-15.57.30:932][  0]LogConfig: Applying CVar settings from Section [Startup] File [../../../Engine/Config/ConsoleVariables.ini]
[2021.01.15-15.57.30:953][  0]LogConfig: Setting CVar [[net.UseAdaptiveNetUpdateFrequency:0]]
[2021.01.15-15.57.30:953][  0]LogConfig: Setting CVar [[p.chaos.AllowCreatePhysxBodies:1]]
[2021.01.15-15.57.30:953][  0]LogConfig: Applying CVar settings from Section [ConsoleVariables] File [C:/Users/Walter/Documents/Unreal Projects/VRIntro/Saved/Config/Windows/Engine.ini]
[2021.01.15-15.57.30:971][  0]LogInit: Computer: DESKTOP-HHKB3MR
[2021.01.15-15.57.30:971][  0]LogInit: User: Walter
[2021.01.15-15.57.30:971][  0]LogInit: CPU Page size=4096, Cores=6
[2021.01.15-15.57.30:971][  0]LogInit: High frequency timer resolution =10.000000 MHz
[2021.01.15-15.57.30:971][  0]LogMemory: Memory total: Physical=16.0GB (16GB approx)
[2021.01.15-15.57.30:971][  0]LogMemory: Platform Memory Stats for Windows
[2021.01.15-15.57.30:971][  0]LogMemory: Process Physical Memory: 109.39 MB used, 109.40 MB peak
[2021.01.15-15.57.30:971][  0]LogMemory: Process Virtual Memory: 101.47 MB used, 101.47 MB peak
[2021.01.15-15.57.30:971][  0]LogMemory: Physical Memory: 6155.14 MB used,  10180.13 MB free, 16335.27 MB total
[2021.01.15-15.57.30:971][  0]LogMemory: Virtual Memory: 5159.91 MB used,  134212568.00 MB free, 134217728.00 MB total
[2021.01.15-15.57.30:974][  0]LogWindows: WindowsPlatformFeatures enabled
[2021.01.15-15.57.31:899][  0]LogInit: Using OS detected language (en-GB).
[2021.01.15-15.57.31:899][  0]LogInit: Using OS detected locale (en-CA).
[2021.01.15-15.57.31:947][  0]LogTextLocalizationManager: No specific localization for 'en-GB' exists, so the 'en' localization will be used.
[2021.01.15-15.57.32:509][  0]LogInit: Setting process to per monitor DPI aware
[2021.01.15-15.57.33:092][  0]LogSlate: New Slate User Created.  User Index 0, Is Virtual User: 0
[2021.01.15-15.57.33:092][  0]LogSlate: Slate User Registered.  User Index 0, Is Virtual User: 0
[2021.01.15-15.57.42:609][  0]LogHMD: Failed to initialize OpenVR with code 108
[2021.01.15-15.57.42:609][  0]LogD3D11RHI: D3D11 min allowed feature level: 11_0
[2021.01.15-15.57.42:610][  0]LogD3D11RHI: D3D11 max allowed feature level: 11_0
[2021.01.15-15.57.42:610][  0]LogD3D11RHI: D3D11 adapters:
[2021.01.15-15.57.42:838][  0]LogD3D11RHI:    0. 'NVIDIA GeForce GTX 1060 6GB' (Feature Level 11_0)
[2021.01.15-15.57.42:838][  0]LogD3D11RHI:       6052/0/8167 MB DedicatedVideo/DedicatedSystem/SharedSystem, Outputs:1, VendorId:0x10de
[2021.01.15-15.57.42:841][  0]LogD3D11RHI:    1. 'Microsoft Basic Render Driver' (Feature Level 11_0)
[2021.01.15-15.57.42:841][  0]LogD3D11RHI:       0/0/8167 MB DedicatedVideo/DedicatedSystem/SharedSystem, Outputs:0, VendorId:0x1414
[2021.01.15-15.57.42:841][  0]LogD3D11RHI: Chosen D3D11 Adapter: 0
[2021.01.15-15.57.42:865][  0]LogD3D11RHI: Creating new Direct3DDevice
[2021.01.15-15.57.42:865][  0]LogD3D11RHI:     GPU DeviceId: 0x1c03 (for the marketing name, search the web for "GPU Device Id")
[2021.01.15-15.57.42:865][  0]LogWindows: EnumDisplayDevices:
[2021.01.15-15.57.42:866][  0]LogWindows:    0. 'NVIDIA GeForce GTX 1060 6GB' (P:1 D:1)
[2021.01.15-15.57.42:866][  0]LogWindows:    1. 'NVIDIA GeForce GTX 1060 6GB' (P:0 D:0)
[2021.01.15-15.57.42:866][  0]LogWindows:    2. 'NVIDIA GeForce GTX 1060 6GB' (P:0 D:0)
[2021.01.15-15.57.42:866][  0]LogWindows:    3. 'NVIDIA GeForce GTX 1060 6GB' (P:0 D:0)
[2021.01.15-15.57.42:867][  0]LogWindows: DebugString: FoundDriverCount:4 
[2021.01.15-15.57.42:867][  0]LogD3D11RHI:     Adapter Name: NVIDIA GeForce GTX 1060 6GB
[2021.01.15-15.57.42:867][  0]LogD3D11RHI:   Driver Version: 460.89 (internal:27.21.14.6089, unified:460.89)
[2021.01.15-15.57.42:867][  0]LogD3D11RHI:      Driver Date: 12-11-2020
[2021.01.15-15.57.42:867][  0]LogRHI: Texture pool is 4236 MB (70% of 6052 MB)
[2021.01.15-15.57.42:971][  0]LogD3D11RHI: RHI has support for 64 bit atomics
[2021.01.15-15.57.42:971][  0]LogD3D11RHI: Async texture creation enabled
[2021.01.15-15.57.43:153][  0]LogD3D11RHI: GPU Timing Frequency: 1000.000000 (Debug: 2 1)
[2021.01.15-15.57.44:320][  0]LogTargetPlatformManager: Display: Loaded TargetPlatform 'AllDesktop'
[2021.01.15-15.57.44:411][  0]LogTargetPlatformManager: Display: Loaded TargetPlatform 'Android'
[2021.01.15-15.57.44:411][  0]LogTargetPlatformManager: Display: Loaded TargetPlatform 'Android_ASTC'
[2021.01.15-15.57.44:412][  0]LogTargetPlatformManager: Display: Loaded TargetPlatform 'Android_ATC'
[2021.01.15-15.57.44:412][  0]LogTargetPlatformManager: Display: Loaded TargetPlatform 'Android_DXT'
[2021.01.15-15.57.44:412][  0]LogTargetPlatformManager: Display: Loaded TargetPlatform 'Android_ETC1'
[2021.01.15-15.57.44:412][  0]LogTargetPlatformManager: Display: Loaded TargetPlatform 'Android_ETC1a'
[2021.01.15-15.57.44:412][  0]LogTargetPlatformManager: Display: Loaded TargetPlatform 'Android_ETC2'
[2021.01.15-15.57.44:412][  0]LogTargetPlatformManager: Display: Loaded TargetPlatform 'Android_PVRTC'
[2021.01.15-15.57.44:412][  0]LogTargetPlatformManager: Display: Loaded TargetPlatform 'AndroidClient'
[2021.01.15-15.57.44:412][  0]LogTargetPlatformManager: Display: Loaded TargetPlatform 'Android_ASTCClient'
[2021.01.15-15.57.44:412][  0]LogTargetPlatformManager: Display: Loaded TargetPlatform 'Android_ATCClient'
[2021.01.15-15.57.44:412][  0]LogTargetPlatformManager: Display: Loaded TargetPlatform 'Android_DXTClient'
[2021.01.15-15.57.44:412][  0]LogTargetPlatformManager: Display: Loaded TargetPlatform 'Android_ETC1Client'
[2021.01.15-15.57.44:412][  0]LogTargetPlatformManager: Display: Loaded TargetPlatform 'Android_ETC1aClient'
[2021.01.15-15.57.44:412][  0]LogTargetPlatformManager: Display: Loaded TargetPlatform 'Android_ETC2Client'
[2021.01.15-15.57.44:412][  0]LogTargetPlatformManager: Display: Loaded TargetPlatform 'Android_PVRTCClient'
[2021.01.15-15.57.44:412][  0]LogTargetPlatformManager: Display: Loaded TargetPlatform 'Android_Multi'
[2021.01.15-15.57.44:412][  0]LogTargetPlatformManager: Display: Loaded TargetPlatform 'Android_MultiClient'
[2021.01.15-15.57.44:559][  0]LogTargetPlatformManager: Display: Loaded TargetPlatform 'IOSClient'
[2021.01.15-15.57.44:559][  0]LogTargetPlatformManager: Display: Loaded TargetPlatform 'IOS'
[2021.01.15-15.57.44:701][  0]LogTargetPlatformManager: Display: Loaded TargetPlatform 'LinuxNoEditor'
[2021.01.15-15.57.44:732][  0]LogTargetPlatformManager: Display: Loaded TargetPlatform 'LinuxClient'
[2021.01.15-15.57.44:763][  0]LogTargetPlatformManager: Display: Loaded TargetPlatform 'LinuxServer'
[2021.01.15-15.57.44:807][  0]LogTargetPlatformManager: Display: Loaded TargetPlatform 'LinuxAArch64NoEditor'
[2021.01.15-15.57.44:839][  0]LogTargetPlatformManager: Display: Loaded TargetPlatform 'LinuxAArch64Client'
[2021.01.15-15.57.45:056][  0]LogTargetPlatformManager: Display: Loaded TargetPlatform 'LinuxAArch64Server'
[2021.01.15-15.57.45:125][  0]LogTargetPlatformManager: Display: Loaded TargetPlatform 'Lumin'
[2021.01.15-15.57.45:125][  0]LogTargetPlatformManager: Display: Loaded TargetPlatform 'LuminClient'
[2021.01.15-15.57.45:165][  0]LogTargetPlatformManager: Display: Loaded TargetPlatform 'TVOSClient'
[2021.01.15-15.57.45:165][  0]LogTargetPlatformManager: Display: Loaded TargetPlatform 'TVOS'
[2021.01.15-15.57.45:218][  0]LogTargetPlatformManager: Display: Loaded TargetPlatform 'WindowsNoEditor'
[2021.01.15-15.57.45:264][  0]LogTargetPlatformManager: Display: Loaded TargetPlatform 'Windows'
[2021.01.15-15.57.45:302][  0]LogTargetPlatformManager: Display: Loaded TargetPlatform 'WindowsClient'
[2021.01.15-15.57.45:331][  0]LogTargetPlatformManager: Display: Loaded TargetPlatform 'WindowsServer'
[2021.01.15-15.57.45:331][  0]LogTargetPlatformManager: Display: Building Assets For Windows
[2021.01.15-15.57.45:524][  0]LogAudioDebug: Display: Lib vorbis DLL was dynamically loaded.
[2021.01.15-15.57.46:239][  0]LogShaderCompilers: Guid format shader working directory is -2 characters bigger than the processId version (C:/Users/Walter/Documents/Unreal Projects/VRIntro/Intermediate/Shaders/WorkingDirectory/7224/).
[2021.01.15-15.57.46:239][  0]LogShaderCompilers: Cleaned the shader compiler working directory 'C:/Users/Walter/AppData/Local/Temp/UnrealShaderWorkingDir/67D371894D5B7DC307953B8373A3F2FA/'.
[2021.01.15-15.57.46:250][  0]LogXGEController: Cleaning working directory: C:/Users/Walter/AppData/Local/Temp/UnrealXGEWorkingDir/
[2021.01.15-15.57.46:250][  0]LogXGEController: Cannot use XGE Controller as Incredibuild is not installed on this machine.
[2021.01.15-15.57.46:250][  0]LogShaderCompilers: Cannot use XGE Shader Compiler as Incredibuild is not installed on this machine.
[2021.01.15-15.57.46:250][  0]LogShaderCompilers: Display: Using Local Shader Compiler.
[2021.01.15-15.57.53:658][  0]LogDerivedDataCache: Display: Max Cache Size: 512 MB
[2021.01.15-15.57.53:863][  0]LogDerivedDataCache: Loaded boot cache 0.20s 78MB C:/Users/Walter/AppData/Local/UnrealEngine/4.24/DerivedDataCache/Boot.ddc.
[2021.01.15-15.57.53:863][  0]LogDerivedDataCache: Display: Loaded Boot cache: C:/Users/Walter/AppData/Local/UnrealEngine/4.24/DerivedDataCache/Boot.ddc
[2021.01.15-15.57.53:863][  0]LogDerivedDataCache: FDerivedDataBackendGraph:  Pak pak cache file C:/Users/Walter/Documents/Unreal Projects/VRIntro/DerivedDataCache/DDC.ddp not found, will not use a pak cache.
[2021.01.15-15.57.53:863][  0]LogDerivedDataCache: Unable to find inner node Pak for hierarchical cache Hierarchy.
[2021.01.15-15.57.53:863][  0]LogDerivedDataCache: FDerivedDataBackendGraph:  CompressedPak pak cache file C:/Users/Walter/Documents/Unreal Projects/VRIntro/DerivedDataCache/Compressed.ddp not found, will not use a pak cache.
[2021.01.15-15.57.53:863][  0]LogDerivedDataCache: Unable to find inner node CompressedPak for hierarchical cache Hierarchy.
[2021.01.15-15.57.53:942][  0]LogDerivedDataCache: Display: Pak cache opened for reading ../../../Engine/DerivedDataCache/Compressed.ddp.
[2021.01.15-15.57.53:943][  0]LogDerivedDataCache: FDerivedDataBackendGraph:  EnterprisePak pak cache file ../../../Enterprise/DerivedDataCache/Compressed.ddp not found, will not use a pak cache.
[2021.01.15-15.57.53:943][  0]LogDerivedDataCache: Unable to find inner node EnterprisePak for hierarchical cache Hierarchy.
[2021.01.15-15.57.53:944][  0]LogDerivedDataCache: Using Local data cache path C:/Users/Walter/AppData/Local/UnrealEngine/Common/DerivedDataCache: Writable
[2021.01.15-15.57.53:944][  0]LogDerivedDataCache: Shared data cache path not found in *engine.ini, will not use an Shared cache.
[2021.01.15-15.57.53:944][  0]LogDerivedDataCache: Unable to find inner node Shared for hierarchical cache Hierarchy.
[2021.01.15-15.57.54:337][  0]LogMaterial: Verifying Global Shaders for PCD3D_SM5
[2021.01.15-15.57.54:407][  0]LogSlate: Using FreeType 2.10.0
[2021.01.15-15.57.54:501][  0]LogSlate: SlateFontServices - WITH_FREETYPE: 1, WITH_HARFBUZZ: 1
[2021.01.15-15.57.56:103][  0]LogAssetRegistry: FAssetRegistry took 0.0051 seconds to start up
[2021.01.15-15.58.00:045][  0]LogInit: Selected Device Profile: [Windows]
[2021.01.15-15.58.01:781][  0]LogMeshReduction: Using QuadricMeshReduction for automatic static mesh reduction
[2021.01.15-15.58.01:781][  0]LogMeshReduction: Using SimplygonMeshReduction for automatic skeletal mesh reduction
[2021.01.15-15.58.01:781][  0]LogMeshReduction: Using ProxyLODMeshReduction for automatic mesh merging
[2021.01.15-15.58.01:781][  0]LogMeshReduction: No distributed automatic mesh merging module available
[2021.01.15-15.58.01:781][  0]LogMeshMerging: No distributed automatic mesh merging module available
[2021.01.15-15.58.02:115][  0]LogNetVersion: VRIntro 1.0.0, NetCL: 10570792, EngineNetVer: 13, GameNetVer: 0 (Checksum: 327063419)
[2021.01.15-15.58.25:657][  0]LogPackageLocalizationCache: Processed 10 localized package path(s) for 1 prioritized culture(s) in 0.136819 seconds
[2021.01.15-15.58.25:706][  0]LogUObjectArray: 46750 objects as part of root set at end of initial load.
[2021.01.15-15.58.25:706][  0]LogUObjectAllocator: 8137160 out of 0 bytes used by permanent object pool.
[2021.01.15-15.58.25:706][  0]LogUObjectArray: CloseDisregardForGC: 0/0 objects in disregard for GC pool
[2021.01.15-15.58.31:447][  0]LogTcpMessaging: Initializing TcpMessaging bridge
[2021.01.15-15.58.31:539][  0]LogUdpMessaging: Initializing bridge on interface 0.0.0.0:0 to multicast group 230.0.0.1:6666.
[2021.01.15-15.58.32:504][  0]SourceControl: Source control is disabled
[2021.01.15-15.58.32:511][  0]SourceControl: Source control is disabled
[2021.01.15-15.58.32:581][  0]SourceControl: Source control is disabled
[2021.01.15-15.58.32:616][  0]SourceControl: Source control is disabled
[2021.01.15-15.58.32:642][  0]SourceControl: Source control is disabled
[2021.01.15-15.58.32:718][  0]LogVSAccessor: Display: Unable to create Visual Studio setup instance: 80040154
[2021.01.15-15.58.32:719][  0]LogVSAccessor: Display: Unable to create Visual Studio setup instance: 80040154
[2021.01.15-15.58.34:222][  0]LogAndroidPermission: UAndroidPermissionCallbackProxy::GetInstance
[2021.01.15-15.58.34:403][  0]LogAudioCaptureCore: Display: No Audio Capture implementations found. Audio input will be silent.
[2021.01.15-15.58.34:403][  0]LogAudioCaptureCore: Display: No Audio Capture implementations found. Audio input will be silent.
[2021.01.15-15.58.35:062][  0]LogOcInput: OculusInput pre-init called
[2021.01.15-15.58.35:128][  0]LogWindows: Failed to load 'OVRPlugin.dll' (GetLastError=126)
[2021.01.15-15.58.35:128][  0]LogWindows: File 'OVRPlugin.dll' does not exist
[2021.01.15-15.58.37:011][  0]LogEngine: Initializing Engine...
[2021.01.15-15.58.37:188][  0]LogHMD: Failed to initialize OpenVR with code 108
[2021.01.15-15.58.37:275][  0]LogStats: UGameplayTagsManager::InitializeManager -  0.029 s
[2021.01.15-15.58.38:814][  0]LogInit: Initializing FReadOnlyCVARCache
[2021.01.15-15.58.39:401][  0]LogAIModule: Creating AISystem for world Untitled
[2021.01.15-15.58.39:589][  0]LogAudioMixer: Display: Audio Mixer Platform Settings:
[2021.01.15-15.58.39:589][  0]LogAudioMixer: Display: 	Sample Rate:						  48000
[2021.01.15-15.58.39:589][  0]LogAudioMixer: Display: 	Callback Buffer Frame Size Requested: 1024
[2021.01.15-15.58.39:589][  0]LogAudioMixer: Display: 	Callback Buffer Frame Size To Use:	  1024
[2021.01.15-15.58.39:589][  0]LogAudioMixer: Display: 	Number of buffers to queue:			  2
[2021.01.15-15.58.39:589][  0]LogAudioMixer: Display: 	Max Channels (voices):				  32
[2021.01.15-15.58.39:589][  0]LogAudioMixer: Display: 	Number of Async Source Workers:		  0
[2021.01.15-15.58.39:590][  0]LogAudio: Display: AudioDevice MaxSources: 32
[2021.01.15-15.58.39:607][  0]LogAudio: Display: Using built-in audio occlusion.
[2021.01.15-15.58.39:607][  0]LogAudioMixer: Display: Initializing audio mixer.
[2021.01.15-15.58.39:721][  0]LogAudioMixer: Display: Audio Device Output Speaker Info:
[2021.01.15-15.58.39:721][  0]LogAudioMixer: Display: Name: VoiceMeeter Input (VB-Audio VoiceMeeter VAIO)
[2021.01.15-15.58.39:721][  0]LogAudioMixer: Display: Is Default: Yes
[2021.01.15-15.58.39:721][  0]LogAudioMixer: Display: Sample Rate: 48000
[2021.01.15-15.58.39:721][  0]LogAudioMixer: Display: Channel Count Used: 2
[2021.01.15-15.58.39:721][  0]LogAudioMixer: Display: Device Channel Count: 2
[2021.01.15-15.58.39:721][  0]LogAudioMixer: Display: Channel Order:
[2021.01.15-15.58.39:721][  0]LogAudioMixer: Display: 0: FrontLeft
[2021.01.15-15.58.39:721][  0]LogAudioMixer: Display: 1: FrontRight
[2021.01.15-15.58.39:742][  0]LogAudioMixer: Display: Using Audio Device VoiceMeeter Input (VB-Audio VoiceMeeter VAIO)
[2021.01.15-15.58.39:761][  0]LogInit: FAudioDevice initialized.
[2021.01.15-15.58.39:781][  0]LogNetVersion: Set ProjectVersion to 1.0.0.0. Version Checksum will be recalculated on next use.
[2021.01.15-15.58.39:871][  0]LogDerivedDataCache: Saved boot cache 0.09s 100MB C:/Users/Walter/AppData/Local/UnrealEngine/4.24/DerivedDataCache/Boot.ddc.
[2021.01.15-15.58.39:888][  0]LogInit: Texture streaming: Enabled
[2021.01.15-15.58.40:154][  0]LogEngineSessionManager: EngineSessionManager initialized
[2021.01.15-15.58.40:163][  0]LogEditorSessionSummary: Verbose: Initializing EditorSessionSummaryWriter for editor session tracking
[2021.01.15-15.58.40:182][  0]LogEditorSessionSummary: EditorSessionSummaryWriter initialized
[2021.01.15-15.58.40:470][  0]LogInit: Transaction tracking system initialized
[2021.01.15-15.58.41:009][  0]BlueprintLog: New page: Editor Load
[2021.01.15-15.58.42:170][  0]LocalizationService: Localization service is disabled
[2021.01.15-15.58.43:304][  0]LogVSAccessor: Display: Unable to create Visual Studio setup instance: 80040154
[2021.01.15-15.58.43:304][  0]LogVSAccessor: Display: Unable to create Visual Studio setup instance: 80040154
[2021.01.15-15.58.45:140][  0]LogFileCache: Scanning file cache for directory 'C:/Users/Walter/Documents/Unreal Projects/VRIntro/Content/' took 0.02s
[2021.01.15-15.58.45:140][  0]LogCook: Display: Max memory allowance for cook 16384mb min free memory 0mb
[2021.01.15-15.58.45:141][  0]LogCook: Display: Mobile HDR setting 1
[2021.01.15-15.58.49:028][  0]SourceControl: Source control is disabled
[2021.01.15-15.58.49:050][  0]Cmd: MAP LOAD FILE="C:/Users/Walter/Documents/Unreal Projects/VRIntro/Content/VirtualRealityBP/Maps/StartupMap.umap" TEMPLATE=0 SHOWPROGRESS=1 FEATURELEVEL=3
[2021.01.15-15.58.49:066][  0]LightingResults: New page: Lighting Build
[2021.01.15-15.58.49:208][  0]LogWorld: UWorld::CleanupWorld for Untitled, bSessionEnded=true, bCleanupResources=true
[2021.01.15-15.58.49:217][  0]LogSlate: InvalidateAllWidgets triggered.  All widgets were invalidated
[2021.01.15-15.58.49:266][  0]MapCheck: New page: Map Check
[2021.01.15-15.58.49:266][  0]LightingResults: New page: Lighting Build
[2021.01.15-15.58.49:708][  0]LogUObjectHash: Compacting FUObjectHashTables data took   2.15ms
[2021.01.15-15.58.50:423][  0]LogAIModule: Creating AISystem for world StartupMap
[2021.01.15-15.58.50:864][  0]LogEditorServer: Finished looking for orphan Actors (0.000 secs)
[2021.01.15-15.58.50:932][  0]LogUObjectHash: Compacting FUObjectHashTables data took   2.02ms
[2021.01.15-15.58.50:939][  0]Cmd: MAP CHECKDEP NOCLEARLOG
[2021.01.15-15.58.50:939][  0]MapCheck: Map check complete: 0 Error(s), 0 Warning(s), took 0.364ms to complete.
[2021.01.15-15.58.50:944][  0]LogFileHelpers: Loading map 'StartupMap' took 1.895
[2021.01.15-15.58.52:724][  0]LogSlate: Updating window title bar state: overlay mode, drag disabled, window buttons hidden, title bar hidden
[2021.01.15-15.58.52:733][  0]LogSlate: Updating window title bar state: overlay mode, drag disabled, window buttons hidden, title bar hidden
[2021.01.15-15.58.52:741][  0]LogSlate: Updating window title bar state: overlay mode, drag disabled, window buttons hidden, title bar hidden
[2021.01.15-15.58.52:749][  0]LogSlate: Updating window title bar state: overlay mode, drag disabled, window buttons hidden, title bar hidden
[2021.01.15-15.58.52:864][  0]LogCollectionManager: Loaded 0 collections in 0.001486 seconds
[2021.01.15-15.58.52:960][  0]LogFileCache: Scanning file cache for directory 'C:/Users/Walter/Documents/Unreal Projects/VRIntro/Saved/Collections/' took 0.00s
[2021.01.15-15.58.52:960][  0]LogFileCache: Scanning file cache for directory 'C:/Users/Walter/Documents/Unreal Projects/VRIntro/Content/Developers/Walter/Collections/' took 0.00s
[2021.01.15-15.58.52:960][  0]LogFileCache: Scanning file cache for directory 'C:/Users/Walter/Documents/Unreal Projects/VRIntro/Content/Collections/' took 0.00s
[2021.01.15-15.58.52:960][  0]LogContentBrowser: Native class hierarchy populated in 0.0107 seconds. Added 3015 classes and 717 folders.
[2021.01.15-15.58.53:069][  0]LogContentBrowser: Native class hierarchy updated for 'WidgetCarousel' in 0.0003 seconds. Added 0 classes and 0 folders.
[2021.01.15-15.58.54:164][  0]LogContentBrowser: Native class hierarchy updated for 'AddContentDialog' in 0.0003 seconds. Added 0 classes and 0 folders.
[2021.01.15-15.58.54:243][  0]LogContentBrowser: Native class hierarchy updated for 'SceneOutliner' in 0.0003 seconds. Added 2 classes and 3 folders.
[2021.01.15-15.58.54:753][  0]LogSlate: Took 0.016430 seconds to synchronously load lazily loaded font '../../../Engine/Content/Slate/Fonts/Roboto-Regular.ttf' (155K)
[2021.01.15-15.58.54:834][  0]LogSlate: Took 0.040900 seconds to synchronously load lazily loaded font '../../../Engine/Content/Slate/Fonts/Roboto-Bold.ttf' (160K)
[2021.01.15-15.58.54:897][  0]LogSlate: Took 0.015316 seconds to synchronously load lazily loaded font '../../../Engine/Content/Editor/Slate/Fonts/FontAwesome.ttf' (139K)
[2021.01.15-15.58.55:632][  0]LogRenderer: Reallocating scene render targets to support 1208x572 Format 26 NumSamples 1 (Frame:1).
[2021.01.15-15.58.56:168][  0]LogContentBrowser: Native class hierarchy updated for 'HierarchicalLODOutliner' in 0.0003 seconds. Added 0 classes and 0 folders.
[2021.01.15-15.58.56:168][  0]LogLoad: (Engine Initialization) Total time: 101.96 seconds
[2021.01.15-15.58.56:168][  0]LogLoad: (Engine Initialization) Total Blueprint compile time: 0.00 seconds
[2021.01.15-15.58.56:735][  0]LogContentStreaming: Texture pool size now 1000 MB
[2021.01.15-15.58.56:994][  0]LogSlate: Took 0.043751 seconds to synchronously load lazily loaded font '../../../Engine/Content/Slate/Fonts/Roboto-Light.ttf' (167K)
[2021.01.15-15.58.58:641][ 20]LogAssetRegistry: Asset discovery search completed in 62.5396 seconds
[2021.01.15-15.58.58:677][ 20]LogCollectionManager: Fixed up redirectors for 0 collections in 0.004174 seconds (updated 0 objects)
[2021.01.15-16.01.32:823][696]LogSlate: Window 'Disable Dependencies' being destroyed
[2021.01.15-16.01.35:193][696]LogSlate: Window 'Disable Dependencies' being destroyed
[2021.01.15-16.01.37:904][696]LogSlate: Window 'Disable Dependencies' being destroyed
[2021.01.15-16.01.40:341][696]LogSlate: Window 'Disable Dependencies' being destroyed
[2021.01.15-19.14.40:875][688]LogSlate: Took 0.000657 seconds to synchronously load lazily loaded font '../../../Engine/Content/Slate/Fonts/Roboto-Light.ttf' (167K)
[2021.01.15-19.17.25:800][256]LogSlate: Window 'Project Settings' being destroyed
[2021.01.15-19.17.25:806][256]LogSlate: Window 'Project Settings' being destroyed
[2021.01.15-19.17.25:806][256]LogDirectoryWatcher: A directory notification for '../../../Engine/Plugins/' was aborted.
[2021.01.15-19.17.27:465][415]LogUObjectHash: Compacting FUObjectHashTables data took   5.31ms
[2021.01.15-19.17.27:621][415]LogSlate: Window 'VRIntro - Unreal Editor' being destroyed
[2021.01.15-19.17.27:633][415]LogWindowsTextInputMethodSystem: Display: IME system now deactivated.
[2021.01.15-19.17.27:951][416]Cmd: QUIT_EDITOR
[2021.01.15-19.17.27:951][416]LogCore: Engine exit requested (reason: UUnrealEdEngine::CloseEditor())
[2021.01.15-19.17.27:983][416]LogCore: Engine exit requested (reason: EngineExit() was called; note: exit was already requested)
[2021.01.15-19.17.28:013][416]LogAudioMixer: Display: No commands were queued while flushing the source manager.
[2021.01.15-19.17.28:212][416]LogExit: Preparing to exit.
[2021.01.15-19.17.29:291][416]LogWorld: UWorld::CleanupWorld for World_0, bSessionEnded=true, bCleanupResources=true
[2021.01.15-19.17.29:612][416]LogDemo: Cleaned up 0 splitscreen connections with owner deletion
[2021.01.15-19.17.29:692][416]LogWorld: UWorld::CleanupWorld for None, bSessionEnded=true, bCleanupResources=true
[2021.01.15-19.17.29:693][416]LogExit: Editor shut down
[2021.01.15-19.17.29:694][416]LogExit: Transaction tracking system shut down
[2021.01.15-19.17.31:402][416]LogExit: Object subsystem successfully closed.
[2021.01.15-19.17.31:565][416]LogShaderCompilers: Display: Shaders left to compile 0
[2021.01.15-19.17.32:698][416]LogModuleManager: Shutting down and abandoning module ExternalImagePicker (698)
[2021.01.15-19.17.32:698][416]LogModuleManager: Shutting down and abandoning module HierarchicalLODOutliner (696)
[2021.01.15-19.17.32:698][416]LogModuleManager: Shutting down and abandoning module SceneOutliner (694)
[2021.01.15-19.17.32:698][416]LogModuleManager: Shutting down and abandoning module AddContentDialog (692)
[2021.01.15-19.17.32:716][416]LogModuleManager: Shutting down and abandoning module WidgetCarousel (691)
[2021.01.15-19.17.32:716][416]LogModuleManager: Shutting down and abandoning module EditorWidgets (688)
[2021.01.15-19.17.32:716][416]LogModuleManager: Shutting down and abandoning module CollectionManager (686)
[2021.01.15-19.17.32:732][416]LogModuleManager: Shutting down and abandoning module StatsViewer (684)
[2021.01.15-19.17.32:750][416]LogModuleManager: Shutting down and abandoning module VirtualTexturingEditor (682)
[2021.01.15-19.17.32:757][416]LogModuleManager: Shutting down and abandoning module FoliageEdit (680)
[2021.01.15-19.17.32:782][416]LogModuleManager: Shutting down and abandoning module LandscapeEditor (678)
[2021.01.15-19.17.32:842][416]LogModuleManager: Shutting down and abandoning module MeshPaintMode (676)
[2021.01.15-19.17.32:842][416]LogModuleManager: Shutting down and abandoning module SceneDepthPickerMode (674)
[2021.01.15-19.17.32:842][416]LogModuleManager: Shutting down and abandoning module ActorPickerMode (672)
[2021.01.15-19.17.32:842][416]LogModuleManager: Shutting down and abandoning module GeometryMode (670)
[2021.01.15-19.17.32:843][416]LogModuleManager: Shutting down and abandoning module TextureAlignMode (668)
[2021.01.15-19.17.32:843][416]LogModuleManager: Shutting down and abandoning module BspMode (666)
[2021.01.15-19.17.32:843][416]LogModuleManager: Shutting down and abandoning module PIEPreviewDeviceProfileSelector (664)
[2021.01.15-19.17.32:877][416]LogModuleManager: Shutting down and abandoning module SequenceRecorderSections (662)
[2021.01.15-19.17.32:889][416]LogModuleManager: Shutting down and abandoning module AutomationWorker (660)
[2021.01.15-19.17.32:889][416]LogModuleManager: Shutting down and abandoning module SteamVREditor (658)
[2021.01.15-19.17.32:889][416]LogModuleManager: Shutting down and abandoning module OculusMR (656)
[2021.01.15-19.17.32:898][416]LogModuleManager: Shutting down and abandoning module AudioCaptureEditor (654)
[2021.01.15-19.17.32:904][416]LogModuleManager: Shutting down and abandoning module MatineeToLevelSequence (652)
[2021.01.15-19.17.32:913][416]LogModuleManager: Shutting down and abandoning module LevelSequenceEditor (650)
[2021.01.15-19.17.32:961][416]LogModuleManager: Shutting down and abandoning module PlacementMode (649)
[2021.01.15-19.17.32:961][416]LogModuleManager: Shutting down and abandoning module MaterialEditor (648)
[2021.01.15-19.17.32:983][416]LogModuleManager: Shutting down and abandoning module ActorSequenceEditor (644)
[2021.01.15-19.17.32:994][416]LogModuleManager: Shutting down and abandoning module WmfMediaFactory (642)
[2021.01.15-19.17.32:994][416]LogModuleManager: Shutting down and abandoning module WmfMediaEditor (640)
[2021.01.15-19.17.32:994][416]LogModuleManager: Shutting down and abandoning module WebMMediaFactory (638)
[2021.01.15-19.17.32:994][416]LogModuleManager: Shutting down and abandoning module WebMMediaEditor (636)
[2021.01.15-19.17.32:994][416]LogModuleManager: Shutting down and abandoning module WebMMedia (634)
[2021.01.15-19.17.33:005][416]LogModuleManager: Shutting down and abandoning module MediaPlayerEditor (632)
[2021.01.15-19.17.33:054][416]LogModuleManager: Shutting down and abandoning module MediaCompositingEditor (630)
[2021.01.15-19.17.33:076][416]LogModuleManager: Shutting down and abandoning module SequenceRecorder (629)
[2021.01.15-19.17.33:076][416]LogModuleManager: Shutting down and abandoning module OpenExrWrapper (626)
[2021.01.15-19.17.33:076][416]LogModuleManager: Shutting down and abandoning module ImgMediaFactory (624)
[2021.01.15-19.17.33:076][416]LogModuleManager: Shutting down and abandoning module ImgMediaEditor (622)
[2021.01.15-19.17.33:076][416]LogModuleManager: Shutting down and abandoning module AvfMediaFactory (620)
[2021.01.15-19.17.33:076][416]LogModuleManager: Shutting down and abandoning module AvfMediaEditor (618)
[2021.01.15-19.17.33:076][416]LogModuleManager: Shutting down and abandoning module AndroidMediaFactory (616)
[2021.01.15-19.17.33:076][416]LogModuleManager: Shutting down and abandoning module AndroidMediaEditor (614)
[2021.01.15-19.17.33:076][416]LogModuleManager: Shutting down and abandoning module MagicLeapMediaCodecFactory (612)
[2021.01.15-19.17.33:076][416]LogModuleManager: Shutting down and abandoning module MagicLeapMediaFactory (610)
[2021.01.15-19.17.33:076][416]LogModuleManager: Shutting down and abandoning module MagicLeapMediaEditor (608)
[2021.01.15-19.17.33:076][416]LogModuleManager: Shutting down and abandoning module CharacterAI (606)
[2021.01.15-19.17.33:076][416]LogModuleManager: Shutting down and abandoning module SmartSnapping (604)
[2021.01.15-19.17.33:076][416]LogModuleManager: Shutting down and abandoning module SessionServices (602)
[2021.01.15-19.17.33:076][416]LogModuleManager: Shutting down and abandoning module MeshPaint (600)
[2021.01.15-19.17.33:086][416]LogModuleManager: Shutting down and abandoning module ViewportSnapping (598)
[2021.01.15-19.17.33:086][416]LogModuleManager: Shutting down and abandoning module ViewportInteraction (596)
[2021.01.15-19.17.33:086][416]LogModuleManager: Shutting down and abandoning module ClothPainter (594)
[2021.01.15-19.17.33:108][416]LogModuleManager: Shutting down and abandoning module SkeletalMeshEditor (593)
[2021.01.15-19.17.33:115][416]LogModuleManager: Shutting down and abandoning module LogVisualizer (590)
[2021.01.15-19.17.33:133][416]LogModuleManager: Shutting down and abandoning module IntroTutorials (588)
[2021.01.15-19.17.33:145][416]LogModuleManager: Shutting down and abandoning module GameProjectGeneration (587)
[2021.01.15-19.17.33:156][416]LogModuleManager: Shutting down and abandoning module LuminPlatformEditor (584)
[2021.01.15-19.17.33:156][416]LogModuleManager: Shutting down and abandoning module IOSPlatformEditor (582)
[2021.01.15-19.17.33:156][416]LogModuleManager: Shutting down and abandoning module AndroidPlatformEditor (580)
[2021.01.15-19.17.33:156][416]LogModuleManager: Shutting down and abandoning module AndroidDeviceDetection (579)
[2021.01.15-19.17.34:129][416]LogModuleManager: Shutting down and abandoning module WindowsPlatformEditor (576)
[2021.01.15-19.17.34:129][416]LogModuleManager: Shutting down and abandoning module LuminRuntimeSettings (574)
[2021.01.15-19.17.34:130][416]LogModuleManager: Shutting down and abandoning module IOSRuntimeSettings (572)
[2021.01.15-19.17.34:130][416]LogModuleManager: Shutting down and abandoning module AndroidRuntimeSettings (570)
[2021.01.15-19.17.34:130][416]LogModuleManager: Shutting down and abandoning module EditorInteractiveToolsFramework (568)
[2021.01.15-19.17.34:130][416]LogModuleManager: Shutting down and abandoning module TimeManagementEditor (566)
[2021.01.15-19.17.34:130][416]LogModuleManager: Shutting down and abandoning module InputBindingEditor (564)
[2021.01.15-19.17.34:141][416]LogModuleManager: Shutting down and abandoning module MergeActors (562)
[2021.01.15-19.17.34:148][416]LogModuleManager: Shutting down and abandoning module LocalizationDashboard (560)
[2021.01.15-19.17.34:155][416]LogModuleManager: Shutting down and abandoning module LocalizationService (559)
[2021.01.15-19.17.34:160][416]LogModuleManager: Shutting down and abandoning module HardwareTargeting (556)
[2021.01.15-19.17.34:160][416]LogModuleManager: Shutting down and abandoning module DeviceProfileEditor (554)
[2021.01.15-19.17.34:160][416]LogModuleManager: Shutting down and abandoning module UndoHistory (552)
[2021.01.15-19.17.34:173][416]LogModuleManager: Shutting down and abandoning module XmlParser (550)
[2021.01.15-19.17.34:183][416]LogModuleManager: Shutting down and abandoning module Blutility (548)
[2021.01.15-19.17.34:183][416]LogModuleManager: Shutting down and abandoning module ProjectSettingsViewer (546)
[2021.01.15-19.17.34:183][416]LogModuleManager: Shutting down and abandoning module ProjectTargetPlatformEditor (545)
[2021.01.15-19.17.34:184][416]LogModuleManager: Shutting down and abandoning module EditorSettingsViewer (542)
[2021.01.15-19.17.34:184][416]LogModuleManager: Shutting down and abandoning module SettingsEditor (540)
[2021.01.15-19.17.34:191][416]LogModuleManager: Shutting down and abandoning module ProjectLauncher (538)
[2021.01.15-19.17.34:200][416]LogModuleManager: Shutting down and abandoning module SessionFrontend (536)
[2021.01.15-19.17.34:206][416]LogModuleManager: Shutting down and abandoning module ProfilerClient (534)
[2021.01.15-19.17.34:210][416]LogModuleManager: Shutting down and abandoning module DeviceManager (532)
[2021.01.15-19.17.34:218][416]LogModuleManager: Shutting down and abandoning module TargetDeviceServices (531)
[2021.01.15-19.17.34:250][416]LogModuleManager: Shutting down and abandoning module AutomationController (528)
[2021.01.15-19.17.34:261][416]LogModuleManager: Shutting down and abandoning module AutomationWindow (526)
[2021.01.15-19.17.34:273][416]LogModuleManager: Shutting down and abandoning module Layers (524)
[2021.01.15-19.17.34:309][416]LogModuleManager: Shutting down and abandoning module ComponentVisualizers (522)
[2021.01.15-19.17.34:310][416]LogModuleManager: Shutting down and abandoning module DetailCustomizations (520)
[2021.01.15-19.17.34:331][416]LogModuleManager: Shutting down and abandoning module PackagesDialog (518)
[2021.01.15-19.17.34:332][416]LogModuleManager: Shutting down and abandoning module AnimationBlueprintEditor (516)
[2021.01.15-19.17.34:364][416]LogModuleManager: Shutting down and abandoning module Persona (514)
[2021.01.15-19.17.34:389][416]LogModuleManager: Shutting down and abandoning module AdvancedPreviewScene (513)
[2021.01.15-19.17.34:390][416]LogModuleManager: Shutting down and abandoning module AnimGraph (511)
[2021.01.15-19.17.34:402][416]LogModuleManager: Shutting down and abandoning module Kismet (508)
[2021.01.15-19.17.34:420][416]LogModuleManager: Shutting down and abandoning module KismetWidgets (507)
[2021.01.15-19.17.34:430][416]LogModuleManager: Shutting down and abandoning module GraphEditor (504)
[2021.01.15-19.17.34:461][416]LogModuleManager: Shutting down and abandoning module StructViewer (502)
[2021.01.15-19.17.34:461][416]LogModuleManager: Shutting down and abandoning module ClassViewer (500)
[2021.01.15-19.17.34:461][416]LogModuleManager: Shutting down and abandoning module Toolbox (498)
[2021.01.15-19.17.34:461][416]LogModuleManager: Shutting down and abandoning module ModuleUI (496)
[2021.01.15-19.17.34:471][416]LogModuleManager: Shutting down and abandoning module OutputLog (494)
[2021.01.15-19.17.34:476][416]LogModuleManager: Shutting down and abandoning module GammaUI (492)
[2021.01.15-19.17.34:483][416]LogModuleManager: Shutting down and abandoning module Documentation (490)
[2021.01.15-19.17.34:484][416]LogModuleManager: Shutting down and abandoning module ToolMenus (488)
[2021.01.15-19.17.34:484][416]LogModuleManager: Shutting down and abandoning module LiveCoding (486)
[2021.01.15-19.17.34:507][416]LogModuleManager: Shutting down and abandoning module LevelSequence (484)
[2021.01.15-19.17.34:507][416]LogModuleManager: Shutting down and abandoning module MovieSceneTracks (482)
[2021.01.15-19.17.34:507][416]LogModuleManager: Shutting down and abandoning module MovieScene (480)
[2021.01.15-19.17.34:521][416]LogModuleManager: Shutting down and abandoning module StreamingPauseRendering (478)
[2021.01.15-19.17.34:532][416]LogModuleManager: Shutting down and abandoning module LauncherPlatform (476)
[2021.01.15-19.17.34:532][416]LogModuleManager: Shutting down and abandoning module AnalyticsET (474)
[2021.01.15-19.17.34:532][416]LogModuleManager: Shutting down and abandoning module PortalServices (472)
[2021.01.15-19.17.34:532][416]LogModuleManager: Shutting down and abandoning module PortalRpc (470)
[2021.01.15-19.17.34:532][416]LogModuleManager: Shutting down and abandoning module MessagingRpc (468)
[2021.01.15-19.17.34:532][416]LogModuleManager: Shutting down and abandoning module AudioMixerXAudio2 (466)
[2021.01.15-19.17.34:532][416]LogModuleManager: Shutting down and abandoning module AIModule (464)
[2021.01.15-19.17.34:532][416]LogModuleManager: Shutting down and abandoning module GameplayDebugger (463)
[2021.01.15-19.17.34:532][416]LogModuleManager: Shutting down and abandoning module AITestSuite (461)
[2021.01.15-19.17.34:532][416]LogModuleManager: Shutting down and abandoning module NavigationSystem (459)
[2021.01.15-19.17.34:532][416]LogModuleManager: Shutting down and abandoning module ImageWriteQueue (456)
[2021.01.15-19.17.34:535][416]LogModuleManager: Shutting down and abandoning module ProfilerService (454)
[2021.01.15-19.17.34:583][416]LogModuleManager: Shutting down and abandoning module TaskGraph (452)
[2021.01.15-19.17.34:593][416]LogModuleManager: Shutting down and abandoning module ScreenshotTools (450)
[2021.01.15-19.17.34:593][416]LogModuleManager: Shutting down and abandoning module ProceduralMeshComponentEditor (448)
[2021.01.15-19.17.34:593][416]LogModuleManager: Shutting down and abandoning module ProceduralMeshComponent (446)
[2021.01.15-19.17.34:593][416]LogModuleManager: Shutting down and abandoning module OculusEditor (444)
[2021.01.15-19.17.34:597][416]LogModuleManager: Shutting down and abandoning module OculusInput (442)
[2021.01.15-19.17.34:597][416]LogModuleManager: Shutting down and abandoning module MobilePatchingUtils (440)
[2021.01.15-19.17.34:597][416]LogModuleManager: Shutting down and abandoning module EditableMesh (438)
[2021.01.15-19.17.34:609][416]LogModuleManager: Shutting down and abandoning module CustomMeshComponent (436)
[2021.01.15-19.17.34:609][416]LogModuleManager: Shutting down and abandoning module CableComponent (434)
[2021.01.15-19.17.34:610][416]LogModuleManager: Shutting down and abandoning module AudioCapture (432)
[2021.01.15-19.17.34:610][416]LogModuleManager: Shutting down and abandoning module AudioCaptureRtAudio (431)
[2021.01.15-19.17.34:610][416]LogModuleManager: Shutting down and abandoning module AssetTags (428)
[2021.01.15-19.17.34:610][416]LogModuleManager: Shutting down and abandoning module ArchVisCharacter (426)
[2021.01.15-19.17.34:610][416]LogModuleManager: Shutting down and abandoning module AppleImageUtilsBlueprintSupport (424)
[2021.01.15-19.17.34:610][416]LogModuleManager: Shutting down and abandoning module AppleImageUtils (422)
[2021.01.15-19.17.34:610][416]LogModuleManager: Shutting down and abandoning module AndroidPermission (420)
[2021.01.15-19.17.34:610][416]LogModuleManager: Shutting down and abandoning module NUTUnrealEngine4 (418)
[2021.01.15-19.17.34:621][416]LogModuleManager: Shutting down and abandoning module NetcodeUnitTest (416)
[2021.01.15-19.17.34:632][416]LogModuleManager: Shutting down and abandoning module MediaCompositing (414)
[2021.01.15-19.17.34:632][416]LogModuleManager: Shutting down and abandoning module ImgMedia (412)
[2021.01.15-19.17.34:632][416]LogModuleManager: Shutting down and abandoning module MagicLeapHelperVulkan (410)
[2021.01.15-19.17.34:632][416]LogModuleManager: Shutting down and abandoning module MagicLeapHelperOpenGL (408)
[2021.01.15-19.17.34:632][416]LogModuleManager: Shutting down and abandoning module MagicLeapAudio (406)
[2021.01.15-19.17.34:632][416]LogModuleManager: Shutting down and abandoning module GeometryCacheTracks (404)
[2021.01.15-19.17.34:632][416]LogModuleManager: Shutting down and abandoning module GeometryCacheSequencer (402)
[2021.01.15-19.17.34:632][416]LogModuleManager: Shutting down and abandoning module BackChannel (400)
[2021.01.15-19.17.34:637][416]LogModuleManager: Shutting down and abandoning module AutomationUtilsEditor (398)
[2021.01.15-19.17.34:637][416]LogModuleManager: Shutting down and abandoning module AutomationUtils (396)
[2021.01.15-19.17.34:638][416]LogModuleManager: Shutting down and abandoning module AlembicImporter (394)
[2021.01.15-19.17.34:646][416]LogModuleManager: Shutting down and abandoning module AlembicLibrary (393)
[2021.01.15-19.17.34:657][416]LogModuleManager: Shutting down and abandoning module GeometryCache (392)
[2021.01.15-19.17.34:657][416]LogModuleManager: Shutting down and abandoning module GeometryCacheEd (391)
[2021.01.15-19.17.34:657][416]LogModuleManager: Shutting down and abandoning module VariantManagerContentEditor (386)
[2021.01.15-19.17.34:669][416]LogModuleManager: Shutting down and abandoning module DatasmithContentEditor (384)
[2021.01.15-19.17.34:674][416]LogModuleManager: Shutting down and abandoning module SpeedTreeImporter (382)
[2021.01.15-19.17.34:675][416]LogModuleManager: Shutting down and abandoning module PluginBrowser (380)
[2021.01.15-19.17.34:685][416]LogModuleManager: Shutting down and abandoning module MobileLauncherProfileWizard (378)
[2021.01.15-19.17.34:694][416]LogModuleManager: Shutting down and abandoning module MaterialAnalyzer (376)
[2021.01.15-19.17.34:698][416]LogModuleManager: Shutting down and abandoning module CurveEditorTools (374)
[2021.01.15-19.17.34:715][416]LogModuleManager: Shutting down and abandoning module CryptoKeysOpenSSL (372)
[2021.01.15-19.17.34:715][416]LogModuleManager: Shutting down and abandoning module CryptoKeys (370)
[2021.01.15-19.17.34:715][416]LogModuleManager: Shutting down and abandoning module VisualStudioSourceCodeAccess (368)
[2021.01.15-19.17.34:719][416]LogModuleManager: Shutting down and abandoning module VisualStudioCodeSourceCodeAccess (366)
[2021.01.15-19.17.34:719][416]LogModuleManager: Shutting down and abandoning module UObjectPlugin (364)
[2021.01.15-19.17.34:719][416]LogModuleManager: Shutting down and abandoning module SubversionSourceControl (362)
[2021.01.15-19.17.34:737][416]LogModuleManager: Shutting down and abandoning module PlasticSourceControl (360)
[2021.01.15-19.17.34:743][416]LogModuleManager: Shutting down and abandoning module PerforceSourceControl (358)
[2021.01.15-19.17.34:754][416]LogModuleManager: Shutting down and abandoning module GitSourceControl (356)
[2021.01.15-19.17.34:767][416]LogModuleManager: Shutting down and abandoning module SourceControl (355)
[2021.01.15-19.17.34:767][416]LogModuleManager: Shutting down and abandoning module CLionSourceCodeAccess (352)
[2021.01.15-19.17.34:777][416]LogModuleManager: Shutting down and abandoning module AnimationSharingEd (350)
[2021.01.15-19.17.34:777][416]LogModuleManager: Shutting down and abandoning module ActorLayerUtilitiesEditor (348)
[2021.01.15-19.17.34:777][416]LogModuleManager: Shutting down and abandoning module ActorLayerUtilities (346)
[2021.01.15-19.17.34:777][416]LogModuleManager: Shutting down and abandoning module LightPropagationVolumeEditor (344)
[2021.01.15-19.17.34:777][416]LogModuleManager: Shutting down and abandoning module PaperTiledImporter (342)
[2021.01.15-19.17.34:777][416]LogModuleManager: Shutting down and abandoning module PaperSpriteSheetImporter (340)
[2021.01.15-19.17.34:777][416]LogModuleManager: Shutting down and abandoning module Paper2DEditor (338)
[2021.01.15-19.17.34:790][416]LogModuleManager: Shutting down and abandoning module SignificanceManager (336)
[2021.01.15-19.17.34:790][416]LogModuleManager: Shutting down and abandoning module RuntimePhysXCooking (334)
[2021.01.15-19.17.34:790][416]LogModuleManager: Shutting down and abandoning module PhysXVehiclesEditor (332)
[2021.01.15-19.17.34:790][416]LogModuleManager: Shutting down and abandoning module LocationServicesBPLibrary (328)
[2021.01.15-19.17.34:790][416]LogModuleManager: Shutting down and abandoning module ActorSequence (326)
[2021.01.15-19.17.34:790][416]LogModuleManager: Shutting down and abandoning module UdpMessaging (324)
[2021.01.15-19.17.34:891][416]LogModuleManager: Shutting down and abandoning module TcpMessaging (322)
[2021.01.15-19.17.35:003][416]LogModuleManager: Shutting down and abandoning module MagicLeapPrivileges (320)
[2021.01.15-19.17.35:020][416]LogModuleManager: Shutting down and abandoning module MagicLeapPlanes (318)
[2021.01.15-19.17.35:050][416]LogMagicLeapPlanes: Planes tracker already destroyed.
[2021.01.15-19.17.35:051][416]LogModuleManager: Shutting down and abandoning module MagicLeapIdentity (316)
[2021.01.15-19.17.35:051][416]LogModuleManager: Shutting down and abandoning module MagicLeapSecureStorage (314)
[2021.01.15-19.17.35:051][416]LogModuleManager: Shutting down and abandoning module MagicLeapImageTracker (312)
[2021.01.15-19.17.35:051][416]LogModuleManager: Shutting down and abandoning module MagicLeapHandTracking (310)
[2021.01.15-19.17.35:051][416]LogModuleManager: Shutting down and abandoning module MagicLeapHandMeshing (308)
[2021.01.15-19.17.35:067][416]LogModuleManager: Shutting down and abandoning module MagicLeapEyeTracker (306)
[2021.01.15-19.17.35:067][416]LogModuleManager: Shutting down and abandoning module MagicLeapController (304)
[2021.01.15-19.17.35:073][416]LogSlate: Slate User Destroyed.  User Index 0, Is Virtual User: 0
[2021.01.15-19.17.35:073][416]LogModuleManager: Shutting down and abandoning module MagicLeapARPin (302)
[2021.01.15-19.17.35:073][416]LogModuleManager: Shutting down and abandoning module MagicLeapAR (300)
[2021.01.15-19.17.35:073][416]LogModuleManager: Shutting down and abandoning module AugmentedReality (299)
[2021.01.15-19.17.35:073][416]LogModuleManager: Shutting down and abandoning module GameplayTagsEditor (296)
[2021.01.15-19.17.35:073][416]LogModuleManager: Shutting down and abandoning module FacialAnimationEditor (294)
[2021.01.15-19.17.35:073][416]LogModuleManager: Shutting down and abandoning module FacialAnimation (292)
[2021.01.15-19.17.35:073][416]LogModuleManager: Shutting down and abandoning module DataValidation (290)
[2021.01.15-19.17.35:073][416]LogModuleManager: Shutting down and abandoning module AssetManagerEditor (288)
[2021.01.15-19.17.35:087][416]LogModuleManager: Shutting down and abandoning module LevelEditor (287)
[2021.01.15-19.17.35:094][416]LogModuleManager: Shutting down and abandoning module PixelInspectorModule (286)
[2021.01.15-19.17.35:117][416]LogModuleManager: Shutting down and abandoning module CommonMenuExtensions (284)
[2021.01.15-19.17.35:117][416]LogModuleManager: Shutting down and abandoning module MainFrame (282)
[2021.01.15-19.17.35:117][416]LogModuleManager: Shutting down and abandoning module HotReload (281)
[2021.01.15-19.17.35:129][416]LogModuleManager: Shutting down and abandoning module ContentBrowser (277)
[2021.01.15-19.17.35:131][416]LogModuleManager: Shutting down and abandoning module TreeMap (275)
[2021.01.15-19.17.35:140][416]LogModuleManager: Shutting down and abandoning module AnimationSharing (272)
[2021.01.15-19.17.35:140][416]LogModuleManager: Shutting down and abandoning module LightPropagationVolumeRuntime (270)
[2021.01.15-19.17.35:140][416]LogModuleManager: Shutting down and abandoning module Paper2D (268)
[2021.01.15-19.17.35:149][416]LogModuleManager: Shutting down and abandoning module WindowsMoviePlayer (266)
[2021.01.15-19.17.35:161][416]LogModuleManager: Shutting down and abandoning module WebMMoviePlayer (264)
[2021.01.15-19.17.35:176][416]LogModuleManager: Shutting down and abandoning module NetworkReplayStreaming (262)
[2021.01.15-19.17.35:176][416]LogModuleManager: Shutting down and abandoning module PacketHandler (260)
[2021.01.15-19.17.35:176][416]LogModuleManager: Shutting down and abandoning module ClothingSystemEditor (258)
[2021.01.15-19.17.35:176][416]LogModuleManager: Shutting down and abandoning module ClothingSystemRuntimeNv (256)
[2021.01.15-19.17.35:198][416]LogModuleManager: Shutting down and abandoning module MediaAssets (254)
[2021.01.15-19.17.35:198][416]LogModuleManager: Shutting down and abandoning module Overlay (252)
[2021.01.15-19.17.35:198][416]LogModuleManager: Shutting down and abandoning module OverlayEditor (251)
[2021.01.15-19.17.35:198][416]LogModuleManager: Shutting down and abandoning module VREditor (248)
[2021.01.15-19.17.35:207][416]LogModuleManager: Shutting down and abandoning module StringTableEditor (246)
[2021.01.15-19.17.35:219][416]LogModuleManager: Shutting down and abandoning module GameplayTasksEditor (244)
[2021.01.15-19.17.35:229][416]LogModuleManager: Shutting down and abandoning module BehaviorTreeEditor (242)
[2021.01.15-19.17.35:245][416]LogModuleManager: Shutting down and abandoning module FunctionalTesting (240)
[2021.01.15-19.17.35:256][416]LogModuleManager: Shutting down and abandoning module CollisionAnalyzer (238)
[2021.01.15-19.17.35:268][416]LogModuleManager: Shutting down and abandoning module WorkspaceMenuStructure (237)
[2021.01.15-19.17.35:269][416]LogModuleManager: Shutting down and abandoning module UMG (234)
[2021.01.15-19.17.35:279][416]LogModuleManager: Shutting down and abandoning module UMGEditor (233)
[2021.01.15-19.17.35:279][416]LogModuleManager: Shutting down and abandoning module MessageLog (231)
[2021.01.15-19.17.35:279][416]LogModuleManager: Shutting down and abandoning module SlateReflector (226)
[2021.01.15-19.17.35:294][416]LogModuleManager: Shutting down and abandoning module Slate (224)
[2021.01.15-19.17.35:295][416]LogModuleManager: Shutting down and abandoning module SlateCore (222)
[2021.01.15-19.17.35:295][416]LogModuleManager: Shutting down and abandoning module LandscapeEditorUtilities (220)
[2021.01.15-19.17.35:295][416]LogModuleManager: Shutting down and abandoning module UnrealEd (218)
[2021.01.15-19.17.35:295][416]LogModuleManager: Shutting down and abandoning module MRMesh (216)
[2021.01.15-19.17.35:295][416]LogModuleManager: Shutting down and abandoning module SourceCodeAccess (214)
[2021.01.15-19.17.35:295][416]LogModuleManager: Shutting down and abandoning module HeadMountedDisplay (212)
[2021.01.15-19.17.35:305][416]LogModuleManager: Shutting down and abandoning module XAudio2 (210)
[2021.01.15-19.17.35:312][416]LogModuleManager: Shutting down and abandoning module Networking (208)
[2021.01.15-19.17.35:312][416]LogModuleManager: Shutting down and abandoning module Core (206)
[2021.01.15-19.17.35:312][416]LogModuleManager: Shutting down and abandoning module MovieSceneTools (204)
[2021.01.15-19.17.35:321][416]LogModuleManager: Shutting down and abandoning module CurveEditor (203)
[2021.01.15-19.17.35:329][416]LogModuleManager: Shutting down and abandoning module Sequencer (201)
[2021.01.15-19.17.35:356][416]LogModuleManager: Shutting down and abandoning module EditorStyle (200)
[2021.01.15-19.17.35:359][416]LogModuleManager: Shutting down and abandoning module KismetCompiler (196)
[2021.01.15-19.17.35:359][416]LogModuleManager: Shutting down and abandoning module MeshUtilities (194)
[2021.01.15-19.17.35:359][416]LogModuleManager: Shutting down and abandoning module MeshMergeUtilities (193)
[2021.01.15-19.17.35:371][416]LogModuleManager: Shutting down and abandoning module MeshReductionInterface (192)
[2021.01.15-19.17.35:371][416]LogModuleManager: Shutting down and abandoning module MeshBoneReduction (191)
[2021.01.15-19.17.35:380][416]LogModuleManager: Shutting down and abandoning module SkeletalMeshReduction (189)
[2021.01.15-19.17.35:390][416]LogModuleManager: Shutting down and abandoning module ProxyLODMeshReduction (187)
[2021.01.15-19.17.35:404][416]LogModuleManager: Shutting down and abandoning module QuadricMeshReduction (185)
[2021.01.15-19.17.35:410][416]LogModuleManager: Shutting down and abandoning module MaterialBaking (181)
[2021.01.15-19.17.35:419][416]LogModuleManager: Shutting down and abandoning module NullInstallBundleManager (176)
[2021.01.15-19.17.35:419][416]LogModuleManager: Shutting down and abandoning module DerivedDataCache (174)
[2021.01.15-19.17.35:419][416]LogDerivedDataCache: Shutdown
[2021.01.15-19.17.35:419][416]LogModuleManager: Shutting down and abandoning module XGEController (172)
[2021.01.15-19.17.35:419][416]LogXGEController: Cleaning working directory: C:/Users/Walter/AppData/Local/Temp/UnrealXGEWorkingDir/
[2021.01.15-19.17.35:420][416]LogModuleManager: Shutting down and abandoning module TargetPlatform (170)
[2021.01.15-19.17.35:420][416]LogModuleManager: Shutting down and abandoning module VulkanShaderFormat (169)
[2021.01.15-19.17.35:426][416]LogModuleManager: Shutting down and abandoning module ShaderFormatVectorVM (167)
[2021.01.15-19.17.35:434][416]LogModuleManager: Shutting down and abandoning module ShaderFormatOpenGL (165)
[2021.01.15-19.17.35:437][416]LogModuleManager: Shutting down and abandoning module ShaderFormatD3D (163)
[2021.01.15-19.17.35:437][416]LogModuleManager: Shutting down and abandoning module MetalShaderFormat (161)
[2021.01.15-19.17.35:449][416]LogModuleManager: Shutting down and abandoning module TextureFormatUncompressed (159)
[2021.01.15-19.17.35:450][416]LogModuleManager: Shutting down and abandoning module TextureFormatPVR (157)
[2021.01.15-19.17.35:450][416]LogModuleManager: Shutting down and abandoning module TextureFormatDXT (155)
[2021.01.15-19.17.35:460][416]LogModuleManager: Shutting down and abandoning module TextureFormatIntelISPCTexComp (153)
[2021.01.15-19.17.35:471][416]LogModuleManager: Shutting down and abandoning module TextureFormatASTC (151)
[2021.01.15-19.17.35:471][416]LogModuleManager: Shutting down and abandoning module ImageWrapper (150)
[2021.01.15-19.17.35:471][416]LogModuleManager: Shutting down and abandoning module TextureFormatAndroid (147)
[2021.01.15-19.17.35:471][416]LogModuleManager: Shutting down and abandoning module AudioFormatOpus (145)
[2021.01.15-19.17.35:477][416]LogModuleManager: Shutting down and abandoning module AudioFormatOgg (143)
[2021.01.15-19.17.35:477][416]LogModuleManager: Shutting down and abandoning module AudioFormatADPCM (141)
[2021.01.15-19.17.35:483][416]LogModuleManager: Shutting down and abandoning module WindowsServerTargetPlatform (139)
[2021.01.15-19.17.35:483][416]LogModuleManager: Shutting down and abandoning module WindowsClientTargetPlatform (137)
[2021.01.15-19.17.35:483][416]LogModuleManager: Shutting down and abandoning module WindowsTargetPlatform (135)
[2021.01.15-19.17.35:483][416]LogModuleManager: Shutting down and abandoning module WindowsNoEditorTargetPlatform (133)
[2021.01.15-19.17.35:483][416]LogModuleManager: Shutting down and abandoning module TVOSTargetPlatform (131)
[2021.01.15-19.17.35:494][416]LogModuleManager: Shutting down and abandoning module LuminTargetPlatform (129)
[2021.01.15-19.17.35:505][416]LogModuleManager: Shutting down and abandoning module LinuxAArch64ServerTargetPlatform (127)
[2021.01.15-19.17.35:505][416]LogModuleManager: Shutting down and abandoning module LinuxAArch64ClientTargetPlatform (125)
[2021.01.15-19.17.35:510][416]LogModuleManager: Shutting down and abandoning module LinuxAArch64NoEditorTargetPlatform (123)
[2021.01.15-19.17.35:520][416]LogModuleManager: Shutting down and abandoning module LinuxServerTargetPlatform (121)
[2021.01.15-19.17.35:520][416]LogModuleManager: Shutting down and abandoning module LinuxClientTargetPlatform (119)
[2021.01.15-19.17.35:521][416]LogModuleManager: Shutting down and abandoning module LinuxNoEditorTargetPlatform (117)
[2021.01.15-19.17.35:526][416]LogModuleManager: Shutting down and abandoning module Messaging (115)
[2021.01.15-19.17.35:526][416]LogModuleManager: Shutting down and abandoning module IOSTargetPlatform (113)
[2021.01.15-19.17.35:530][416]LogModuleManager: Shutting down and abandoning module AndroidTargetPlatform (111)
[2021.01.15-19.17.35:571][416]LogModuleManager: Shutting down and abandoning module AllDesktopTargetPlatform (109)
[2021.01.15-19.17.35:571][416]LogModuleManager: Shutting down and abandoning module InputCore (106)
[2021.01.15-19.17.35:571][416]LogModuleManager: Shutting down and abandoning module Settings (104)
[2021.01.15-19.17.35:571][416]LogModuleManager: Shutting down and abandoning module DirectoryWatcher (102)
[2021.01.15-19.17.35:572][416]LogModuleManager: Shutting down and abandoning module PhysXCooking (100)
[2021.01.15-19.17.35:572][416]LogModuleManager: Shutting down and abandoning module ChaosSolvers (98)
[2021.01.15-19.17.35:583][416]LogModuleManager: Shutting down and abandoning module FieldSystemEngine (97)
[2021.01.15-19.17.35:583][416]LogModuleManager: Shutting down and abandoning module Chaos (94)
[2021.01.15-19.17.35:583][416]LogModuleManager: Shutting down and abandoning module WindowsPlatformFeatures (92)
[2021.01.15-19.17.35:583][416]LogModuleManager: Shutting down and abandoning module GameplayMediaEncoder (91)
[2021.01.15-19.17.35:595][416]LogModuleManager: Shutting down and abandoning module SteamVRInputDevice (88)
[2021.01.15-19.17.35:596][416]LogModuleManager: Shutting down and abandoning module SteamVRInput (86)
[2021.01.15-19.17.35:596][416]LogModuleManager: Shutting down and abandoning module SteamVR (84)
[2021.01.15-19.17.35:604][416]LogHMD: Freeing OpenVRDLLHandle.
[2021.01.15-19.17.35:604][416]LogModuleManager: Shutting down and abandoning module OculusHMD (82)
[2021.01.15-19.17.35:609][416]LogModuleManager: Shutting down and abandoning module ExampleDeviceProfileSelector (80)
[2021.01.15-19.17.35:609][416]LogModuleManager: Shutting down and abandoning module LauncherChunkInstaller (78)
[2021.01.15-19.17.35:609][416]LogModuleManager: Shutting down and abandoning module OnlineBlueprintSupport (76)
[2021.01.15-19.17.35:609][416]LogModuleManager: Shutting down and abandoning module OnlineSubsystem (72)
[2021.01.15-19.17.35:651][416]LogModuleManager: Shutting down and abandoning module XMPP (67)
[2021.01.15-19.17.35:696][416]LogModuleManager: Shutting down and abandoning module WebSockets (66)
[2021.01.15-19.17.35:757][416]LogModuleManager: Shutting down and abandoning module HTTP (63)
[2021.01.15-19.17.35:757][416]LogHttp: Display: Http module shutting down, but needs to wait on 1 outstanding Http requests:
[2021.01.15-19.17.35:757][416]LogHttp: Display: 	verb=[POST] url=[https://datarouter.ol.epicgames.com/datarouter/api/v1/public/data?SessionID=%7BBBC42E28-4210-1477-E833-8E9AEB460B17%7D&AppID=UEEditor.Rocket.Release&AppVersion=4.24.3-11590370%2B%2B%2BUE4%2BRelease-4.24&UserID=c9635a654065d0db35fce29c866ec059%7C555a33778a9945218dd75496be67b074%7C2841e906-aefc-45de-9d5f-57bc71c45bcc&AppEnvironment=datacollector-binary&UploadType=eteventstream] refs=[1] status=Processing
[2021.01.15-19.17.35:761][416]LogModuleManager: Shutting down and abandoning module SSL (62)
[2021.01.15-19.17.35:763][416]LogModuleManager: Shutting down and abandoning module WmfMedia (58)
[2021.01.15-19.17.35:779][416]LogModuleManager: Shutting down and abandoning module Media (57)
[2021.01.15-19.17.35:780][416]LogModuleManager: Shutting down and abandoning module MagicLeap (54)
[2021.01.15-19.17.35:780][416]LogModuleManager: Shutting down and abandoning module VariantManagerContent (52)
[2021.01.15-19.17.35:780][416]LogModuleManager: Shutting down and abandoning module DatasmithContent (50)
[2021.01.15-19.17.35:781][416]LogModuleManager: Shutting down and abandoning module AISupportModule (48)
[2021.01.15-19.17.35:781][416]LogModuleManager: Shutting down and abandoning module DesktopPlatform (46)
[2021.01.15-19.17.35:781][416]LogModuleManager: Shutting down and abandoning module PlatformCryptoOpenSSL (44)
[2021.01.15-19.17.35:792][416]LogModuleManager: Shutting down and abandoning module PlatformCryptoTypes (42)
[2021.01.15-19.17.35:792][416]LogModuleManager: Shutting down and abandoning module PlatformCrypto (40)
[2021.01.15-19.17.35:792][416]LogModuleManager: Shutting down and abandoning module AnimationModifiers (38)
[2021.01.15-19.17.35:804][416]LogModuleManager: Shutting down and abandoning module PropertyEditor (37)
[2021.01.15-19.17.35:810][416]LogModuleManager: Shutting down and abandoning module AudioEditor (34)
[2021.01.15-19.17.35:827][416]LogModuleManager: Shutting down and abandoning module TextureCompressor (32)
[2021.01.15-19.17.35:836][416]LogModuleManager: Shutting down and abandoning module RenderCore (30)
[2021.01.15-19.17.35:836][416]LogModuleManager: Shutting down and abandoning module Landscape (28)
[2021.01.15-19.17.35:836][416]LogModuleManager: Shutting down and abandoning module SlateRHIRenderer (26)
[2021.01.15-19.17.35:869][416]LogModuleManager: Shutting down and abandoning module OpenGLDrv (24)
[2021.01.15-19.17.35:876][416]LogModuleManager: Shutting down and abandoning module D3D11RHI (22)
[2021.01.15-19.17.35:876][416]LogModuleManager: Shutting down and abandoning module AnimGraphRuntime (20)
[2021.01.15-19.17.35:887][416]LogModuleManager: Shutting down and abandoning module Renderer (18)
[2021.01.15-19.17.35:895][416]LogModuleManager: Shutting down and abandoning module Engine (16)
[2021.01.15-19.17.35:895][416]LogModuleManager: Shutting down and abandoning module CoreUObject (14)
[2021.01.15-19.17.35:895][416]LogModuleManager: Shutting down and abandoning module NetworkFile (12)
[2021.01.15-19.17.35:902][416]LogModuleManager: Shutting down and abandoning module CookedIterativeFile (10)
[2021.01.15-19.17.35:902][416]LogModuleManager: Shutting down and abandoning module StreamingFile (8)
[2021.01.15-19.17.35:906][416]LogModuleManager: Shutting down and abandoning module SandboxFile (6)
[2021.01.15-19.17.35:917][416]LogModuleManager: Shutting down and abandoning module PakFile (4)
[2021.01.15-19.17.35:917][416]LogModuleManager: Shutting down and abandoning module RSA (3)
[2021.01.15-19.17.35:928][416]LogD3D11RHI: Shutdown
[2021.01.15-19.17.35:928][416]LogD3D11RHI: CleanupD3DDevice
[2021.01.15-19.17.36:003][416]LogExit: Exiting.
[2021.01.15-19.17.36:029][416]Log file closed, 01/15/21 14:17:36
