Log file open, 01/15/21 11:01:48
LogWindows: Failed to load 'aqProf.dll' (GetLastError=126)
LogWindows: File 'aqProf.dll' does not exist
LogWindows: Failed to load 'VtuneApi.dll' (GetLastError=126)
LogWindows: File 'VtuneApi.dll' does not exist
LogWindows: Failed to load 'VtuneApi32e.dll' (GetLastError=126)
LogWindows: File 'VtuneApi32e.dll' does not exist
LogConsoleResponse: Display: Failed to find resolution value strings in scalability ini. Falling back to default.
LogInit: Display: Running engine for game: cameraView
LogPlatformFile: Not using cached read wrapper
LogTaskGraph: Started task graph with 5 named threads and 35 total threads with 3 sets of task threads.
LogStats: Stats thread started at 9.353740
LogD3D11RHI: Loaded GFSDK_Aftermath_Lib.x64.dll
LogICUInternationalization: ICU TimeZone Detection - Raw Offset: -5:00, Platform Override: ''
LogPluginManager: Mounting plugin Paper2D
LogPluginManager: Mounting plugin AISupport
LogPluginManager: Mounting plugin LightPropagationVolume
LogPluginManager: Mounting plugin ActorLayerUtilities
LogPluginManager: Mounting plugin AnimationSharing
LogPluginManager: Mounting plugin CLionSourceCodeAccess
LogPluginManager: Mounting plugin CodeLiteSourceCodeAccess
LogPluginManager: Mounting plugin GitSourceControl
LogPluginManager: Mounting plugin KDevelopSourceCodeAccess
LogPluginManager: Mounting plugin NullSourceCodeAccess
LogPluginManager: Mounting plugin PerforceSourceControl
LogPluginManager: Mounting plugin PlasticSourceControl
LogPluginManager: Mounting plugin SubversionSourceControl
LogPluginManager: Mounting plugin UObjectPlugin
LogPluginManager: Mounting plugin VisualStudioCodeSourceCodeAccess
LogPluginManager: Mounting plugin VisualStudioSourceCodeAccess
LogPluginManager: Mounting plugin XCodeSourceCodeAccess
LogPluginManager: Mounting plugin AssetManagerEditor
LogPluginManager: Mounting plugin CryptoKeys
LogPluginManager: Mounting plugin CurveEditorTools
LogPluginManager: Mounting plugin DataValidation
LogPluginManager: Mounting plugin FacialAnimation
LogPluginManager: Mounting plugin GameplayTagsEditor
LogPluginManager: Mounting plugin MacGraphicsSwitching
LogPluginManager: Mounting plugin MaterialAnalyzer
LogPluginManager: Mounting plugin MobileLauncherProfileWizard
LogPluginManager: Mounting plugin PluginBrowser
LogPluginManager: Mounting plugin SpeedTreeImporter
LogPluginManager: Mounting plugin DatasmithContent
LogPluginManager: Mounting plugin VariantManagerContent
LogPluginManager: Mounting plugin AlembicImporter
LogPluginManager: Mounting plugin AutomationUtils
LogPluginManager: Mounting plugin BackChannel
LogPluginManager: Mounting plugin CharacterAI
LogPluginManager: Mounting plugin GeometryCache
LogPluginManager: Mounting plugin PlatformCrypto
LogPluginManager: Mounting plugin ProxyLODPlugin
LogPluginManager: Mounting plugin SkeletalReduction
LogPluginManager: Mounting plugin MagicLeap
LogPluginManager: Mounting plugin MagicLeapMedia
LogPluginManager: Mounting plugin MLSDK
LogPluginManager: Mounting plugin AndroidMedia
LogPluginManager: Mounting plugin AvfMedia
LogPluginManager: Mounting plugin ImgMedia
LogPluginManager: Mounting plugin MediaCompositing
LogPluginManager: Mounting plugin MediaPlayerEditor
LogPluginManager: Mounting plugin WebMMedia
LogPluginManager: Mounting plugin WmfMedia
LogPluginManager: Mounting plugin TcpMessaging
LogPluginManager: Mounting plugin UdpMessaging
LogPluginManager: Mounting plugin ActorSequence
LogPluginManager: Mounting plugin LevelSequenceEditor
LogPluginManager: Mounting plugin MatineeToLevelSequence
LogPluginManager: Mounting plugin NetcodeUnitTest
LogPluginManager: Mounting plugin NUTUnrealEngine4
LogPluginManager: Mounting plugin OnlineSubsystemGooglePlay
LogPluginManager: Mounting plugin OnlineSubsystemIOS
LogPluginManager: Mounting plugin OnlineSubsystem
LogPluginManager: Mounting plugin OnlineSubsystemNull
LogPluginManager: Mounting plugin OnlineSubsystemUtils
LogPluginManager: Mounting plugin LauncherChunkInstaller
LogPluginManager: Mounting plugin AndroidDeviceProfileSelector
LogPluginManager: Mounting plugin AndroidMoviePlayer
LogPluginManager: Mounting plugin AndroidPermission
LogPluginManager: Mounting plugin AppleImageUtils
LogPluginManager: Mounting plugin AppleMoviePlayer
LogPluginManager: Mounting plugin ArchVisCharacter
LogPluginManager: Mounting plugin AssetTags
LogPluginManager: Mounting plugin AudioCapture
LogPluginManager: Mounting plugin CableComponent
LogPluginManager: Mounting plugin CustomMeshComponent
LogPluginManager: Mounting plugin EditableMesh
LogPluginManager: Mounting plugin ExampleDeviceProfileSelector
LogPluginManager: Mounting plugin GoogleCloudMessaging
LogPluginManager: Mounting plugin IOSDeviceProfileSelector
LogPluginManager: Mounting plugin LinuxDeviceProfileSelector
LogPluginManager: Mounting plugin LocationServicesBPLibrary
LogPluginManager: Mounting plugin MobilePatchingUtils
LogPluginManager: Mounting plugin OculusVR
LogPluginManager: Mounting plugin PhysXVehicles
LogPluginManager: Mounting plugin PostSplashScreen
LogPluginManager: Mounting plugin ProceduralMeshComponent
LogPluginManager: Mounting plugin RuntimePhysXCooking
LogPluginManager: Mounting plugin SignificanceManager
LogPluginManager: Mounting plugin SteamVR
LogPluginManager: Mounting plugin WebMMoviePlayer
LogPluginManager: Mounting plugin WindowsMoviePlayer
LogPluginManager: Mounting plugin ScreenshotTools
LogInit: Using libcurl 7.55.1-DEV
LogInit:  - built for x86_64-pc-win32
LogInit:  - supports SSL with OpenSSL/1.1.1
LogInit:  - supports HTTP deflate (compression) using libz 1.2.8
LogInit:  - other features:
LogInit:      CURL_VERSION_SSL
LogInit:      CURL_VERSION_LIBZ
LogInit:      CURL_VERSION_IPV6
LogInit:      CURL_VERSION_ASYNCHDNS
LogInit:      CURL_VERSION_LARGEFILE
LogInit:      CURL_VERSION_IDN
LogInit:  CurlRequestOptions (configurable via config and command line):
LogInit:  - bVerifyPeer = true  - Libcurl will verify peer certificate
LogInit:  - bUseHttpProxy = false  - Libcurl will NOT use HTTP proxy
LogInit:  - bDontReuseConnections = false  - Libcurl will reuse connections
LogInit:  - MaxHostConnections = 16  - Libcurl will limit the number of connections to a host
LogInit:  - LocalHostAddr = Default
LogInit:  - BufferSize = 65536
LogOnline: OSS: Creating online subsystem instance for: NULL
LogInit: WinSock: version 1.1 (2.2), MaxSocks=32767, MaxUdp=65467
LogOnline: OSS: TryLoadSubsystemAndSetDefault: Loaded subsystem for module [NULL]
LogInit: Build: ++UE4+Release-4.24-CL-11590370
LogInit: Engine Version: 4.24.3-11590370+++UE4+Release-4.24
LogInit: Compatible Engine Version: 4.24.0-10570792+++UE4+Release-4.24
LogInit: Net CL: 10570792
LogInit: OS: Windows 10 (Release 1909) (), CPU: Intel(R) Core(TM) i7-8750H CPU @ 2.20GHz, GPU: Intel(R) UHD Graphics 630
LogInit: Compiled (64-bit): Feb 24 2020 15:39:18
LogInit: Compiled with Visual C++: 19.16.27032.01
LogInit: Build Configuration: Development
LogInit: Branch Name: ++UE4+Release-4.24
LogInit: Command Line: 
LogInit: Base Directory: D:/epicgame/Epic Games/UE_4.24/Engine/Binaries/Win64/
LogInit: Installed Engine Build: 1
LogDevObjectVersion: Number of dev versions registered: 25
LogDevObjectVersion:   Dev-Blueprints (B0D832E4-1F89-4F0D-ACCF-7EB736FD4AA2): 10
LogDevObjectVersion:   Dev-Build (E1C64328-A22C-4D53-A36C-8E866417BD8C): 0
LogDevObjectVersion:   Dev-Core (375EC13C-06E4-48FB-B500-84F0262A717E): 3
LogDevObjectVersion:   Dev-Editor (E4B068ED-F494-42E9-A231-DA0B2E46BB41): 37
LogDevObjectVersion:   Dev-Framework (CFFC743F-43B0-4480-9391-14DF171D2073): 36
LogDevObjectVersion:   Dev-Mobile (B02B49B5-BB20-44E9-A304-32B752E40360): 2
LogDevObjectVersion:   Dev-Networking (A4E4105C-59A1-49B5-A7C5-40C4547EDFEE): 0
LogDevObjectVersion:   Dev-Online (39C831C9-5AE6-47DC-9A44-9C173E1C8E7C): 0
LogDevObjectVersion:   Dev-Physics (78F01B33-EBEA-4F98-B9B4-84EACCB95AA2): 2
LogDevObjectVersion:   Dev-Platform (6631380F-2D4D-43E0-8009-CF276956A95A): 0
LogDevObjectVersion:   Dev-Rendering (12F88B9F-8875-4AFC-A67C-D90C383ABD29): 36
LogDevObjectVersion:   Dev-Sequencer (7B5AE74C-D270-4C10-A958-57980B212A5A): 11
LogDevObjectVersion:   Dev-VR (D7296918-1DD6-4BDD-9DE2-64A83CC13884): 2
LogDevObjectVersion:   Dev-LoadTimes (C2A15278-BFE7-4AFE-6C17-90FF531DF755): 1
LogDevObjectVersion:   Private-Geometry (6EACA3D4-40EC-4CC1-B786-8BED09428FC5): 3
LogDevObjectVersion:   Dev-AnimPhys (29E575DD-E0A3-4627-9D10-D276232CDCEA): 17
LogDevObjectVersion:   Dev-Anim (AF43A65D-7FD3-4947-9873-3E8ED9C1BB05): 2
LogDevObjectVersion:   Dev-ReflectionCapture (6B266CEC-1EC7-4B8F-A30B-E4D90942FC07): 1
LogDevObjectVersion:   Dev-Automation (0DF73D61-A23F-47EA-B727-89E90C41499A): 1
LogDevObjectVersion:   FortniteMain (601D1886-AC64-4F84-AA16-D3DE0DEAC7D6): 31
LogDevObjectVersion:   Dev-Enterprise (9DFFBCD6-494F-0158-E221-12823C92A888): 8
LogDevObjectVersion:   Dev-Niagara (F2AED0AC-9AFE-416F-8664-AA7FFA26D6FC): 1
LogDevObjectVersion:   Dev-Destruction (174F1F0B-B4C6-45A5-B13F-2EE8D0FB917D): 9
LogDevObjectVersion:   Dev-Physics-Ext (35F94A83-E258-406C-A318-09F59610247C): 8
LogDevObjectVersion:   Dev-CineCamera (B2E18506-4273-CFC2-A54E-F4BB758BBA07): 1
LogInit: Presizing for max 25165824 objects, including 0 objects not considered by GC, pre-allocating 0 bytes for permanent pool.
LogInit: Object subsystem initialized
LogConfig: Setting CVar [[con.DebugEarlyDefault:1]]
LogConfig: Setting CVar [[r.setres:1280x720]]
[2021.01.15-16.01.51:290][  0]LogConfig: Setting CVar [[r.VSync:0]]
[2021.01.15-16.01.51:290][  0]LogConfig: Setting CVar [[r.RHICmdBypass:0]]
[2021.01.15-16.01.51:295][  0]LogConfig: Applying CVar settings from Section [/Script/Engine.RendererSettings] File [D:/epicgame/Projects/cameraView/Saved/Config/Windows/Engine.ini]
[2021.01.15-16.01.51:295][  0]LogConfig: Setting CVar [[r.GPUCrashDebugging:0]]
[2021.01.15-16.01.51:295][  0]LogConfig: Setting CVar [[r.MobileHDR:0]]
[2021.01.15-16.01.51:295][  0]LogConfig: Setting CVar [[r.Mobile.DisableVertexFog:1]]
[2021.01.15-16.01.51:295][  0]LogConfig: Setting CVar [[r.Shadow.CSM.MaxMobileCascades:2]]
[2021.01.15-16.01.51:295][  0]LogConfig: Setting CVar [[r.MobileMSAA:1]]
[2021.01.15-16.01.51:295][  0]LogConfig: Setting CVar [[r.Mobile.UseLegacyShadingModel:0]]
[2021.01.15-16.01.51:295][  0]LogConfig: Setting CVar [[r.Mobile.UseHWsRGBEncoding:0]]
[2021.01.15-16.01.51:295][  0]LogConfig: Setting CVar [[r.Mobile.AllowDitheredLODTransition:0]]
[2021.01.15-16.01.51:295][  0]LogConfig: Setting CVar [[r.Mobile.AllowSoftwareOcclusion:0]]
[2021.01.15-16.01.51:295][  0]LogConfig: Setting CVar [[r.DiscardUnusedQuality:0]]
[2021.01.15-16.01.51:295][  0]LogConfig: Setting CVar [[r.AllowOcclusionQueries:1]]
[2021.01.15-16.01.51:295][  0]LogConfig: Setting CVar [[r.MinScreenRadiusForLights:0.030000]]
[2021.01.15-16.01.51:295][  0]LogConfig: Setting CVar [[r.MinScreenRadiusForDepthPrepass:0.030000]]
[2021.01.15-16.01.51:295][  0]LogConfig: Setting CVar [[r.MinScreenRadiusForCSMDepth:0.010000]]
[2021.01.15-16.01.51:295][  0]LogConfig: Setting CVar [[r.PrecomputedVisibilityWarning:0]]
[2021.01.15-16.01.51:296][  0]LogConfig: Setting CVar [[r.TextureStreaming:1]]
[2021.01.15-16.01.51:296][  0]LogConfig: Setting CVar [[Compat.UseDXT5NormalMaps:0]]
[2021.01.15-16.01.51:296][  0]LogConfig: Setting CVar [[r.VirtualTextures:0]]
[2021.01.15-16.01.51:296][  0]LogConfig: Setting CVar [[r.VirtualTexturedLightmaps:0]]
[2021.01.15-16.01.51:296][  0]LogConfig: Setting CVar [[r.VT.TileSize:128]]
[2021.01.15-16.01.51:296][  0]LogConfig: Setting CVar [[r.VT.TileBorderSize:4]]
[2021.01.15-16.01.51:296][  0]LogConfig: Setting CVar [[r.vt.FeedbackFactor:16]]
[2021.01.15-16.01.51:296][  0]LogConfig: Setting CVar [[r.VT.EnableCompressZlib:1]]
[2021.01.15-16.01.51:296][  0]LogConfig: Setting CVar [[r.VT.EnableCompressCrunch:0]]
[2021.01.15-16.01.51:296][  0]LogConfig: Setting CVar [[r.ClearCoatNormal:0]]
[2021.01.15-16.01.51:296][  0]LogConfig: Setting CVar [[r.ReflectionCaptureResolution:128]]
[2021.01.15-16.01.51:296][  0]LogConfig: Setting CVar [[r.ReflectionEnvironmentLightmapMixBasedOnRoughness:1]]
[2021.01.15-16.01.51:296][  0]LogConfig: Setting CVar [[r.ForwardShading:0]]
[2021.01.15-16.01.51:296][  0]LogConfig: Setting CVar [[r.VertexFoggingForOpaque:1]]
[2021.01.15-16.01.51:296][  0]LogConfig: Setting CVar [[r.AllowStaticLighting:1]]
[2021.01.15-16.01.51:296][  0]LogConfig: Setting CVar [[r.NormalMapsForStaticLighting:0]]
[2021.01.15-16.01.51:296][  0]LogConfig: Setting CVar [[r.GenerateMeshDistanceFields:0]]
[2021.01.15-16.01.51:296][  0]LogConfig: Setting CVar [[r.DistanceFieldBuild.EightBit:0]]
[2021.01.15-16.01.51:296][  0]LogConfig: Setting CVar [[r.GenerateLandscapeGIData:0]]
[2021.01.15-16.01.51:296][  0]LogConfig: Setting CVar [[r.DistanceFieldBuild.Compress:0]]
[2021.01.15-16.01.51:296][  0]LogConfig: Setting CVar [[r.TessellationAdaptivePixelsPerTriangle:48.000000]]
[2021.01.15-16.01.51:296][  0]LogConfig: Setting CVar [[r.SeparateTranslucency:0]]
[2021.01.15-16.01.51:296][  0]LogConfig: Setting CVar [[r.TranslucentSortPolicy:0]]
[2021.01.15-16.01.51:296][  0]LogConfig: Setting CVar [[r.CustomDepth:1]]
[2021.01.15-16.01.51:296][  0]LogConfig: Setting CVar [[r.CustomDepthTemporalAAJitter:1]]
[2021.01.15-16.01.51:296][  0]LogConfig: Setting CVar [[r.PostProcessing.PropagateAlpha:0]]
[2021.01.15-16.01.51:296][  0]LogConfig: Setting CVar [[r.DefaultFeature.Bloom:0]]
[2021.01.15-16.01.51:296][  0]LogConfig: Setting CVar [[r.DefaultFeature.AmbientOcclusion:0]]
[2021.01.15-16.01.51:296][  0]LogConfig: Setting CVar [[r.DefaultFeature.AmbientOcclusionStaticFraction:1]]
[2021.01.15-16.01.51:296][  0]LogConfig: Setting CVar [[r.DefaultFeature.AutoExposure:0]]
[2021.01.15-16.01.51:296][  0]LogConfig: Setting CVar [[r.DefaultFeature.AutoExposure.Method:0]]
[2021.01.15-16.01.51:296][  0]LogConfig: Setting CVar [[r.DefaultFeature.AutoExposure.ExtendDefaultLuminanceRange:0]]
[2021.01.15-16.01.51:296][  0]LogConfig: Setting CVar [[r.UsePreExposure:1]]
[2021.01.15-16.01.51:296][  0]LogConfig: Setting CVar [[r.EyeAdaptation.EditorOnly:1]]
[2021.01.15-16.01.51:296][  0]LogConfig: Setting CVar [[r.DefaultFeature.MotionBlur:0]]
[2021.01.15-16.01.51:296][  0]LogConfig: Setting CVar [[r.DefaultFeature.LensFlare:0]]
[2021.01.15-16.01.51:296][  0]LogConfig: Setting CVar [[r.TemporalAA.Upsampling:0]]
[2021.01.15-16.01.51:296][  0]LogConfig: Setting CVar [[r.SSGI.Enable:0]]
[2021.01.15-16.01.51:296][  0]LogConfig: Setting CVar [[r.DefaultFeature.AntiAliasing:0]]
[2021.01.15-16.01.51:296][  0]LogConfig: Setting CVar [[r.DefaultFeature.LightUnits:1]]
[2021.01.15-16.01.51:296][  0]LogConfig: Setting CVar [[r.DefaultBackBufferPixelFormat:4]]
[2021.01.15-16.01.51:296][  0]LogConfig: Setting CVar [[r.Shadow.UnbuiltPreviewInGame:1]]
[2021.01.15-16.01.51:296][  0]LogConfig: Setting CVar [[r.StencilForLODDither:0]]
[2021.01.15-16.01.51:296][  0]LogConfig: Setting CVar [[r.EarlyZPass:3]]
[2021.01.15-16.01.51:321][  0]LogConfig: Setting CVar [[r.EarlyZPassOnlyMaterialMasking:0]]
[2021.01.15-16.01.51:321][  0]LogConfig: Setting CVar [[r.DBuffer:1]]
[2021.01.15-16.01.51:321][  0]LogConfig: Setting CVar [[r.ClearSceneMethod:1]]
[2021.01.15-16.01.51:321][  0]LogConfig: Setting CVar [[r.BasePassOutputsVelocity:0]]
[2021.01.15-16.01.51:321][  0]LogConfig: Setting CVar [[r.SelectiveBasePassOutputs:0]]
[2021.01.15-16.01.51:321][  0]LogConfig: Setting CVar [[fx.GPUSimulationTextureSizeX:1024]]
[2021.01.15-16.01.51:321][  0]LogConfig: Setting CVar [[fx.GPUSimulationTextureSizeY:1024]]
[2021.01.15-16.01.51:321][  0]LogConfig: Setting CVar [[r.AllowGlobalClipPlane:0]]
[2021.01.15-16.01.51:321][  0]LogConfig: Setting CVar [[r.GBufferFormat:1]]
[2021.01.15-16.01.51:321][  0]LogConfig: Setting CVar [[r.MorphTarget.Mode:1]]
[2021.01.15-16.01.51:322][  0]LogConfig: Setting CVar [[vr.InstancedStereo:0]]
[2021.01.15-16.01.51:322][  0]LogConfig: Setting CVar [[vr.MultiView:0]]
[2021.01.15-16.01.51:322][  0]LogConfig: Setting CVar [[vr.MobileMultiView:0]]
[2021.01.15-16.01.51:322][  0]LogConfig: Setting CVar [[vr.MobileMultiView.Direct:0]]
[2021.01.15-16.01.51:322][  0]LogConfig: Setting CVar [[vr.RoundRobinOcclusion:0]]
[2021.01.15-16.01.51:322][  0]LogConfig: Setting CVar [[vr.ODSCapture:0]]
[2021.01.15-16.01.51:322][  0]LogConfig: Setting CVar [[r.WireframeCullThreshold:5.000000]]
[2021.01.15-16.01.51:322][  0]LogConfig: Setting CVar [[r.RayTracing:0]]
[2021.01.15-16.01.51:322][  0]LogConfig: Setting CVar [[r.RayTracing.UseTextureLod:0]]
[2021.01.15-16.01.51:322][  0]LogConfig: Setting CVar [[r.SupportStationarySkylight:1]]
[2021.01.15-16.01.51:322][  0]LogConfig: Setting CVar [[r.SupportLowQualityLightmaps:1]]
[2021.01.15-16.01.51:322][  0]LogConfig: Setting CVar [[r.SupportPointLightWholeSceneShadows:1]]
[2021.01.15-16.01.51:322][  0]LogConfig: Setting CVar [[r.SupportAtmosphericFog:1]]
[2021.01.15-16.01.51:322][  0]LogConfig: Setting CVar [[r.SupportSkyAtmosphere:1]]
[2021.01.15-16.01.51:322][  0]LogConfig: Setting CVar [[r.SupportSkyAtmosphereAffectsHeightFog:0]]
[2021.01.15-16.01.51:322][  0]LogConfig: Setting CVar [[r.SkinCache.CompileShaders:0]]
[2021.01.15-16.01.51:322][  0]LogConfig: Setting CVar [[r.Mobile.EnableStaticAndCSMShadowReceivers:1]]
[2021.01.15-16.01.51:322][  0]LogConfig: Setting CVar [[r.Mobile.EnableMovableLightCSMShaderCulling:1]]
[2021.01.15-16.01.51:322][  0]LogConfig: Setting CVar [[r.Mobile.AllowDistanceFieldShadows:1]]
[2021.01.15-16.01.51:322][  0]LogConfig: Setting CVar [[r.Mobile.AllowMovableDirectionalLights:1]]
[2021.01.15-16.01.51:322][  0]LogConfig: Setting CVar [[r.MobileNumDynamicPointLights:4]]
[2021.01.15-16.01.51:322][  0]LogConfig: Setting CVar [[r.MobileDynamicPointLightsUseStaticBranch:1]]
[2021.01.15-16.01.51:322][  0]LogConfig: Setting CVar [[r.Mobile.EnableMovableSpotlights:0]]
[2021.01.15-16.01.51:322][  0]LogConfig: Setting CVar [[r.SkinCache.SceneMemoryLimitInMB:128.000000]]
[2021.01.15-16.01.51:322][  0]LogConfig: Setting CVar [[r.GPUSkin.Limit2BoneInfluences:0]]
[2021.01.15-16.01.51:322][  0]LogConfig: Setting CVar [[r.SupportDepthOnlyIndexBuffers:1]]
[2021.01.15-16.01.51:322][  0]LogConfig: Setting CVar [[r.SupportReversedIndexBuffers:1]]
[2021.01.15-16.01.51:322][  0]LogConfig: Setting CVar [[r.SupportMaterialLayers:0]]
[2021.01.15-16.01.51:322][  0]LogConfig: Setting CVar [[r.LightPropagationVolume:0]]
[2021.01.15-16.01.51:322][  0]LogConfig: Applying CVar settings from Section [/Script/Engine.RendererOverrideSettings] File [D:/epicgame/Projects/cameraView/Saved/Config/Windows/Engine.ini]
[2021.01.15-16.01.51:322][  0]LogConfig: Applying CVar settings from Section [/Script/Engine.StreamingSettings] File [D:/epicgame/Projects/cameraView/Saved/Config/Windows/Engine.ini]
[2021.01.15-16.01.51:322][  0]LogConfig: Setting CVar [[s.MinBulkDataSizeForAsyncLoading:131072]]
[2021.01.15-16.01.51:322][  0]LogConfig: Setting CVar [[s.AsyncLoadingThreadEnabled:0]]
[2021.01.15-16.01.51:322][  0]LogConfig: Setting CVar [[s.EventDrivenLoaderEnabled:1]]
[2021.01.15-16.01.51:322][  0]LogConfig: Setting CVar [[s.WarnIfTimeLimitExceeded:0]]
[2021.01.15-16.01.51:322][  0]LogConfig: Setting CVar [[s.TimeLimitExceededMultiplier:1.5]]
[2021.01.15-16.01.51:322][  0]LogConfig: Setting CVar [[s.TimeLimitExceededMinTime:0.005]]
[2021.01.15-16.01.51:322][  0]LogConfig: Setting CVar [[s.UseBackgroundLevelStreaming:1]]
[2021.01.15-16.01.51:322][  0]LogConfig: Setting CVar [[s.PriorityAsyncLoadingExtraTime:15.0]]
[2021.01.15-16.01.51:322][  0]LogConfig: Setting CVar [[s.LevelStreamingActorsUpdateTimeLimit:5.0]]
[2021.01.15-16.01.51:322][  0]LogConfig: Setting CVar [[s.PriorityLevelStreamingActorsUpdateExtraTime:5.0]]
[2021.01.15-16.01.51:322][  0]LogConfig: Setting CVar [[s.LevelStreamingComponentsRegistrationGranularity:10]]
[2021.01.15-16.01.51:322][  0]LogConfig: Setting CVar [[s.UnregisterComponentsTimeLimit:1.0]]
[2021.01.15-16.01.51:322][  0]LogConfig: Setting CVar [[s.LevelStreamingComponentsUnregistrationGranularity:5]]
[2021.01.15-16.01.51:322][  0]LogConfig: Setting CVar [[s.FlushStreamingOnExit:1]]
[2021.01.15-16.01.51:322][  0]LogConfig: Applying CVar settings from Section [/Script/Engine.GarbageCollectionSettings] File [D:/epicgame/Projects/cameraView/Saved/Config/Windows/Engine.ini]
[2021.01.15-16.01.51:322][  0]LogConfig: Setting CVar [[gc.MaxObjectsNotConsideredByGC:1]]
[2021.01.15-16.01.51:322][  0]LogConfig: Setting CVar [[gc.SizeOfPermanentObjectPool:0]]
[2021.01.15-16.01.51:322][  0]LogConfig: Setting CVar [[gc.FlushStreamingOnGC:0]]
[2021.01.15-16.01.51:322][  0]LogConfig: Setting CVar [[gc.NumRetriesBeforeForcingGC:10]]
[2021.01.15-16.01.51:322][  0]LogConfig: Setting CVar [[gc.AllowParallelGC:1]]
[2021.01.15-16.01.51:322][  0]LogConfig: Setting CVar [[gc.TimeBetweenPurgingPendingKillObjects:61.1]]
[2021.01.15-16.01.51:322][  0]LogConfig: Setting CVar [[gc.MaxObjectsInEditor:25165824]]
[2021.01.15-16.01.51:322][  0]LogConfig: Setting CVar [[gc.IncrementalBeginDestroyEnabled:1]]
[2021.01.15-16.01.51:322][  0]LogConfig: Setting CVar [[gc.CreateGCClusters:1]]
[2021.01.15-16.01.51:322][  0]LogConfig: Setting CVar [[gc.MinGCClusterSize:5]]
[2021.01.15-16.01.51:322][  0]LogConfig: Setting CVar [[gc.ActorClusteringEnabled:0]]
[2021.01.15-16.01.51:322][  0]LogConfig: Setting CVar [[gc.BlueprintClusteringEnabled:0]]
[2021.01.15-16.01.51:322][  0]LogConfig: Setting CVar [[gc.UseDisregardForGCOnDedicatedServers:0]]
[2021.01.15-16.01.51:322][  0]LogConfig: Applying CVar settings from Section [/Script/Engine.NetworkSettings] File [D:/epicgame/Projects/cameraView/Saved/Config/Windows/Engine.ini]
[2021.01.15-16.01.51:322][  0]LogConfig: Applying CVar settings from Section [/Script/UnrealEd.CookerSettings] File [D:/epicgame/Projects/cameraView/Saved/Config/Windows/Engine.ini]
[2021.01.15-16.01.51:370][  0]LogConfig: Applying CVar settings from Section [ViewDistanceQuality@3] File [D:/epicgame/Projects/cameraView/Saved/Config/Windows/Scalability.ini]
[2021.01.15-16.01.51:370][  0]LogConfig: Setting CVar [[r.SkeletalMeshLODBias:0]]
[2021.01.15-16.01.51:370][  0]LogConfig: Setting CVar [[r.ViewDistanceScale:1.0]]
[2021.01.15-16.01.51:370][  0]LogConfig: Applying CVar settings from Section [AntiAliasingQuality@3] File [D:/epicgame/Projects/cameraView/Saved/Config/Windows/Scalability.ini]
[2021.01.15-16.01.51:370][  0]LogConfig: Setting CVar [[r.PostProcessAAQuality:4]]
[2021.01.15-16.01.51:370][  0]LogConfig: Applying CVar settings from Section [ShadowQuality@3] File [D:/epicgame/Projects/cameraView/Saved/Config/Windows/Scalability.ini]
[2021.01.15-16.01.51:370][  0]LogConfig: Setting CVar [[r.LightFunctionQuality:1]]
[2021.01.15-16.01.51:370][  0]LogConfig: Setting CVar [[r.ShadowQuality:5]]
[2021.01.15-16.01.51:370][  0]LogConfig: Setting CVar [[r.Shadow.CSM.MaxCascades:10]]
[2021.01.15-16.01.51:370][  0]LogConfig: Setting CVar [[r.Shadow.MaxResolution:2048]]
[2021.01.15-16.01.51:370][  0]LogConfig: Setting CVar [[r.Shadow.MaxCSMResolution:2048]]
[2021.01.15-16.01.51:370][  0]LogConfig: Setting CVar [[r.Shadow.RadiusThreshold:0.01]]
[2021.01.15-16.01.51:370][  0]LogConfig: Setting CVar [[r.Shadow.DistanceScale:1.0]]
[2021.01.15-16.01.51:370][  0]LogConfig: Setting CVar [[r.Shadow.CSM.TransitionScale:1.0]]
[2021.01.15-16.01.51:370][  0]LogConfig: Setting CVar [[r.Shadow.PreShadowResolutionFactor:1.0]]
[2021.01.15-16.01.51:370][  0]LogConfig: Setting CVar [[r.DistanceFieldShadowing:1]]
[2021.01.15-16.01.51:370][  0]LogConfig: Setting CVar [[r.DistanceFieldAO:1]]
[2021.01.15-16.01.51:370][  0]LogConfig: Setting CVar [[r.AOQuality:2]]
[2021.01.15-16.01.51:370][  0]LogConfig: Setting CVar [[r.VolumetricFog:1]]
[2021.01.15-16.01.51:370][  0]LogConfig: Setting CVar [[r.VolumetricFog.GridPixelSize:8]]
[2021.01.15-16.01.51:370][  0]LogConfig: Setting CVar [[r.VolumetricFog.GridSizeZ:128]]
[2021.01.15-16.01.51:370][  0]LogConfig: Setting CVar [[r.VolumetricFog.HistoryMissSupersampleCount:4]]
[2021.01.15-16.01.51:370][  0]LogConfig: Setting CVar [[r.LightMaxDrawDistanceScale:1]]
[2021.01.15-16.01.51:370][  0]LogConfig: Setting CVar [[r.CapsuleShadows:1]]
[2021.01.15-16.01.51:370][  0]LogConfig: Applying CVar settings from Section [PostProcessQuality@3] File [D:/epicgame/Projects/cameraView/Saved/Config/Windows/Scalability.ini]
[2021.01.15-16.01.51:370][  0]LogConfig: Setting CVar [[r.MotionBlurQuality:4]]
[2021.01.15-16.01.51:370][  0]LogConfig: Setting CVar [[r.AmbientOcclusionMipLevelFactor:0.4]]
[2021.01.15-16.01.51:370][  0]LogConfig: Setting CVar [[r.AmbientOcclusionMaxQuality:100]]
[2021.01.15-16.01.51:370][  0]LogConfig: Setting CVar [[r.AmbientOcclusionLevels:-1]]
[2021.01.15-16.01.51:370][  0]LogConfig: Setting CVar [[r.AmbientOcclusionRadiusScale:1.0]]
[2021.01.15-16.01.51:370][  0]LogConfig: Setting CVar [[r.DepthOfFieldQuality:2]]
[2021.01.15-16.01.51:370][  0]LogConfig: Setting CVar [[r.RenderTargetPoolMin:400]]
[2021.01.15-16.01.51:370][  0]LogConfig: Setting CVar [[r.LensFlareQuality:2]]
[2021.01.15-16.01.51:370][  0]LogConfig: Setting CVar [[r.SceneColorFringeQuality:1]]
[2021.01.15-16.01.51:370][  0]LogConfig: Setting CVar [[r.EyeAdaptationQuality:2]]
[2021.01.15-16.01.51:370][  0]LogConfig: Setting CVar [[r.BloomQuality:5]]
[2021.01.15-16.01.51:370][  0]LogConfig: Setting CVar [[r.FastBlurThreshold:100]]
[2021.01.15-16.01.51:370][  0]LogConfig: Setting CVar [[r.Upscale.Quality:3]]
[2021.01.15-16.01.51:370][  0]LogConfig: Setting CVar [[r.Tonemapper.GrainQuantization:1]]
[2021.01.15-16.01.51:370][  0]LogConfig: Setting CVar [[r.LightShaftQuality:1]]
[2021.01.15-16.01.51:370][  0]LogConfig: Setting CVar [[r.Filter.SizeScale:1]]
[2021.01.15-16.01.51:370][  0]LogConfig: Setting CVar [[r.Tonemapper.Quality:5]]
[2021.01.15-16.01.51:370][  0]LogConfig: Setting CVar [[r.DOF.Gather.AccumulatorQuality:1        ; higher gathering accumulator quality]]
[2021.01.15-16.01.51:370][  0]LogConfig: Setting CVar [[r.DOF.Gather.PostfilterMethod:1          ; Median3x3 postfilering method]]
[2021.01.15-16.01.51:370][  0]LogConfig: Setting CVar [[r.DOF.Gather.EnableBokehSettings:0       ; no bokeh simulation when gathering]]
[2021.01.15-16.01.51:370][  0]LogConfig: Setting CVar [[r.DOF.Gather.RingCount:4                 ; medium number of samples when gathering]]
[2021.01.15-16.01.51:370][  0]LogConfig: Setting CVar [[r.DOF.Scatter.ForegroundCompositing:1    ; additive foreground scattering]]
[2021.01.15-16.01.51:370][  0]LogConfig: Setting CVar [[r.DOF.Scatter.BackgroundCompositing:2    ; additive background scattering]]
[2021.01.15-16.01.51:370][  0]LogConfig: Setting CVar [[r.DOF.Scatter.EnableBokehSettings:1      ; bokeh simulation when scattering]]
[2021.01.15-16.01.51:370][  0]LogConfig: Setting CVar [[r.DOF.Scatter.MaxSpriteRatio:0.1         ; only a maximum of 10% of scattered bokeh]]
[2021.01.15-16.01.51:370][  0]LogConfig: Setting CVar [[r.DOF.Recombine.Quality:1                ; cheap slight out of focus]]
[2021.01.15-16.01.51:370][  0]LogConfig: Setting CVar [[r.DOF.Recombine.EnableBokehSettings:0    ; no bokeh simulation on slight out of focus]]
[2021.01.15-16.01.51:370][  0]LogConfig: Setting CVar [[r.DOF.TemporalAAQuality:1                ; more stable temporal accumulation]]
[2021.01.15-16.01.51:370][  0]LogConfig: Setting CVar [[r.DOF.Kernel.MaxForegroundRadius:0.025]]
[2021.01.15-16.01.51:370][  0]LogConfig: Setting CVar [[r.DOF.Kernel.MaxBackgroundRadius:0.025]]
[2021.01.15-16.01.51:370][  0]LogConfig: Applying CVar settings from Section [TextureQuality@3] File [D:/epicgame/Projects/cameraView/Saved/Config/Windows/Scalability.ini]
[2021.01.15-16.01.51:370][  0]LogConfig: Setting CVar [[r.Streaming.MipBias:0]]
[2021.01.15-16.01.51:370][  0]LogConfig: Setting CVar [[r.Streaming.AmortizeCPUToGPUCopy:0]]
[2021.01.15-16.01.51:370][  0]LogConfig: Setting CVar [[r.Streaming.MaxNumTexturesToStreamPerFrame:0]]
[2021.01.15-16.01.51:370][  0]LogConfig: Setting CVar [[r.Streaming.Boost:1]]
[2021.01.15-16.01.51:371][  0]LogConfig: Setting CVar [[r.MaxAnisotropy:8]]
[2021.01.15-16.01.51:371][  0]LogConfig: Setting CVar [[r.VT.MaxAnisotropy:8]]
[2021.01.15-16.01.51:371][  0]LogConfig: Setting CVar [[r.Streaming.LimitPoolSizeToVRAM:0]]
[2021.01.15-16.01.51:371][  0]LogConfig: Setting CVar [[r.Streaming.PoolSize:1000]]
[2021.01.15-16.01.51:371][  0]LogConfig: Setting CVar [[r.Streaming.MaxEffectiveScreenSize:0]]
[2021.01.15-16.01.51:371][  0]LogConfig: Applying CVar settings from Section [EffectsQuality@3] File [D:/epicgame/Projects/cameraView/Saved/Config/Windows/Scalability.ini]
[2021.01.15-16.01.51:371][  0]LogConfig: Setting CVar [[r.TranslucencyLightingVolumeDim:64]]
[2021.01.15-16.01.51:371][  0]LogConfig: Setting CVar [[r.RefractionQuality:2]]
[2021.01.15-16.01.51:371][  0]LogConfig: Setting CVar [[r.SSR.Quality:3]]
[2021.01.15-16.01.51:371][  0]LogConfig: Setting CVar [[r.SSR.HalfResSceneColor:0]]
[2021.01.15-16.01.51:371][  0]LogConfig: Setting CVar [[r.SceneColorFormat:4]]
[2021.01.15-16.01.51:371][  0]LogConfig: Setting CVar [[r.DetailMode:2]]
[2021.01.15-16.01.51:371][  0]LogConfig: Setting CVar [[r.TranslucencyVolumeBlur:1]]
[2021.01.15-16.01.51:371][  0]LogConfig: Setting CVar [[r.MaterialQualityLevel:1 ; High quality]]
[2021.01.15-16.01.51:371][  0]LogConfig: Setting CVar [[r.SSS.Scale:1]]
[2021.01.15-16.01.51:371][  0]LogConfig: Setting CVar [[r.SSS.SampleSet:2]]
[2021.01.15-16.01.51:371][  0]LogConfig: Setting CVar [[r.SSS.Quality:1]]
[2021.01.15-16.01.51:371][  0]LogConfig: Setting CVar [[r.SSS.HalfRes:1]]
[2021.01.15-16.01.51:371][  0]LogConfig: Setting CVar [[r.SSGI.Quality:3]]
[2021.01.15-16.01.51:371][  0]LogConfig: Setting CVar [[r.EmitterSpawnRateScale:1.0]]
[2021.01.15-16.01.51:371][  0]LogConfig: Setting CVar [[r.ParticleLightQuality:2]]
[2021.01.15-16.01.51:371][  0]LogConfig: Setting CVar [[r.SkyAtmosphere.AerialPerspectiveLUT.FastApplyOnOpaque:1 ; Always have FastSkyLUT 1 in this case to avoid wrong sky]]
[2021.01.15-16.01.51:371][  0]LogConfig: Setting CVar [[r.SkyAtmosphere.AerialPerspectiveLUT.SampleCountPerSlice:1]]
[2021.01.15-16.01.51:371][  0]LogConfig: Setting CVar [[r.SkyAtmosphere.AerialPerspectiveLUT.DepthResolution:16.0]]
[2021.01.15-16.01.51:371][  0]LogConfig: Setting CVar [[r.SkyAtmosphere.FastSkyLUT:1]]
[2021.01.15-16.01.51:371][  0]LogConfig: Setting CVar [[r.SkyAtmosphere.FastSkyLUT.SampleCountMin:4.0]]
[2021.01.15-16.01.51:371][  0]LogConfig: Setting CVar [[r.SkyAtmosphere.FastSkyLUT.SampleCountMax:32.0]]
[2021.01.15-16.01.51:371][  0]LogConfig: Setting CVar [[r.SkyAtmosphere.SampleCountMin:4.0]]
[2021.01.15-16.01.51:371][  0]LogConfig: Setting CVar [[r.SkyAtmosphere.SampleCountMax:32.0]]
[2021.01.15-16.01.51:371][  0]LogConfig: Setting CVar [[r.SkyAtmosphere.TransmittanceLUT.UseSmallFormat:0]]
[2021.01.15-16.01.51:371][  0]LogConfig: Setting CVar [[r.SkyAtmosphere.TransmittanceLUT.SampleCount:10.0]]
[2021.01.15-16.01.51:371][  0]LogConfig: Setting CVar [[r.SkyAtmosphere.MultiScatteringLUT.SampleCount:15.0]]
[2021.01.15-16.01.51:371][  0]LogConfig: Applying CVar settings from Section [FoliageQuality@3] File [D:/epicgame/Projects/cameraView/Saved/Config/Windows/Scalability.ini]
[2021.01.15-16.01.51:371][  0]LogConfig: Setting CVar [[foliage.DensityScale:1.0]]
[2021.01.15-16.01.51:371][  0]LogConfig: Setting CVar [[grass.DensityScale:1.0]]
[2021.01.15-16.01.51:371][  0]LogConfig: Applying CVar settings from Section [ShadingQuality@3] File [D:/epicgame/Projects/cameraView/Saved/Config/Windows/Scalability.ini]
[2021.01.15-16.01.51:371][  0]LogConfig: Setting CVar [[r.HairStrands.SkyLighting.SampleCount:16]]
[2021.01.15-16.01.51:371][  0]LogConfig: Setting CVar [[r.HairStrands.SkyLighting.JitterIntegration:0]]
[2021.01.15-16.01.51:371][  0]LogConfig: Setting CVar [[r.HairStrands.SkyAO.SampleCount:16]]
[2021.01.15-16.01.51:372][  0]LogInit: Selected Device Profile: [Windows]
[2021.01.15-16.01.51:372][  0]LogInit: Applying CVar settings loaded from the selected device profile: [Windows]
[2021.01.15-16.01.51:400][  0]LogHAL: Display: Platform has ~ 16 GB [17032544256 / 17179869184 / 16], which maps to Larger [LargestMinGB=32, LargerMinGB=12, DefaultMinGB=8, SmallerMinGB=6, SmallestMinGB=0)
[2021.01.15-16.01.51:401][  0]LogInit: Going up to parent DeviceProfile []
[2021.01.15-16.01.51:401][  0]LogConfig: Applying CVar settings from Section [ViewDistanceQuality@3] File [D:/epicgame/Projects/cameraView/Saved/Config/Windows/Scalability.ini]
[2021.01.15-16.01.51:401][  0]LogConfig: Setting CVar [[r.SkeletalMeshLODBias:0]]
[2021.01.15-16.01.51:401][  0]LogConfig: Setting CVar [[r.ViewDistanceScale:1.0]]
[2021.01.15-16.01.51:401][  0]LogConfig: Applying CVar settings from Section [AntiAliasingQuality@3] File [D:/epicgame/Projects/cameraView/Saved/Config/Windows/Scalability.ini]
[2021.01.15-16.01.51:401][  0]LogConfig: Setting CVar [[r.PostProcessAAQuality:4]]
[2021.01.15-16.01.51:401][  0]LogConfig: Applying CVar settings from Section [ShadowQuality@3] File [D:/epicgame/Projects/cameraView/Saved/Config/Windows/Scalability.ini]
[2021.01.15-16.01.51:401][  0]LogConfig: Setting CVar [[r.LightFunctionQuality:1]]
[2021.01.15-16.01.51:401][  0]LogConfig: Setting CVar [[r.ShadowQuality:5]]
[2021.01.15-16.01.51:401][  0]LogConfig: Setting CVar [[r.Shadow.CSM.MaxCascades:10]]
[2021.01.15-16.01.51:401][  0]LogConfig: Setting CVar [[r.Shadow.MaxResolution:2048]]
[2021.01.15-16.01.51:401][  0]LogConfig: Setting CVar [[r.Shadow.MaxCSMResolution:2048]]
[2021.01.15-16.01.51:401][  0]LogConfig: Setting CVar [[r.Shadow.RadiusThreshold:0.01]]
[2021.01.15-16.01.51:401][  0]LogConfig: Setting CVar [[r.Shadow.DistanceScale:1.0]]
[2021.01.15-16.01.51:401][  0]LogConfig: Setting CVar [[r.Shadow.CSM.TransitionScale:1.0]]
[2021.01.15-16.01.51:401][  0]LogConfig: Setting CVar [[r.Shadow.PreShadowResolutionFactor:1.0]]
[2021.01.15-16.01.51:401][  0]LogConfig: Setting CVar [[r.DistanceFieldShadowing:1]]
[2021.01.15-16.01.51:401][  0]LogConfig: Setting CVar [[r.DistanceFieldAO:1]]
[2021.01.15-16.01.51:401][  0]LogConfig: Setting CVar [[r.AOQuality:2]]
[2021.01.15-16.01.51:401][  0]LogConfig: Setting CVar [[r.VolumetricFog:1]]
[2021.01.15-16.01.51:401][  0]LogConfig: Setting CVar [[r.VolumetricFog.GridPixelSize:8]]
[2021.01.15-16.01.51:401][  0]LogConfig: Setting CVar [[r.VolumetricFog.GridSizeZ:128]]
[2021.01.15-16.01.51:401][  0]LogConfig: Setting CVar [[r.VolumetricFog.HistoryMissSupersampleCount:4]]
[2021.01.15-16.01.51:401][  0]LogConfig: Setting CVar [[r.LightMaxDrawDistanceScale:1]]
[2021.01.15-16.01.51:401][  0]LogConfig: Setting CVar [[r.CapsuleShadows:1]]
[2021.01.15-16.01.51:401][  0]LogConfig: Applying CVar settings from Section [PostProcessQuality@3] File [D:/epicgame/Projects/cameraView/Saved/Config/Windows/Scalability.ini]
[2021.01.15-16.01.51:401][  0]LogConfig: Setting CVar [[r.MotionBlurQuality:4]]
[2021.01.15-16.01.51:401][  0]LogConfig: Setting CVar [[r.AmbientOcclusionMipLevelFactor:0.4]]
[2021.01.15-16.01.51:401][  0]LogConfig: Setting CVar [[r.AmbientOcclusionMaxQuality:100]]
[2021.01.15-16.01.51:401][  0]LogConfig: Setting CVar [[r.AmbientOcclusionLevels:-1]]
[2021.01.15-16.01.51:401][  0]LogConfig: Setting CVar [[r.AmbientOcclusionRadiusScale:1.0]]
[2021.01.15-16.01.51:401][  0]LogConfig: Setting CVar [[r.DepthOfFieldQuality:2]]
[2021.01.15-16.01.51:401][  0]LogConfig: Setting CVar [[r.RenderTargetPoolMin:400]]
[2021.01.15-16.01.51:401][  0]LogConfig: Setting CVar [[r.LensFlareQuality:2]]
[2021.01.15-16.01.51:401][  0]LogConfig: Setting CVar [[r.SceneColorFringeQuality:1]]
[2021.01.15-16.01.51:401][  0]LogConfig: Setting CVar [[r.EyeAdaptationQuality:2]]
[2021.01.15-16.01.51:401][  0]LogConfig: Setting CVar [[r.BloomQuality:5]]
[2021.01.15-16.01.51:401][  0]LogConfig: Setting CVar [[r.FastBlurThreshold:100]]
[2021.01.15-16.01.51:401][  0]LogConfig: Setting CVar [[r.Upscale.Quality:3]]
[2021.01.15-16.01.51:401][  0]LogConfig: Setting CVar [[r.Tonemapper.GrainQuantization:1]]
[2021.01.15-16.01.51:401][  0]LogConfig: Setting CVar [[r.LightShaftQuality:1]]
[2021.01.15-16.01.51:401][  0]LogConfig: Setting CVar [[r.Filter.SizeScale:1]]
[2021.01.15-16.01.51:401][  0]LogConfig: Setting CVar [[r.Tonemapper.Quality:5]]
[2021.01.15-16.01.51:401][  0]LogConfig: Setting CVar [[r.DOF.Gather.AccumulatorQuality:1        ; higher gathering accumulator quality]]
[2021.01.15-16.01.51:401][  0]LogConfig: Setting CVar [[r.DOF.Gather.PostfilterMethod:1          ; Median3x3 postfilering method]]
[2021.01.15-16.01.51:401][  0]LogConfig: Setting CVar [[r.DOF.Gather.EnableBokehSettings:0       ; no bokeh simulation when gathering]]
[2021.01.15-16.01.51:401][  0]LogConfig: Setting CVar [[r.DOF.Gather.RingCount:4                 ; medium number of samples when gathering]]
[2021.01.15-16.01.51:401][  0]LogConfig: Setting CVar [[r.DOF.Scatter.ForegroundCompositing:1    ; additive foreground scattering]]
[2021.01.15-16.01.51:401][  0]LogConfig: Setting CVar [[r.DOF.Scatter.BackgroundCompositing:2    ; additive background scattering]]
[2021.01.15-16.01.51:401][  0]LogConfig: Setting CVar [[r.DOF.Scatter.EnableBokehSettings:1      ; bokeh simulation when scattering]]
[2021.01.15-16.01.51:401][  0]LogConfig: Setting CVar [[r.DOF.Scatter.MaxSpriteRatio:0.1         ; only a maximum of 10% of scattered bokeh]]
[2021.01.15-16.01.51:401][  0]LogConfig: Setting CVar [[r.DOF.Recombine.Quality:1                ; cheap slight out of focus]]
[2021.01.15-16.01.51:401][  0]LogConfig: Setting CVar [[r.DOF.Recombine.EnableBokehSettings:0    ; no bokeh simulation on slight out of focus]]
[2021.01.15-16.01.51:401][  0]LogConfig: Setting CVar [[r.DOF.TemporalAAQuality:1                ; more stable temporal accumulation]]
[2021.01.15-16.01.51:401][  0]LogConfig: Setting CVar [[r.DOF.Kernel.MaxForegroundRadius:0.025]]
[2021.01.15-16.01.51:401][  0]LogConfig: Setting CVar [[r.DOF.Kernel.MaxBackgroundRadius:0.025]]
[2021.01.15-16.01.51:401][  0]LogConfig: Applying CVar settings from Section [TextureQuality@3] File [D:/epicgame/Projects/cameraView/Saved/Config/Windows/Scalability.ini]
[2021.01.15-16.01.51:401][  0]LogConfig: Setting CVar [[r.Streaming.MipBias:0]]
[2021.01.15-16.01.51:401][  0]LogConfig: Setting CVar [[r.Streaming.AmortizeCPUToGPUCopy:0]]
[2021.01.15-16.01.51:401][  0]LogConfig: Setting CVar [[r.Streaming.MaxNumTexturesToStreamPerFrame:0]]
[2021.01.15-16.01.51:401][  0]LogConfig: Setting CVar [[r.Streaming.Boost:1]]
[2021.01.15-16.01.51:401][  0]LogConfig: Setting CVar [[r.MaxAnisotropy:8]]
[2021.01.15-16.01.51:401][  0]LogConfig: Setting CVar [[r.VT.MaxAnisotropy:8]]
[2021.01.15-16.01.51:401][  0]LogConfig: Setting CVar [[r.Streaming.LimitPoolSizeToVRAM:0]]
[2021.01.15-16.01.51:401][  0]LogConfig: Setting CVar [[r.Streaming.PoolSize:1000]]
[2021.01.15-16.01.51:401][  0]LogConfig: Setting CVar [[r.Streaming.MaxEffectiveScreenSize:0]]
[2021.01.15-16.01.51:401][  0]LogConfig: Applying CVar settings from Section [EffectsQuality@3] File [D:/epicgame/Projects/cameraView/Saved/Config/Windows/Scalability.ini]
[2021.01.15-16.01.51:401][  0]LogConfig: Setting CVar [[r.TranslucencyLightingVolumeDim:64]]
[2021.01.15-16.01.51:401][  0]LogConfig: Setting CVar [[r.RefractionQuality:2]]
[2021.01.15-16.01.51:401][  0]LogConfig: Setting CVar [[r.SSR.Quality:3]]
[2021.01.15-16.01.51:401][  0]LogConfig: Setting CVar [[r.SSR.HalfResSceneColor:0]]
[2021.01.15-16.01.51:401][  0]LogConfig: Setting CVar [[r.SceneColorFormat:4]]
[2021.01.15-16.01.51:401][  0]LogConfig: Setting CVar [[r.DetailMode:2]]
[2021.01.15-16.01.51:401][  0]LogConfig: Setting CVar [[r.TranslucencyVolumeBlur:1]]
[2021.01.15-16.01.51:401][  0]LogConfig: Setting CVar [[r.MaterialQualityLevel:1 ; High quality]]
[2021.01.15-16.01.51:401][  0]LogConfig: Setting CVar [[r.SSS.Scale:1]]
[2021.01.15-16.01.51:401][  0]LogConfig: Setting CVar [[r.SSS.SampleSet:2]]
[2021.01.15-16.01.51:401][  0]LogConfig: Setting CVar [[r.SSS.Quality:1]]
[2021.01.15-16.01.51:401][  0]LogConfig: Setting CVar [[r.SSS.HalfRes:1]]
[2021.01.15-16.01.51:401][  0]LogConfig: Setting CVar [[r.SSGI.Quality:3]]
[2021.01.15-16.01.51:401][  0]LogConfig: Setting CVar [[r.EmitterSpawnRateScale:1.0]]
[2021.01.15-16.01.51:401][  0]LogConfig: Setting CVar [[r.ParticleLightQuality:2]]
[2021.01.15-16.01.51:402][  0]LogConfig: Setting CVar [[r.SkyAtmosphere.AerialPerspectiveLUT.FastApplyOnOpaque:1 ; Always have FastSkyLUT 1 in this case to avoid wrong sky]]
[2021.01.15-16.01.51:402][  0]LogConfig: Setting CVar [[r.SkyAtmosphere.AerialPerspectiveLUT.SampleCountPerSlice:1]]
[2021.01.15-16.01.51:402][  0]LogConfig: Setting CVar [[r.SkyAtmosphere.AerialPerspectiveLUT.DepthResolution:16.0]]
[2021.01.15-16.01.51:402][  0]LogConfig: Setting CVar [[r.SkyAtmosphere.FastSkyLUT:1]]
[2021.01.15-16.01.51:402][  0]LogConfig: Setting CVar [[r.SkyAtmosphere.FastSkyLUT.SampleCountMin:4.0]]
[2021.01.15-16.01.51:402][  0]LogConfig: Setting CVar [[r.SkyAtmosphere.FastSkyLUT.SampleCountMax:32.0]]
[2021.01.15-16.01.51:402][  0]LogConfig: Setting CVar [[r.SkyAtmosphere.SampleCountMin:4.0]]
[2021.01.15-16.01.51:402][  0]LogConfig: Setting CVar [[r.SkyAtmosphere.SampleCountMax:32.0]]
[2021.01.15-16.01.51:402][  0]LogConfig: Setting CVar [[r.SkyAtmosphere.TransmittanceLUT.UseSmallFormat:0]]
[2021.01.15-16.01.51:402][  0]LogConfig: Setting CVar [[r.SkyAtmosphere.TransmittanceLUT.SampleCount:10.0]]
[2021.01.15-16.01.51:402][  0]LogConfig: Setting CVar [[r.SkyAtmosphere.MultiScatteringLUT.SampleCount:15.0]]
[2021.01.15-16.01.51:402][  0]LogConfig: Applying CVar settings from Section [FoliageQuality@3] File [D:/epicgame/Projects/cameraView/Saved/Config/Windows/Scalability.ini]
[2021.01.15-16.01.51:402][  0]LogConfig: Setting CVar [[foliage.DensityScale:1.0]]
[2021.01.15-16.01.51:402][  0]LogConfig: Setting CVar [[grass.DensityScale:1.0]]
[2021.01.15-16.01.51:402][  0]LogConfig: Applying CVar settings from Section [ShadingQuality@3] File [D:/epicgame/Projects/cameraView/Saved/Config/Windows/Scalability.ini]
[2021.01.15-16.01.51:402][  0]LogConfig: Setting CVar [[r.HairStrands.SkyLighting.SampleCount:16]]
[2021.01.15-16.01.51:402][  0]LogConfig: Setting CVar [[r.HairStrands.SkyLighting.JitterIntegration:0]]
[2021.01.15-16.01.51:402][  0]LogConfig: Setting CVar [[r.HairStrands.SkyAO.SampleCount:16]]
[2021.01.15-16.01.51:402][  0]LogConfig: Applying CVar settings from Section [Startup] File [../../../Engine/Config/ConsoleVariables.ini]
[2021.01.15-16.01.51:438][  0]LogConfig: Setting CVar [[net.UseAdaptiveNetUpdateFrequency:0]]
[2021.01.15-16.01.51:438][  0]LogConfig: Setting CVar [[p.chaos.AllowCreatePhysxBodies:1]]
[2021.01.15-16.01.51:438][  0]LogConfig: Applying CVar settings from Section [ConsoleVariables] File [D:/epicgame/Projects/cameraView/Saved/Config/Windows/Engine.ini]
[2021.01.15-16.01.51:439][  0]LogInit: Computer: DESKTOP-HEQL3FB
[2021.01.15-16.01.51:439][  0]LogInit: User: danie
[2021.01.15-16.01.51:439][  0]LogInit: CPU Page size=4096, Cores=6
[2021.01.15-16.01.51:439][  0]LogInit: High frequency timer resolution =10.000000 MHz
[2021.01.15-16.01.51:439][  0]LogMemory: Memory total: Physical=15.9GB (16GB approx)
[2021.01.15-16.01.51:439][  0]LogMemory: Platform Memory Stats for Windows
[2021.01.15-16.01.51:439][  0]LogMemory: Process Physical Memory: 108.40 MB used, 108.40 MB peak
[2021.01.15-16.01.51:439][  0]LogMemory: Process Virtual Memory: 101.71 MB used, 101.71 MB peak
[2021.01.15-16.01.51:439][  0]LogMemory: Physical Memory: 7566.67 MB used,  8676.83 MB free, 16243.50 MB total
[2021.01.15-16.01.51:439][  0]LogMemory: Virtual Memory: 5159.93 MB used,  134212568.00 MB free, 134217728.00 MB total
[2021.01.15-16.01.51:446][  0]LogWindows: WindowsPlatformFeatures enabled
[2021.01.15-16.01.52:342][  0]LogInit: Using OS detected language (en-US).
[2021.01.15-16.01.52:342][  0]LogInit: Using OS detected locale (en-US).
[2021.01.15-16.01.52:343][  0]LogTextLocalizationManager: No specific localization for 'en-US' exists, so the 'en' localization will be used.
[2021.01.15-16.01.53:431][  0]LogInit: Setting process to per monitor DPI aware
[2021.01.15-16.01.53:913][  0]LogSlate: New Slate User Created.  User Index 0, Is Virtual User: 0
[2021.01.15-16.01.53:913][  0]LogSlate: Slate User Registered.  User Index 0, Is Virtual User: 0
[2021.01.15-16.01.56:185][  0]LogHMD: Failed to initialize OpenVR with code 110
[2021.01.15-16.01.56:185][  0]LogD3D11RHI: D3D11 min allowed feature level: 11_0
[2021.01.15-16.01.56:185][  0]LogD3D11RHI: D3D11 max allowed feature level: 11_0
[2021.01.15-16.01.56:185][  0]LogD3D11RHI: D3D11 adapters:
[2021.01.15-16.01.57:266][  0]LogD3D11RHI:    0. 'NVIDIA GeForce GTX 1050 Ti' (Feature Level 11_0)
[2021.01.15-16.01.57:266][  0]LogD3D11RHI:       4018/0/8121 MB DedicatedVideo/DedicatedSystem/SharedSystem, Outputs:1, VendorId:0x10de
[2021.01.15-16.01.57:300][  0]LogD3D11RHI:    1. 'Intel(R) UHD Graphics 630' (Feature Level 11_0)
[2021.01.15-16.01.57:300][  0]LogD3D11RHI:       128/0/8121 MB DedicatedVideo/DedicatedSystem/SharedSystem, Outputs:0, VendorId:0x8086
[2021.01.15-16.01.57:304][  0]LogD3D11RHI:    2. 'Microsoft Basic Render Driver' (Feature Level 11_0)
[2021.01.15-16.01.57:305][  0]LogD3D11RHI:       0/0/8121 MB DedicatedVideo/DedicatedSystem/SharedSystem, Outputs:0, VendorId:0x1414
[2021.01.15-16.01.57:305][  0]LogD3D11RHI: Chosen D3D11 Adapter: 0
[2021.01.15-16.01.57:512][  0]LogD3D11RHI: Creating new Direct3DDevice
[2021.01.15-16.01.57:651][  0]LogD3D11RHI:     GPU DeviceId: 0x1c8c (for the marketing name, search the web for "GPU Device Id")
[2021.01.15-16.01.57:652][  0]LogWindows: EnumDisplayDevices:
[2021.01.15-16.01.57:652][  0]LogWindows:    0. 'Intel(R) UHD Graphics 630' (P:1 D:1)
[2021.01.15-16.01.57:653][  0]LogWindows:    1. 'Intel(R) UHD Graphics 630' (P:0 D:0)
[2021.01.15-16.01.57:654][  0]LogWindows:    2. 'Intel(R) UHD Graphics 630' (P:0 D:0)
[2021.01.15-16.01.57:656][  0]LogWindows:    3. 'NVIDIA GeForce GTX 1050 Ti' (P:0 D:0)
[2021.01.15-16.01.57:656][  0]LogWindows: DebugString: PrimaryIsNotTheChoosenAdapter PrimaryIsNotTheChoosenAdapter PrimaryIsNotTheChoosenAdapter 
[2021.01.15-16.01.57:656][  0]LogD3D11RHI:     Adapter Name: NVIDIA GeForce GTX 1050 Ti
[2021.01.15-16.01.57:656][  0]LogD3D11RHI:   Driver Version: 452.41 (internal:27.21.14.5241, unified:452.41)
[2021.01.15-16.01.57:656][  0]LogD3D11RHI:      Driver Date: 9-23-2020
[2021.01.15-16.01.57:656][  0]LogRHI: Texture pool is 2812 MB (70% of 4018 MB)
[2021.01.15-16.01.57:731][  0]LogD3D11RHI: RHI has support for 64 bit atomics
[2021.01.15-16.01.57:733][  0]LogD3D11RHI: Async texture creation enabled
[2021.01.15-16.01.59:875][  0]LogD3D11RHI: GPU Timing Frequency: 1000.000000 (Debug: 2 1)
[2021.01.15-16.02.04:224][  0]LogTargetPlatformManager: Display: Loaded TargetPlatform 'AllDesktop'
[2021.01.15-16.02.04:724][  0]LogTargetPlatformManager: Display: Loaded TargetPlatform 'Android'
[2021.01.15-16.02.04:724][  0]LogTargetPlatformManager: Display: Loaded TargetPlatform 'Android_ASTC'
[2021.01.15-16.02.04:724][  0]LogTargetPlatformManager: Display: Loaded TargetPlatform 'Android_ATC'
[2021.01.15-16.02.04:724][  0]LogTargetPlatformManager: Display: Loaded TargetPlatform 'Android_DXT'
[2021.01.15-16.02.04:724][  0]LogTargetPlatformManager: Display: Loaded TargetPlatform 'Android_ETC1'
[2021.01.15-16.02.04:724][  0]LogTargetPlatformManager: Display: Loaded TargetPlatform 'Android_ETC1a'
[2021.01.15-16.02.04:724][  0]LogTargetPlatformManager: Display: Loaded TargetPlatform 'Android_ETC2'
[2021.01.15-16.02.04:724][  0]LogTargetPlatformManager: Display: Loaded TargetPlatform 'Android_PVRTC'
[2021.01.15-16.02.04:724][  0]LogTargetPlatformManager: Display: Loaded TargetPlatform 'AndroidClient'
[2021.01.15-16.02.04:724][  0]LogTargetPlatformManager: Display: Loaded TargetPlatform 'Android_ASTCClient'
[2021.01.15-16.02.04:724][  0]LogTargetPlatformManager: Display: Loaded TargetPlatform 'Android_ATCClient'
[2021.01.15-16.02.04:724][  0]LogTargetPlatformManager: Display: Loaded TargetPlatform 'Android_DXTClient'
[2021.01.15-16.02.04:724][  0]LogTargetPlatformManager: Display: Loaded TargetPlatform 'Android_ETC1Client'
[2021.01.15-16.02.04:724][  0]LogTargetPlatformManager: Display: Loaded TargetPlatform 'Android_ETC1aClient'
[2021.01.15-16.02.04:724][  0]LogTargetPlatformManager: Display: Loaded TargetPlatform 'Android_ETC2Client'
[2021.01.15-16.02.04:724][  0]LogTargetPlatformManager: Display: Loaded TargetPlatform 'Android_PVRTCClient'
[2021.01.15-16.02.04:724][  0]LogTargetPlatformManager: Display: Loaded TargetPlatform 'Android_Multi'
[2021.01.15-16.02.04:724][  0]LogTargetPlatformManager: Display: Loaded TargetPlatform 'Android_MultiClient'
[2021.01.15-16.02.04:820][  0]LogTargetPlatformManager: Display: Loaded TargetPlatform 'IOSClient'
[2021.01.15-16.02.04:820][  0]LogTargetPlatformManager: Display: Loaded TargetPlatform 'IOS'
[2021.01.15-16.02.04:847][  0]LogTargetPlatformManager: Display: Loaded TargetPlatform 'LinuxNoEditor'
[2021.01.15-16.02.04:863][  0]LogTargetPlatformManager: Display: Loaded TargetPlatform 'LinuxClient'
[2021.01.15-16.02.04:874][  0]LogTargetPlatformManager: Display: Loaded TargetPlatform 'LinuxServer'
[2021.01.15-16.02.04:927][  0]LogTargetPlatformManager: Display: Loaded TargetPlatform 'LinuxAArch64NoEditor'
[2021.01.15-16.02.04:942][  0]LogTargetPlatformManager: Display: Loaded TargetPlatform 'LinuxAArch64Client'
[2021.01.15-16.02.04:953][  0]LogTargetPlatformManager: Display: Loaded TargetPlatform 'LinuxAArch64Server'
[2021.01.15-16.02.04:999][  0]LogTargetPlatformManager: Display: Loaded TargetPlatform 'Lumin'
[2021.01.15-16.02.04:999][  0]LogTargetPlatformManager: Display: Loaded TargetPlatform 'LuminClient'
[2021.01.15-16.02.05:027][  0]LogTargetPlatformManager: Display: Loaded TargetPlatform 'TVOSClient'
[2021.01.15-16.02.05:028][  0]LogTargetPlatformManager: Display: Loaded TargetPlatform 'TVOS'
[2021.01.15-16.02.05:050][  0]LogTargetPlatformManager: Display: Loaded TargetPlatform 'WindowsNoEditor'
[2021.01.15-16.02.05:071][  0]LogTargetPlatformManager: Display: Loaded TargetPlatform 'Windows'
[2021.01.15-16.02.05:092][  0]LogTargetPlatformManager: Display: Loaded TargetPlatform 'WindowsClient'
[2021.01.15-16.02.05:107][  0]LogTargetPlatformManager: Display: Loaded TargetPlatform 'WindowsServer'
[2021.01.15-16.02.05:107][  0]LogTargetPlatformManager: Display: Building Assets For Windows
[2021.01.15-16.02.05:200][  0]LogAudioDebug: Display: Lib vorbis DLL was dynamically loaded.
[2021.01.15-16.02.05:764][  0]LogShaderCompilers: Guid format shader working directory is 12 characters bigger than the processId version (../../../../../Projects/cameraView/Intermediate/Shaders/WorkingDirectory/5788/).
[2021.01.15-16.02.05:764][  0]LogShaderCompilers: Cleaned the shader compiler working directory 'C:/Users/danie/AppData/Local/Temp/UnrealShaderWorkingDir/B64BA36443A1A50D130E7EA882BB5F73/'.
[2021.01.15-16.02.05:783][  0]LogXGEController: Cleaning working directory: C:/Users/danie/AppData/Local/Temp/UnrealXGEWorkingDir/
[2021.01.15-16.02.05:783][  0]LogXGEController: Cannot use XGE Controller as Incredibuild is not installed on this machine.
[2021.01.15-16.02.05:784][  0]LogShaderCompilers: Cannot use XGE Shader Compiler as Incredibuild is not installed on this machine.
[2021.01.15-16.02.05:784][  0]LogShaderCompilers: Display: Using Local Shader Compiler.
[2021.01.15-16.02.07:590][  0]LogDerivedDataCache: Display: Max Cache Size: 512 MB
[2021.01.15-16.02.07:706][  0]LogDerivedDataCache: Loaded boot cache 0.12s 78MB C:/Users/danie/AppData/Local/UnrealEngine/4.24/DerivedDataCache/Boot.ddc.
[2021.01.15-16.02.07:707][  0]LogDerivedDataCache: Display: Loaded Boot cache: C:/Users/danie/AppData/Local/UnrealEngine/4.24/DerivedDataCache/Boot.ddc
[2021.01.15-16.02.07:707][  0]LogDerivedDataCache: FDerivedDataBackendGraph:  Pak pak cache file ../../../../../Projects/cameraView/DerivedDataCache/DDC.ddp not found, will not use a pak cache.
[2021.01.15-16.02.07:707][  0]LogDerivedDataCache: Unable to find inner node Pak for hierarchical cache Hierarchy.
[2021.01.15-16.02.07:707][  0]LogDerivedDataCache: FDerivedDataBackendGraph:  CompressedPak pak cache file ../../../../../Projects/cameraView/DerivedDataCache/Compressed.ddp not found, will not use a pak cache.
[2021.01.15-16.02.07:707][  0]LogDerivedDataCache: Unable to find inner node CompressedPak for hierarchical cache Hierarchy.
[2021.01.15-16.02.07:756][  0]LogDerivedDataCache: Display: Pak cache opened for reading ../../../Engine/DerivedDataCache/Compressed.ddp.
[2021.01.15-16.02.07:756][  0]LogDerivedDataCache: FDerivedDataBackendGraph:  EnterprisePak pak cache file ../../../Enterprise/DerivedDataCache/Compressed.ddp not found, will not use a pak cache.
[2021.01.15-16.02.07:756][  0]LogDerivedDataCache: Unable to find inner node EnterprisePak for hierarchical cache Hierarchy.
[2021.01.15-16.02.07:757][  0]LogDerivedDataCache: Using Local data cache path C:/Users/danie/AppData/Local/UnrealEngine/Common/DerivedDataCache: Writable
[2021.01.15-16.02.07:757][  0]LogDerivedDataCache: Shared data cache path not found in *engine.ini, will not use an Shared cache.
[2021.01.15-16.02.07:757][  0]LogDerivedDataCache: Unable to find inner node Shared for hierarchical cache Hierarchy.
[2021.01.15-16.02.07:814][  0]LogMaterial: Verifying Global Shaders for PCD3D_SM5
[2021.01.15-16.02.07:881][  0]LogSlate: Using FreeType 2.10.0
[2021.01.15-16.02.07:939][  0]LogSlate: SlateFontServices - WITH_FREETYPE: 1, WITH_HARFBUZZ: 1
[2021.01.15-16.02.09:215][  0]LogAssetRegistry: FAssetRegistry took 0.0086 seconds to start up
[2021.01.15-16.02.12:714][  0]LogInit: Selected Device Profile: [Windows]
[2021.01.15-16.02.13:972][  0]LogMeshReduction: Using QuadricMeshReduction for automatic static mesh reduction
[2021.01.15-16.02.13:972][  0]LogMeshReduction: Using SimplygonMeshReduction for automatic skeletal mesh reduction
[2021.01.15-16.02.13:972][  0]LogMeshReduction: Using ProxyLODMeshReduction for automatic mesh merging
[2021.01.15-16.02.13:972][  0]LogMeshReduction: No distributed automatic mesh merging module available
[2021.01.15-16.02.13:972][  0]LogMeshMerging: No distributed automatic mesh merging module available
[2021.01.15-16.02.14:291][  0]LogNetVersion: cameraView 1.0.0, NetCL: 10570792, EngineNetVer: 13, GameNetVer: 0 (Checksum: 4198451379)
[2021.01.15-16.02.39:083][  0]LogPackageLocalizationCache: Processed 10 localized package path(s) for 1 prioritized culture(s) in 0.089460 seconds
[2021.01.15-16.02.39:107][  0]LogUObjectArray: 46750 objects as part of root set at end of initial load.
[2021.01.15-16.02.39:107][  0]LogUObjectAllocator: 8137160 out of 0 bytes used by permanent object pool.
[2021.01.15-16.02.39:107][  0]LogUObjectArray: CloseDisregardForGC: 0/0 objects in disregard for GC pool
[2021.01.15-16.02.44:465][  0]LogTcpMessaging: Initializing TcpMessaging bridge
[2021.01.15-16.02.44:505][  0]LogUdpMessaging: Initializing bridge on interface 0.0.0.0:0 to multicast group 230.0.0.1:6666.
[2021.01.15-16.02.45:088][  0]SourceControl: Source control is disabled
[2021.01.15-16.02.45:089][  0]SourceControl: Source control is disabled
[2021.01.15-16.02.45:193][  0]SourceControl: Source control is disabled
[2021.01.15-16.02.45:239][  0]SourceControl: Source control is disabled
[2021.01.15-16.02.45:275][  0]SourceControl: Source control is disabled
[2021.01.15-16.02.46:427][  0]LogAndroidPermission: UAndroidPermissionCallbackProxy::GetInstance
[2021.01.15-16.02.46:529][  0]LogAudioCaptureCore: Display: No Audio Capture implementations found. Audio input will be silent.
[2021.01.15-16.02.46:529][  0]LogAudioCaptureCore: Display: No Audio Capture implementations found. Audio input will be silent.
[2021.01.15-16.02.46:969][  0]LogOcInput: OculusInput pre-init called
[2021.01.15-16.02.47:134][  0]LogWindows: Failed to load 'OVRPlugin.dll' (GetLastError=126)
[2021.01.15-16.02.47:134][  0]LogWindows: File 'OVRPlugin.dll' does not exist
[2021.01.15-16.02.48:023][  0]LogEngine: Initializing Engine...
[2021.01.15-16.02.48:039][  0]LogHMD: Failed to initialize OpenVR with code 110
[2021.01.15-16.02.48:078][  0]LogStats: UGameplayTagsManager::InitializeManager -  0.022 s
[2021.01.15-16.02.49:207][  0]LogInit: Initializing FReadOnlyCVARCache
[2021.01.15-16.02.49:661][  0]LogAIModule: Creating AISystem for world Untitled
[2021.01.15-16.02.49:746][  0]LogAudioMixer: Display: Audio Mixer Platform Settings:
[2021.01.15-16.02.49:746][  0]LogAudioMixer: Display: 	Sample Rate:						  48000
[2021.01.15-16.02.49:746][  0]LogAudioMixer: Display: 	Callback Buffer Frame Size Requested: 1024
[2021.01.15-16.02.49:746][  0]LogAudioMixer: Display: 	Callback Buffer Frame Size To Use:	  1024
[2021.01.15-16.02.49:746][  0]LogAudioMixer: Display: 	Number of buffers to queue:			  2
[2021.01.15-16.02.49:746][  0]LogAudioMixer: Display: 	Max Channels (voices):				  32
[2021.01.15-16.02.49:746][  0]LogAudioMixer: Display: 	Number of Async Source Workers:		  0
[2021.01.15-16.02.49:746][  0]LogAudio: Display: AudioDevice MaxSources: 32
[2021.01.15-16.02.49:755][  0]LogAudio: Display: Using built-in audio occlusion.
[2021.01.15-16.02.49:755][  0]LogAudioMixer: Display: Initializing audio mixer.
[2021.01.15-16.02.49:775][  0]LogAudioMixer: Display: Audio Device Output Speaker Info:
[2021.01.15-16.02.49:775][  0]LogAudioMixer: Display: Name: Speakers/Headphones (Realtek(R) Audio)
[2021.01.15-16.02.49:775][  0]LogAudioMixer: Display: Is Default: Yes
[2021.01.15-16.02.49:775][  0]LogAudioMixer: Display: Sample Rate: 48000
[2021.01.15-16.02.49:775][  0]LogAudioMixer: Display: Channel Count Used: 2
[2021.01.15-16.02.49:775][  0]LogAudioMixer: Display: Device Channel Count: 2
[2021.01.15-16.02.49:775][  0]LogAudioMixer: Display: Channel Order:
[2021.01.15-16.02.49:775][  0]LogAudioMixer: Display: 0: FrontLeft
[2021.01.15-16.02.49:775][  0]LogAudioMixer: Display: 1: FrontRight
[2021.01.15-16.02.49:928][  0]LogAudioMixer: Display: Using Audio Device Speakers/Headphones (Realtek(R) Audio)
[2021.01.15-16.02.49:956][  0]LogInit: FAudioDevice initialized.
[2021.01.15-16.02.49:956][  0]LogNetVersion: Set ProjectVersion to 1.0.0.0. Version Checksum will be recalculated on next use.
[2021.01.15-16.02.50:357][  0]LogDerivedDataCache: Saved boot cache 0.40s 78MB C:/Users/danie/AppData/Local/UnrealEngine/4.24/DerivedDataCache/Boot.ddc.
[2021.01.15-16.02.50:364][  0]LogInit: Texture streaming: Enabled
[2021.01.15-16.02.50:999][  0]LogEngineSessionManager: EngineSessionManager initialized
[2021.01.15-16.02.50:999][  0]LogEditorSessionSummary: Verbose: Initializing EditorSessionSummaryWriter for editor session tracking
[2021.01.15-16.02.51:001][  0]LogEditorSessionSummary: EditorSessionSummaryWriter initialized
[2021.01.15-16.02.51:292][  0]LogInit: Transaction tracking system initialized
[2021.01.15-16.02.51:724][  0]BlueprintLog: New page: Editor Load
[2021.01.15-16.02.52:783][  0]LocalizationService: Localization service is disabled
[2021.01.15-16.02.54:642][  0]LogFileCache: Scanning file cache for directory 'D:/epicgame/Projects/cameraView/Content/' took 0.00s
[2021.01.15-16.02.54:642][  0]LogCook: Display: Max memory allowance for cook 16384mb min free memory 0mb
[2021.01.15-16.02.54:642][  0]LogCook: Display: Mobile HDR setting 0
[2021.01.15-16.02.58:487][  0]SourceControl: Source control is disabled
[2021.01.15-16.02.58:493][  0]Cmd: MAP LOAD FILE="../../../Engine/Content/Maps/Templates/Template_Default.umap" TEMPLATE=1 SHOWPROGRESS=1 FEATURELEVEL=3
[2021.01.15-16.02.58:601][  0]LightingResults: New page: Lighting Build
[2021.01.15-16.02.58:706][  0]LogWorld: UWorld::CleanupWorld for Untitled, bSessionEnded=true, bCleanupResources=true
[2021.01.15-16.02.58:717][  0]LogSlate: InvalidateAllWidgets triggered.  All widgets were invalidated
[2021.01.15-16.02.58:727][  0]MapCheck: New page: Map Check
[2021.01.15-16.02.58:727][  0]LightingResults: New page: Lighting Build
[2021.01.15-16.02.58:926][  0]LogUObjectHash: Compacting FUObjectHashTables data took   1.51ms
[2021.01.15-16.02.59:755][  0]LogAIModule: Creating AISystem for world Untitled_1
[2021.01.15-16.03.00:037][  0]LogEditorServer: Finished looking for orphan Actors (0.000 secs)
[2021.01.15-16.03.00:097][  0]LogUObjectHash: Compacting FUObjectHashTables data took   2.03ms
[2021.01.15-16.03.00:097][  0]Cmd: MAP CHECKDEP NOCLEARLOG
[2021.01.15-16.03.00:122][  0]MapCheck: Map check complete: 0 Error(s), 0 Warning(s), took 13.476ms to complete.
[2021.01.15-16.03.00:122][  0]LogFileHelpers: Loading map 'Template_Default' took 1.630
[2021.01.15-16.03.01:226][  0]LogSlate: Updating window title bar state: overlay mode, drag disabled, window buttons hidden, title bar hidden
[2021.01.15-16.03.01:286][  0]LogSlate: Updating window title bar state: overlay mode, drag disabled, window buttons hidden, title bar hidden
[2021.01.15-16.03.01:292][  0]LogSlate: Updating window title bar state: overlay mode, drag disabled, window buttons hidden, title bar hidden
[2021.01.15-16.03.01:299][  0]LogSlate: Updating window title bar state: overlay mode, drag disabled, window buttons hidden, title bar hidden
[2021.01.15-16.03.01:438][  0]LogCollectionManager: Loaded 0 collections in 0.001215 seconds
[2021.01.15-16.03.01:572][  0]LogFileCache: Scanning file cache for directory 'D:/epicgame/Projects/cameraView/Saved/Collections/' took 0.00s
[2021.01.15-16.03.01:572][  0]LogFileCache: Scanning file cache for directory 'D:/epicgame/Projects/cameraView/Content/Developers/danie/Collections/' took 0.00s
[2021.01.15-16.03.01:572][  0]LogFileCache: Scanning file cache for directory 'D:/epicgame/Projects/cameraView/Content/Collections/' took 0.00s
[2021.01.15-16.03.01:572][  0]LogContentBrowser: Native class hierarchy populated in 0.0084 seconds. Added 3015 classes and 717 folders.
[2021.01.15-16.03.01:626][  0]LogContentBrowser: Native class hierarchy updated for 'WidgetCarousel' in 0.0002 seconds. Added 0 classes and 0 folders.
[2021.01.15-16.03.02:165][  0]LogContentBrowser: Native class hierarchy updated for 'AddContentDialog' in 0.0003 seconds. Added 0 classes and 0 folders.
[2021.01.15-16.03.02:266][  0]LogContentBrowser: Native class hierarchy updated for 'SceneOutliner' in 0.0003 seconds. Added 2 classes and 3 folders.
[2021.01.15-16.03.02:836][  0]LogSlate: Took 0.011904 seconds to synchronously load lazily loaded font '../../../Engine/Content/Slate/Fonts/Roboto-Regular.ttf' (155K)
[2021.01.15-16.03.02:862][  0]LogSlate: Took 0.014913 seconds to synchronously load lazily loaded font '../../../Engine/Content/Slate/Fonts/Roboto-Bold.ttf' (160K)
[2021.01.15-16.03.02:896][  0]LogSlate: Took 0.006602 seconds to synchronously load lazily loaded font '../../../Engine/Content/Editor/Slate/Fonts/FontAwesome.ttf' (139K)
[2021.01.15-16.03.03:254][  0]LogRenderer: Reallocating scene render targets to support 860x432 Format 10 NumSamples 1 (Frame:1).
[2021.01.15-16.03.03:580][  0]LogContentBrowser: Native class hierarchy updated for 'HierarchicalLODOutliner' in 0.0007 seconds. Added 0 classes and 0 folders.
[2021.01.15-16.03.03:580][  0]LogLoad: (Engine Initialization) Total time: 88.22 seconds
[2021.01.15-16.03.03:580][  0]LogLoad: (Engine Initialization) Total Blueprint compile time: 0.00 seconds
[2021.01.15-16.03.03:783][  0]LogContentStreaming: Texture pool size now 1000 MB
[2021.01.15-16.03.03:887][  0]LogSlate: Took 0.006892 seconds to synchronously load lazily loaded font '../../../Engine/Content/Slate/Fonts/Roboto-Light.ttf' (167K)
[2021.01.15-16.03.05:051][ 16]LogAssetRegistry: Asset discovery search completed in 55.8369 seconds
[2021.01.15-16.03.05:054][ 16]LogCollectionManager: Fixed up redirectors for 0 collections in 0.000008 seconds (updated 0 objects)
[2021.01.15-16.03.16:300][599]LogSlate: Took 0.000189 seconds to synchronously load lazily loaded font '../../../Engine/Content/Slate/Fonts/Roboto-Light.ttf' (167K)
[2021.01.15-16.03.17:284][599]LogAIModule: Creating AISystem for world level1
[2021.01.15-16.03.17:305][599]LogAssetEditorSubsystem: Opening Asset editor for World /Game/Levels/level1.level1
[2021.01.15-16.03.17:342][599]LogUObjectHash: Compacting FUObjectHashTables data took   1.82ms
[2021.01.15-16.03.17:387][599]Cmd: MAP LOAD FILE="../../../../../Projects/cameraView/Content/Levels/level1.umap" TEMPLATE=0 SHOWPROGRESS=1 FEATURELEVEL=3
[2021.01.15-16.03.17:387][599]LightingResults: New page: Lighting Build
[2021.01.15-16.03.17:388][599]LoadErrors: New page: Loading map: level1.umap
[2021.01.15-16.03.17:400][599]LogWorld: UWorld::CleanupWorld for Untitled_1, bSessionEnded=true, bCleanupResources=true
[2021.01.15-16.03.17:400][599]LogSlate: InvalidateAllWidgets triggered.  All widgets were invalidated
[2021.01.15-16.03.17:400][599]MapCheck: New page: Map Check
[2021.01.15-16.03.17:400][599]LightingResults: New page: Lighting Build
[2021.01.15-16.03.17:748][599]LogUObjectHash: Compacting FUObjectHashTables data took   2.66ms
[2021.01.15-16.03.17:778][599]LogEditorServer: Finished looking for orphan Actors (0.000 secs)
[2021.01.15-16.03.17:808][599]LogUObjectHash: Compacting FUObjectHashTables data took   1.53ms
[2021.01.15-16.03.17:833][599]Cmd: MAP CHECKDEP NOCLEARLOG
[2021.01.15-16.03.17:833][599]MapCheck: Map check complete: 0 Error(s), 0 Warning(s), took 0.073ms to complete.
[2021.01.15-16.03.17:833][599]LogFileHelpers: Loading map 'level1' took 0.480
[2021.01.15-16.03.22:116][756]LogEditorViewport: Clicking on Actor (LMB): StaticMeshActor (movieScreen)
[2021.01.15-16.03.24:532][846]LogEditorViewport: Clicking on Actor (LMB): StaticMeshActor (flooor)
[2021.01.15-16.03.25:620][909]LogTemp: Repeating last play command: Selected Viewport
[2021.01.15-16.03.25:837][909]LogBlueprintUserMessages: Early PlayInEditor Detection: Level '/Game/Levels/level1.level1:PersistentLevel' has LevelScriptBlueprint '/Game/Levels/level1.level1:PersistentLevel.level1' with GeneratedClass '/Game/Levels/level1.level1_C' with ClassGeneratedBy '/Game/Levels/level1.level1:PersistentLevel.level1'
[2021.01.15-16.03.25:837][909]LogPlayLevel: PlayLevel: No blueprints needed recompiling
[2021.01.15-16.03.27:129][909]PIE: New page: PIE session: level1 (Jan 15, 2021, 6:03:25 AM)
[2021.01.15-16.03.27:186][909]LogOnline: OSS: Creating online subsystem instance for: NULL
[2021.01.15-16.03.27:196][909]LogOnline: OSS: TryLoadSubsystemAndSetDefault: Loaded subsystem for module [NULL]
[2021.01.15-16.03.27:196][909]LogPlayLevel: Creating play world package: /Game/Levels/UEDPIE_0_level1
[2021.01.15-16.03.27:210][909]LogPlayLevel: PIE: StaticDuplicateObject took: (0.012205s)
[2021.01.15-16.03.27:210][909]LogAIModule: Creating AISystem for world level1
[2021.01.15-16.03.27:211][909]LogPlayLevel: PIE: World Init took: (0.000820s)
[2021.01.15-16.03.27:211][909]LogPlayLevel: PIE: Created PIE world by copying editor world from /Game/Levels/level1.level1 to /Game/Levels/UEDPIE_0_level1.level1 (0.014229s)
[2021.01.15-16.03.27:236][909]LogUObjectHash: Compacting FUObjectHashTables data took   1.18ms
[2021.01.15-16.03.27:237][909]LogAudioMixer: Display: Audio Mixer Platform Settings:
[2021.01.15-16.03.27:237][909]LogAudioMixer: Display: 	Sample Rate:						  48000
[2021.01.15-16.03.27:237][909]LogAudioMixer: Display: 	Callback Buffer Frame Size Requested: 1024
[2021.01.15-16.03.27:237][909]LogAudioMixer: Display: 	Callback Buffer Frame Size To Use:	  1024
[2021.01.15-16.03.27:237][909]LogAudioMixer: Display: 	Number of buffers to queue:			  2
[2021.01.15-16.03.27:237][909]LogAudioMixer: Display: 	Max Channels (voices):				  32
[2021.01.15-16.03.27:237][909]LogAudioMixer: Display: 	Number of Async Source Workers:		  0
[2021.01.15-16.03.27:237][909]LogAudio: Display: AudioDevice MaxSources: 32
[2021.01.15-16.03.27:238][909]LogAudio: Display: Using built-in audio occlusion.
[2021.01.15-16.03.27:238][909]LogAudioMixer: Display: Initializing audio mixer.
[2021.01.15-16.03.27:242][909]LogAudioMixer: Display: Audio Device Output Speaker Info:
[2021.01.15-16.03.27:242][909]LogAudioMixer: Display: Name: Speakers/Headphones (Realtek(R) Audio)
[2021.01.15-16.03.27:242][909]LogAudioMixer: Display: Is Default: Yes
[2021.01.15-16.03.27:242][909]LogAudioMixer: Display: Sample Rate: 48000
[2021.01.15-16.03.27:242][909]LogAudioMixer: Display: Channel Count Used: 2
[2021.01.15-16.03.27:242][909]LogAudioMixer: Display: Device Channel Count: 2
[2021.01.15-16.03.27:242][909]LogAudioMixer: Display: Channel Order:
[2021.01.15-16.03.27:242][909]LogAudioMixer: Display: 0: FrontLeft
[2021.01.15-16.03.27:242][909]LogAudioMixer: Display: 1: FrontRight
[2021.01.15-16.03.28:461][909]LogAudioMixer: Display: Using Audio Device Speakers/Headphones (Realtek(R) Audio)
[2021.01.15-16.03.28:464][909]LogInit: FAudioDevice initialized.
[2021.01.15-16.03.28:629][909]LogLoad: Game class is 'GameModeBase'
[2021.01.15-16.03.28:685][909]LogWorld: Bringing World /Game/Levels/UEDPIE_0_level1.level1 up for play (max tick rate 60) at 2021.01.15-11.03.28
[2021.01.15-16.03.28:703][909]LogWorld: Bringing up level for play took: 0.018839
[2021.01.15-16.03.28:704][909]LogOnline: OSS: Creating online subsystem instance for: :Context_3
[2021.01.15-16.03.28:919][909]LogContentBrowser: Native class hierarchy updated for 'MovieSceneCapture' in 0.0003 seconds. Added 20 classes and 0 folders.
[2021.01.15-16.03.29:040][909]PIE: Play in editor start time for /Game/Levels/UEDPIE_0_level1 3.593
[2021.01.15-16.03.29:040][909]LogBlueprintUserMessages: Late PlayInEditor Detection: Level '/Game/Levels/level1.level1:PersistentLevel' has LevelScriptBlueprint '/Game/Levels/level1.level1:PersistentLevel.level1' with GeneratedClass '/Game/Levels/level1.level1_C' with ClassGeneratedBy '/Game/Levels/level1.level1:PersistentLevel.level1'
[2021.01.15-16.03.50:820][212]LogAudioMixer: Display: No commands were queued while flushing the source manager.
[2021.01.15-16.03.50:820][212]LogAudioMixer: Display: No commands were queued while flushing the source manager.
[2021.01.15-16.03.50:820][212]LogBlueprintUserMessages: Early EndPlayMap Detection: Level '/Game/Levels/level1.level1:PersistentLevel' has LevelScriptBlueprint '/Game/Levels/level1.level1:PersistentLevel.level1' with GeneratedClass '/Game/Levels/level1.level1_C' with ClassGeneratedBy '/Game/Levels/level1.level1:PersistentLevel.level1'
[2021.01.15-16.03.51:081][212]LogSlate: Updating window title bar state: overlay mode, drag disabled, window buttons hidden, title bar hidden
[2021.01.15-16.03.51:081][212]LogWorld: BeginTearingDown for /Game/Levels/UEDPIE_0_level1
[2021.01.15-16.03.51:081][212]LogAudioMixer: Display: No commands were queued while flushing the source manager.
[2021.01.15-16.03.51:142][212]LogWorld: UWorld::CleanupWorld for level1, bSessionEnded=true, bCleanupResources=true
[2021.01.15-16.03.51:142][212]LogSlate: InvalidateAllWidgets triggered.  All widgets were invalidated
[2021.01.15-16.03.51:147][212]LogPlayLevel: Display: Shutting down PIE online subsystems
[2021.01.15-16.03.51:147][212]LogBlueprintUserMessages: Late EndPlayMap Detection: Level '/Game/Levels/level1.level1:PersistentLevel' has LevelScriptBlueprint '/Game/Levels/level1.level1:PersistentLevel.level1' with GeneratedClass '/Game/Levels/level1.level1_C' with ClassGeneratedBy '/Game/Levels/level1.level1:PersistentLevel.level1'
[2021.01.15-16.03.51:150][212]LogSlate: InvalidateAllWidgets triggered.  All widgets were invalidated
[2021.01.15-16.03.51:180][212]LogAudioMixer: Display: No commands were queued while flushing the source manager.
[2021.01.15-16.03.51:185][212]LogSlate: Updating window title bar state: overlay mode, drag disabled, window buttons hidden, title bar hidden
[2021.01.15-16.03.51:209][212]LogUObjectHash: Compacting FUObjectHashTables data took   1.45ms
[2021.01.15-16.03.51:224][213]LogPlayLevel: Display: Destroying online subsystem :Context_3
[2021.01.15-16.24.20:496][357]LogEditorViewport: Clicking on Actor (LMB): StaticMeshActor (movieScreen)
[2021.01.15-16.24.21:185][395]LogTemp: Repeating last play command: Selected Viewport
[2021.01.15-16.24.21:203][395]LogBlueprintUserMessages: Early PlayInEditor Detection: Level '/Game/Levels/level1.level1:PersistentLevel' has LevelScriptBlueprint '/Game/Levels/level1.level1:PersistentLevel.level1' with GeneratedClass '/Game/Levels/level1.level1_C' with ClassGeneratedBy '/Game/Levels/level1.level1:PersistentLevel.level1'
[2021.01.15-16.24.21:203][395]LogPlayLevel: PlayLevel: No blueprints needed recompiling
[2021.01.15-16.24.21:204][395]PIE: New page: PIE session: level1 (Jan 15, 2021, 6:24:21 AM)
[2021.01.15-16.24.21:204][395]LogPlayLevel: Creating play world package: /Game/Levels/UEDPIE_0_level1
[2021.01.15-16.24.21:207][395]LogPlayLevel: PIE: StaticDuplicateObject took: (0.003585s)
[2021.01.15-16.24.21:209][395]LogAIModule: Creating AISystem for world level1
[2021.01.15-16.24.21:209][395]LogPlayLevel: PIE: World Init took: (0.001723s)
[2021.01.15-16.24.21:209][395]LogPlayLevel: PIE: Created PIE world by copying editor world from /Game/Levels/level1.level1 to /Game/Levels/UEDPIE_0_level1.level1 (0.005463s)
[2021.01.15-16.24.21:240][395]LogUObjectHash: Compacting FUObjectHashTables data took   1.57ms
[2021.01.15-16.24.21:241][395]LogAudioMixer: Display: Audio Mixer Platform Settings:
[2021.01.15-16.24.21:241][395]LogAudioMixer: Display: 	Sample Rate:						  48000
[2021.01.15-16.24.21:241][395]LogAudioMixer: Display: 	Callback Buffer Frame Size Requested: 1024
[2021.01.15-16.24.21:241][395]LogAudioMixer: Display: 	Callback Buffer Frame Size To Use:	  1024
[2021.01.15-16.24.21:241][395]LogAudioMixer: Display: 	Number of buffers to queue:			  2
[2021.01.15-16.24.21:241][395]LogAudioMixer: Display: 	Max Channels (voices):				  32
[2021.01.15-16.24.21:241][395]LogAudioMixer: Display: 	Number of Async Source Workers:		  0
[2021.01.15-16.24.21:241][395]LogAudio: Display: AudioDevice MaxSources: 32
[2021.01.15-16.24.21:242][395]LogAudio: Display: Using built-in audio occlusion.
[2021.01.15-16.24.21:242][395]LogAudioMixer: Display: Initializing audio mixer.
[2021.01.15-16.24.21:247][395]LogAudioMixer: Display: Audio Device Output Speaker Info:
[2021.01.15-16.24.21:247][395]LogAudioMixer: Display: Name: Speakers/Headphones (Realtek(R) Audio)
[2021.01.15-16.24.21:247][395]LogAudioMixer: Display: Is Default: Yes
[2021.01.15-16.24.21:247][395]LogAudioMixer: Display: Sample Rate: 48000
[2021.01.15-16.24.21:247][395]LogAudioMixer: Display: Channel Count Used: 2
[2021.01.15-16.24.21:247][395]LogAudioMixer: Display: Device Channel Count: 2
[2021.01.15-16.24.21:247][395]LogAudioMixer: Display: Channel Order:
[2021.01.15-16.24.21:247][395]LogAudioMixer: Display: 0: FrontLeft
[2021.01.15-16.24.21:247][395]LogAudioMixer: Display: 1: FrontRight
[2021.01.15-16.24.21:337][395]LogAudioMixer: Display: Using Audio Device Speakers/Headphones (Realtek(R) Audio)
[2021.01.15-16.24.21:339][395]LogInit: FAudioDevice initialized.
[2021.01.15-16.24.21:354][395]LogLoad: Game class is 'GameModeBase'
[2021.01.15-16.24.21:355][395]LogWorld: Bringing World /Game/Levels/UEDPIE_0_level1.level1 up for play (max tick rate 60) at 2021.01.15-11.24.21
[2021.01.15-16.24.21:356][395]LogWorld: Bringing up level for play took: 0.000590
[2021.01.15-16.24.21:356][395]LogOnline: OSS: Creating online subsystem instance for: :Context_4
[2021.01.15-16.24.21:359][395]PIE: Play in editor start time for /Game/Levels/UEDPIE_0_level1 -0.088
[2021.01.15-16.24.21:359][395]LogBlueprintUserMessages: Late PlayInEditor Detection: Level '/Game/Levels/level1.level1:PersistentLevel' has LevelScriptBlueprint '/Game/Levels/level1.level1:PersistentLevel.level1' with GeneratedClass '/Game/Levels/level1.level1_C' with ClassGeneratedBy '/Game/Levels/level1.level1:PersistentLevel.level1'
[2021.01.15-16.24.48:111][986]LogAudioMixer: Display: No commands were queued while flushing the source manager.
[2021.01.15-16.24.48:111][986]LogAudioMixer: Display: No commands were queued while flushing the source manager.
[2021.01.15-16.24.48:111][986]LogBlueprintUserMessages: Early EndPlayMap Detection: Level '/Game/Levels/level1.level1:PersistentLevel' has LevelScriptBlueprint '/Game/Levels/level1.level1:PersistentLevel.level1' with GeneratedClass '/Game/Levels/level1.level1_C' with ClassGeneratedBy '/Game/Levels/level1.level1:PersistentLevel.level1'
[2021.01.15-16.24.48:361][986]LogSlate: Updating window title bar state: overlay mode, drag disabled, window buttons hidden, title bar hidden
[2021.01.15-16.24.48:361][986]LogWorld: BeginTearingDown for /Game/Levels/UEDPIE_0_level1
[2021.01.15-16.24.48:362][986]LogAudioMixer: Display: No commands were queued while flushing the source manager.
[2021.01.15-16.24.48:362][986]LogWorld: UWorld::CleanupWorld for level1, bSessionEnded=true, bCleanupResources=true
[2021.01.15-16.24.48:362][986]LogSlate: InvalidateAllWidgets triggered.  All widgets were invalidated
[2021.01.15-16.24.48:372][986]LogPlayLevel: Display: Shutting down PIE online subsystems
[2021.01.15-16.24.48:372][986]LogBlueprintUserMessages: Late EndPlayMap Detection: Level '/Game/Levels/level1.level1:PersistentLevel' has LevelScriptBlueprint '/Game/Levels/level1.level1:PersistentLevel.level1' with GeneratedClass '/Game/Levels/level1.level1_C' with ClassGeneratedBy '/Game/Levels/level1.level1:PersistentLevel.level1'
[2021.01.15-16.24.48:375][986]LogSlate: InvalidateAllWidgets triggered.  All widgets were invalidated
[2021.01.15-16.24.48:402][986]LogAudioMixer: Display: No commands were queued while flushing the source manager.
[2021.01.15-16.24.48:406][986]LogSlate: Updating window title bar state: overlay mode, drag disabled, window buttons hidden, title bar hidden
[2021.01.15-16.24.48:408][986]LogUObjectHash: Compacting FUObjectHashTables data took   1.21ms
[2021.01.15-16.24.48:421][987]LogPlayLevel: Display: Destroying online subsystem :Context_4
